[0.014s] Invoking command in '/home/dung/Manipulator_amr_90_dergee/build/open_manipulator_x_gui': CMAKE_PREFIX_PATH=${CMAKE_PREFIX_PATH}:/opt/ros/humble /usr/bin/cmake /home/dung/Manipulator_amr_90_dergee/src/open_manipulator/open_manipulator_x_gui -DAMENT_CMAKE_SYMLINK_INSTALL=1 -DCMAKE_INSTALL_PREFIX=/home/dung/Manipulator_amr_90_dergee/install/open_manipulator_x_gui
[0.080s] -- The C compiler identification is GNU 11.4.0
[0.135s] -- The CXX compiler identification is GNU 11.4.0
[0.142s] -- Detecting C compiler ABI info
[0.200s] -- Detecting C compiler ABI info - done
[0.204s] -- Check for working C compiler: /usr/bin/cc - skipped
[0.204s] -- Detecting C compile features
[0.205s] -- Detecting C compile features - done
[0.206s] -- Detecting CXX compiler ABI info
[0.270s] -- Detecting CXX compiler ABI info - done
[0.274s] -- Check for working CXX compiler: /usr/bin/c++ - skipped
[0.274s] -- Detecting CXX compile features
[0.274s] -- Detecting CXX compile features - done
[0.278s] -- Found ament_cmake: 1.3.13 (/opt/ros/humble/share/ament_cmake/cmake)
[0.389s] -- Found Python3: /usr/bin/python3 (found version "3.10.12") found components: Interpreter 
[0.430s] -- Override CMake install command with custom implementation using symlinks instead of copying resources
[0.471s] -- Found geometry_msgs: 4.9.1 (/opt/ros/humble/share/geometry_msgs/cmake)
[0.508s] -- Found rosidl_generator_c: 3.1.8 (/opt/ros/humble/share/rosidl_generator_c/cmake)
[0.514s] -- Found rosidl_adapter: 3.1.8 (/opt/ros/humble/share/rosidl_adapter/cmake)
[0.524s] -- Found rosidl_generator_cpp: 3.1.8 (/opt/ros/humble/share/rosidl_generator_cpp/cmake)
[0.536s] -- Using all available rosidl_typesupport_c: rosidl_typesupport_fastrtps_c;rosidl_typesupport_introspection_c
[0.552s] -- Using all available rosidl_typesupport_cpp: rosidl_typesupport_fastrtps_cpp;rosidl_typesupport_introspection_cpp
[0.585s] -- Found rclcpp: 16.0.18 (/opt/ros/humble/share/rclcpp/cmake)
[0.621s] -- Found rmw_implementation_cmake: 6.1.2 (/opt/ros/humble/share/rmw_implementation_cmake/cmake)
[0.625s] -- Found rmw_fastrtps_cpp: 6.2.10 (/opt/ros/humble/share/rmw_fastrtps_cpp/cmake)
[0.725s] -- Found OpenSSL: /usr/lib/x86_64-linux-gnu/libcrypto.so (found version "3.0.2")  
[0.757s] -- Found FastRTPS: /opt/ros/humble/include  
[0.806s] -- Using RMW implementation 'rmw_fastrtps_cpp' as default
[0.817s] -- Looking for pthread.h
[0.900s] -- Looking for pthread.h - found
[0.900s] -- Performing Test CMAKE_HAVE_LIBC_PTHREAD
[0.973s] -- Performing Test CMAKE_HAVE_LIBC_PTHREAD - Success
[0.973s] -- Found Threads: TRUE  
[1.007s] -- Found sensor_msgs: 4.9.1 (/opt/ros/humble/share/sensor_msgs/cmake)
[1.022s] -- Found moveit_msgs: 2.2.1 (/opt/ros/humble/share/moveit_msgs/cmake)
[1.126s] -- Found moveit_ros_planning: 2.5.9 (/opt/ros/humble/share/moveit_ros_planning/cmake)
[1.156s] -- Found Boost: /usr/lib/x86_64-linux-gnu/cmake/Boost-1.74.0/BoostConfig.cmake (found version "1.74.0") found components: system filesystem date_time program_options thread chrono 
[1.291s] -- Found Boost: /usr/lib/x86_64-linux-gnu/cmake/Boost-1.74.0/BoostConfig.cmake (found version "1.74.0") found components: chrono date_time filesystem iostreams program_options regex serialization system thread 
[1.330s] -- Found parameter_traits: 0.6.0 (/opt/ros/humble/share/parameter_traits/cmake)
[1.343s] -- Found rclcpp_lifecycle: 16.0.18 (/opt/ros/humble/share/rclcpp_lifecycle/cmake)
[1.364s] -- Found Boost: /usr/lib/x86_64-linux-gnu/cmake/Boost-1.74.0/BoostConfig.cmake (found version "1.74.0") found components: filesystem 
[1.448s] -- library: /usr/lib/x86_64-linux-gnu/libcurl.so
[1.478s] -- Found Eigen3: TRUE (found version "3.4.0") 
[1.478s] -- Ensuring Eigen3 include directory is part of orocos-kdl CMake target
[1.520s] -- Found moveit_ros_planning_interface: 2.5.9 (/opt/ros/humble/share/moveit_ros_planning_interface/cmake)
[1.525s] -- Found Boost: /usr/lib/x86_64-linux-gnu/cmake/Boost-1.74.0/BoostConfig.cmake (found version "1.74.0") found components: date_time filesystem program_options system thread 
[1.536s] -- Found Boost: /usr/lib/x86_64-linux-gnu/cmake/Boost-1.74.0/BoostConfig.cmake (found version "1.74.0") found components: thread system filesystem regex date_time program_options 
[1.555s] -- Found Boost: /usr/lib/x86_64-linux-gnu/cmake/Boost-1.74.0/BoostConfig.cmake (found version "1.74.0") found components: system filesystem date_time program_options thread 
[1.645s] -- Configuring done
[1.702s] -- Generating done
[1.708s] -- Build files have been written to: /home/dung/Manipulator_amr_90_dergee/build/open_manipulator_x_gui
[1.724s] Invoked command in '/home/dung/Manipulator_amr_90_dergee/build/open_manipulator_x_gui' returned '0': CMAKE_PREFIX_PATH=${CMAKE_PREFIX_PATH}:/opt/ros/humble /usr/bin/cmake /home/dung/Manipulator_amr_90_dergee/src/open_manipulator/open_manipulator_x_gui -DAMENT_CMAKE_SYMLINK_INSTALL=1 -DCMAKE_INSTALL_PREFIX=/home/dung/Manipulator_amr_90_dergee/install/open_manipulator_x_gui
[1.726s] Invoking command in '/home/dung/Manipulator_amr_90_dergee/build/open_manipulator_x_gui': CMAKE_PREFIX_PATH=${CMAKE_PREFIX_PATH}:/opt/ros/humble /usr/bin/cmake --build /home/dung/Manipulator_amr_90_dergee/build/open_manipulator_x_gui -- -j32 -l32
[1.780s] [  7%] [34m[1mGenerating ui_main_window.h[0m
[1.799s] [ 15%] [34m[1mGenerating gui_headers/ui_main_window.h[0m
[1.822s] [ 15%] Built target copy_ui_header
[1.847s] [ 23%] [34m[1mAutomatic MOC and UIC for target open_manipulator_x_gui_node[0m
[1.882s] [ 23%] Built target open_manipulator_x_gui_node_autogen
[1.900s] [ 38%] [34m[1mGenerating include/open_manipulator_x_gui/moc_main_window.cpp[0m
[1.900s] [ 38%] [34m[1mGenerating include/open_manipulator_x_gui/moc_qnode.cpp[0m
[1.930s] [ 53%] [32mBuilding CXX object CMakeFiles/open_manipulator_x_gui_node.dir/src/main.cpp.o[0m
[1.930s] [ 53%] [32mBuilding CXX object CMakeFiles/open_manipulator_x_gui_node.dir/open_manipulator_x_gui_node_autogen/mocs_compilation.cpp.o[0m
[1.931s] [ 61%] [32mBuilding CXX object CMakeFiles/open_manipulator_x_gui_node.dir/include/open_manipulator_x_gui/moc_qnode.cpp.o[0m
[1.931s] [ 69%] [32mBuilding CXX object CMakeFiles/open_manipulator_x_gui_node.dir/src/main_window.cpp.o[0m
[1.932s] [ 76%] [32mBuilding CXX object CMakeFiles/open_manipulator_x_gui_node.dir/src/qnode.cpp.o[0m
[1.932s] [ 84%] [32mBuilding CXX object CMakeFiles/open_manipulator_x_gui_node.dir/include/open_manipulator_x_gui/moc_main_window.cpp.o[0m
[10.318s] [ 92%] [32m[1mLinking CXX executable open_manipulator_x_gui_node[0m
[11.001s] [100%] Built target open_manipulator_x_gui_node
[11.012s] Invoked command in '/home/dung/Manipulator_amr_90_dergee/build/open_manipulator_x_gui' returned '0': CMAKE_PREFIX_PATH=${CMAKE_PREFIX_PATH}:/opt/ros/humble /usr/bin/cmake --build /home/dung/Manipulator_amr_90_dergee/build/open_manipulator_x_gui -- -j32 -l32
[11.013s] Invoking command in '/home/dung/Manipulator_amr_90_dergee/build/open_manipulator_x_gui': CMAKE_PREFIX_PATH=${CMAKE_PREFIX_PATH}:/opt/ros/humble /usr/bin/cmake --install /home/dung/Manipulator_amr_90_dergee/build/open_manipulator_x_gui
[11.020s] -- Install configuration: ""
[11.020s] -- Execute custom install script
[11.020s] -- Symlinking: /home/dung/Manipulator_amr_90_dergee/install/open_manipulator_x_gui/lib/open_manipulator_x_gui/open_manipulator_x_gui_node
[11.029s] -- Symlinking: /home/dung/Manipulator_amr_90_dergee/install/open_manipulator_x_gui/include/open_manipulator_x_gui/main_window.hpp
[11.036s] -- Symlinking: /home/dung/Manipulator_amr_90_dergee/install/open_manipulator_x_gui/include/open_manipulator_x_gui/qnode.hpp
[11.044s] -- Symlinking: /home/dung/Manipulator_amr_90_dergee/install/open_manipulator_x_gui/share/open_manipulator_x_gui/launch/open_manipulator_x_gui.launch.py
[11.051s] -- Symlinking: /home/dung/Manipulator_amr_90_dergee/install/open_manipulator_x_gui/share/open_manipulator_x_gui/ui/main_window.ui
[11.059s] -- Symlinking: /home/dung/Manipulator_amr_90_dergee/install/open_manipulator_x_gui/share/open_manipulator_x_gui/config/robot_joint_log.csv
[11.067s] -- Symlinking: /home/dung/Manipulator_amr_90_dergee/install/open_manipulator_x_gui/share/open_manipulator_x_gui/environment/library_path.sh
[11.074s] -- Symlinking: /home/dung/Manipulator_amr_90_dergee/install/open_manipulator_x_gui/share/open_manipulator_x_gui/environment/library_path.dsv
[11.081s] -- Symlinking: /home/dung/Manipulator_amr_90_dergee/install/open_manipulator_x_gui/share/ament_index/resource_index/package_run_dependencies/open_manipulator_x_gui
[11.087s] -- Symlinking: /home/dung/Manipulator_amr_90_dergee/install/open_manipulator_x_gui/share/ament_index/resource_index/parent_prefix_path/open_manipulator_x_gui
[11.095s] -- Symlinking: /home/dung/Manipulator_amr_90_dergee/install/open_manipulator_x_gui/share/open_manipulator_x_gui/environment/ament_prefix_path.sh
[11.103s] -- Symlinking: /home/dung/Manipulator_amr_90_dergee/install/open_manipulator_x_gui/share/open_manipulator_x_gui/environment/ament_prefix_path.dsv
[11.111s] -- Symlinking: /home/dung/Manipulator_amr_90_dergee/install/open_manipulator_x_gui/share/open_manipulator_x_gui/environment/path.sh
[11.118s] -- Symlinking: /home/dung/Manipulator_amr_90_dergee/install/open_manipulator_x_gui/share/open_manipulator_x_gui/environment/path.dsv
[11.125s] -- Symlinking: /home/dung/Manipulator_amr_90_dergee/install/open_manipulator_x_gui/share/open_manipulator_x_gui/local_setup.bash
[11.133s] -- Symlinking: /home/dung/Manipulator_amr_90_dergee/install/open_manipulator_x_gui/share/open_manipulator_x_gui/local_setup.sh
[11.140s] -- Symlinking: /home/dung/Manipulator_amr_90_dergee/install/open_manipulator_x_gui/share/open_manipulator_x_gui/local_setup.zsh
[11.148s] -- Symlinking: /home/dung/Manipulator_amr_90_dergee/install/open_manipulator_x_gui/share/open_manipulator_x_gui/local_setup.dsv
[11.156s] -- Symlinking: /home/dung/Manipulator_amr_90_dergee/install/open_manipulator_x_gui/share/open_manipulator_x_gui/package.dsv
[11.164s] -- Symlinking: /home/dung/Manipulator_amr_90_dergee/install/open_manipulator_x_gui/share/ament_index/resource_index/packages/open_manipulator_x_gui
[11.171s] -- Symlinking: /home/dung/Manipulator_amr_90_dergee/install/open_manipulator_x_gui/share/open_manipulator_x_gui/cmake/ament_cmake_export_include_directories-extras.cmake
[11.179s] -- Symlinking: /home/dung/Manipulator_amr_90_dergee/install/open_manipulator_x_gui/share/open_manipulator_x_gui/cmake/ament_cmake_export_libraries-extras.cmake
[11.186s] -- Symlinking: /home/dung/Manipulator_amr_90_dergee/install/open_manipulator_x_gui/share/open_manipulator_x_gui/cmake/open_manipulator_x_guiConfig.cmake
[11.194s] -- Symlinking: /home/dung/Manipulator_amr_90_dergee/install/open_manipulator_x_gui/share/open_manipulator_x_gui/cmake/open_manipulator_x_guiConfig-version.cmake
[11.201s] -- Symlinking: /home/dung/Manipulator_amr_90_dergee/install/open_manipulator_x_gui/share/open_manipulator_x_gui/package.xml
[11.211s] Invoked command in '/home/dung/Manipulator_amr_90_dergee/build/open_manipulator_x_gui' returned '0': CMAKE_PREFIX_PATH=${CMAKE_PREFIX_PATH}:/opt/ros/humble /usr/bin/cmake --install /home/dung/Manipulator_amr_90_dergee/build/open_manipulator_x_gui
