[01m[K/home/dung/Manipulator_amr_90_dergee/src/open_manipulator/open_manipulator_x_playground/src/main.cpp:133:6:[m[K [01;31m[Kerror: [m[Kexpected ‘[01m[K}[m[K’ at end of input
  133 |     }
      |      [01;31m[K^[m[K
[01m[K/home/dung/Manipulator_amr_90_dergee/src/open_manipulator/open_manipulator_x_playground/src/main.cpp:27:1:[m[K [01;36m[Knote: [m[Kto match this ‘[01m[K{[m[K’
   27 | [01;36m[K{[m[K
      | [01;36m[K^[m[K
[01m[K/home/dung/Manipulator_amr_90_dergee/src/open_manipulator/open_manipulator_x_playground/src/main.cpp:[m[K In constructor ‘[01m[KAutoPickupNode::AutoPickupNode(std::shared_ptr<moveit::planning_interface::MoveGroupInterface>, std::shared_ptr<moveit::planning_interface::MoveGroupInterface>)[m[K’:
[01m[K/home/dung/Manipulator_amr_90_dergee/src/open_manipulator/open_manipulator_x_playground/src/main.cpp:32:33:[m[K [01;31m[Kerror: [m[Kclass ‘[01m[KAutoPickupNode[m[K’ does not have any field named ‘[01m[Karm_[m[K’
   32 |     : Node("auto_pickup_node"), [01;31m[Karm_[m[K(arm), gripper_(gripper), is_picking_up_(false)
      |                                 [01;31m[K^~~~[m[K
[01m[K/home/dung/Manipulator_amr_90_dergee/src/open_manipulator/open_manipulator_x_playground/src/main.cpp:32:44:[m[K [01;31m[Kerror: [m[Kclass ‘[01m[KAutoPickupNode[m[K’ does not have any field named ‘[01m[Kgripper_[m[K’
   32 |     : Node("auto_pickup_node"), arm_(arm), [01;31m[Kgripper_[m[K(gripper), is_picking_up_(false)
      |                                            [01;31m[K^~~~~~~~[m[K
[01m[K/home/dung/Manipulator_amr_90_dergee/src/open_manipulator/open_manipulator_x_playground/src/main.cpp:32:63:[m[K [01;31m[Kerror: [m[Kclass ‘[01m[KAutoPickupNode[m[K’ does not have any field named ‘[01m[Kis_picking_up_[m[K’
   32 |     : Node("auto_pickup_node"), arm_(arm), gripper_(gripper), [01;31m[Kis_picking_up_[m[K(false)
      |                                                               [01;31m[K^~~~~~~~~~~~~~[m[K
[01m[K/home/dung/Manipulator_amr_90_dergee/src/open_manipulator/open_manipulator_x_playground/src/main.cpp:34:9:[m[K [01;31m[Kerror: [m[K‘[01m[Kpose_sub_[m[K’ was not declared in this scope
   34 |         [01;31m[Kpose_sub_[m[K = this->create_subscription<geometry_msgs::msg::PoseStamped>(
      |         [01;31m[K^~~~~~~~~[m[K
[01m[K/home/dung/Manipulator_amr_90_dergee/src/open_manipulator/open_manipulator_x_playground/src/main.cpp:[m[K In member function ‘[01m[Kvoid AutoPickupNode::add_bottle_to_scene(double, double, double)[m[K’:
[01m[K/home/dung/Manipulator_amr_90_dergee/src/open_manipulator/open_manipulator_x_playground/src/main.cpp:46:44:[m[K [01;31m[Kerror: [m[K‘[01m[Karm_[m[K’ was not declared in this scope
   46 |         collision_object.header.frame_id = [01;31m[Karm_[m[K->getPlanningFrame();
      |                                            [01;31m[K^~~~[m[K
[01m[K/home/dung/Manipulator_amr_90_dergee/src/open_manipulator/open_manipulator_x_playground/src/main.cpp:68:9:[m[K [01;31m[Kerror: [m[K‘[01m[Kplanning_scene_interface_[m[K’ was not declared in this scope
   68 |         [01;31m[Kplanning_scene_interface_[m[K.applyCollisionObject(collision_object);
      |         [01;31m[K^~~~~~~~~~~~~~~~~~~~~~~~~[m[K
[01m[K/home/dung/Manipulator_amr_90_dergee/src/open_manipulator/open_manipulator_x_playground/src/main.cpp:[m[K In member function ‘[01m[Kvoid AutoPickupNode::pose_callback(geometry_msgs::msg::PoseStamped_<std::allocator<void> >::SharedPtr)[m[K’:
[01m[K/home/dung/Manipulator_amr_90_dergee/src/open_manipulator/open_manipulator_x_playground/src/main.cpp:73:13:[m[K [01;31m[Kerror: [m[K‘[01m[Kis_picking_up_[m[K’ was not declared in this scope
   73 |         if ([01;31m[Kis_picking_up_[m[K || !rclcpp::ok()) return;
      |             [01;31m[K^~~~~~~~~~~~~~[m[K
[01m[K/home/dung/Manipulator_amr_90_dergee/src/open_manipulator/open_manipulator_x_playground/src/main.cpp:74:9:[m[K [01;31m[Kerror: [m[K‘[01m[Kis_picking_up_[m[K’ was not declared in this scope
   74 |         [01;31m[Kis_picking_up_[m[K = true;
      |         [01;31m[K^~~~~~~~~~~~~~[m[K
[01m[K/home/dung/Manipulator_amr_90_dergee/src/open_manipulator/open_manipulator_x_playground/src/main.cpp:118:13:[m[K [01;31m[Kerror: [m[K‘[01m[Karm_[m[K’ was not declared in this scope
  118 |             [01;31m[Karm_[m[K->setGoalOrientationTolerance(3.14);
      |             [01;31m[K^~~~[m[K
[01m[K/home/dung/Manipulator_amr_90_dergee/src/open_manipulator/open_manipulator_x_playground/src/main.cpp:119:28:[m[K [01;31m[Kerror: [m[K‘[01m[Kgripper_[m[K’ was not declared in this scope
  119 |             pickup(*arm_, *[01;31m[Kgripper_[m[K, poses);
      |                            [01;31m[K^~~~~~~~[m[K
[01m[K/home/dung/Manipulator_amr_90_dergee/src/open_manipulator/open_manipulator_x_playground/src/main.cpp:125:13:[m[K [01;31m[Kerror: [m[K‘[01m[Kplanning_scene_interface_[m[K’ was not declared in this scope
  125 |             [01;31m[Kplanning_scene_interface_[m[K.applyCollisionObject(remove_obj);
      |             [01;31m[K^~~~~~~~~~~~~~~~~~~~~~~~~[m[K
[01m[K/home/dung/Manipulator_amr_90_dergee/src/open_manipulator/open_manipulator_x_playground/src/main.cpp:[m[K At global scope:
[01m[K/home/dung/Manipulator_amr_90_dergee/src/open_manipulator/open_manipulator_x_playground/src/main.cpp:133:6:[m[K [01;31m[Kerror: [m[Kexpected unqualified-id at end of input
  133 |     }
      |      [01;31m[K^[m[K
gmake[2]: *** [CMakeFiles/main.dir/build.make:76: CMakeFiles/main.dir/src/main.cpp.o] Error 1
gmake[1]: *** [CMakeFiles/Makefile2:165: CMakeFiles/main.dir/all] Error 2
gmake: *** [Makefile:146: all] Error 2
