[0.022s] Invoking command in '/home/dung/Manipulator_amr_90_dergee/build/open_manipulator_x_playground': CMAKE_PREFIX_PATH=${CMAKE_PREFIX_PATH}:/opt/ros/humble /usr/bin/cmake --build /home/dung/Manipulator_amr_90_dergee/build/open_manipulator_x_playground -- -j32 -l32
[0.080s] [35m[1mConsolidate compiler generated dependencies of target main[0m
[0.107s] [ 50%] Built target hello_moveit
[0.117s] [ 75%] [32mBuilding CXX object CMakeFiles/main.dir/src/main.cpp.o[0m
[4.791s] [01m[K/home/dung/Manipulator_amr_90_dergee/src/open_manipulator/open_manipulator_x_playground/src/main.cpp:133:6:[m[K [01;31m[Kerror: [m[Kexpected ‘[01m[K}[m[K’ at end of input
[4.791s]   133 |     }
[4.791s]       |      [01;31m[K^[m[K
[4.791s] [01m[K/home/dung/Manipulator_amr_90_dergee/src/open_manipulator/open_manipulator_x_playground/src/main.cpp:27:1:[m[K [01;36m[Knote: [m[Kto match this ‘[01m[K{[m[K’
[4.791s]    27 | [01;36m[K{[m[K
[4.791s]       | [01;36m[K^[m[K
[4.793s] [01m[K/home/dung/Manipulator_amr_90_dergee/src/open_manipulator/open_manipulator_x_playground/src/main.cpp:[m[K In constructor ‘[01m[KAutoPickupNode::AutoPickupNode(std::shared_ptr<moveit::planning_interface::MoveGroupInterface>, std::shared_ptr<moveit::planning_interface::MoveGroupInterface>)[m[K’:
[4.793s] [01m[K/home/dung/Manipulator_amr_90_dergee/src/open_manipulator/open_manipulator_x_playground/src/main.cpp:32:33:[m[K [01;31m[Kerror: [m[Kclass ‘[01m[KAutoPickupNode[m[K’ does not have any field named ‘[01m[Karm_[m[K’
[4.793s]    32 |     : Node("auto_pickup_node"), [01;31m[Karm_[m[K(arm), gripper_(gripper), is_picking_up_(false)
[4.793s]       |                                 [01;31m[K^~~~[m[K
[4.793s] [01m[K/home/dung/Manipulator_amr_90_dergee/src/open_manipulator/open_manipulator_x_playground/src/main.cpp:32:44:[m[K [01;31m[Kerror: [m[Kclass ‘[01m[KAutoPickupNode[m[K’ does not have any field named ‘[01m[Kgripper_[m[K’
[4.793s]    32 |     : Node("auto_pickup_node"), arm_(arm), [01;31m[Kgripper_[m[K(gripper), is_picking_up_(false)
[4.794s]       |                                            [01;31m[K^~~~~~~~[m[K
[4.794s] [01m[K/home/dung/Manipulator_amr_90_dergee/src/open_manipulator/open_manipulator_x_playground/src/main.cpp:32:63:[m[K [01;31m[Kerror: [m[Kclass ‘[01m[KAutoPickupNode[m[K’ does not have any field named ‘[01m[Kis_picking_up_[m[K’
[4.794s]    32 |     : Node("auto_pickup_node"), arm_(arm), gripper_(gripper), [01;31m[Kis_picking_up_[m[K(false)
[4.794s]       |                                                               [01;31m[K^~~~~~~~~~~~~~[m[K
[4.806s] [01m[K/home/dung/Manipulator_amr_90_dergee/src/open_manipulator/open_manipulator_x_playground/src/main.cpp:34:9:[m[K [01;31m[Kerror: [m[K‘[01m[Kpose_sub_[m[K’ was not declared in this scope
[4.806s]    34 |         [01;31m[Kpose_sub_[m[K = this->create_subscription<geometry_msgs::msg::PoseStamped>(
[4.806s]       |         [01;31m[K^~~~~~~~~[m[K
[4.853s] [01m[K/home/dung/Manipulator_amr_90_dergee/src/open_manipulator/open_manipulator_x_playground/src/main.cpp:[m[K In member function ‘[01m[Kvoid AutoPickupNode::add_bottle_to_scene(double, double, double)[m[K’:
[4.853s] [01m[K/home/dung/Manipulator_amr_90_dergee/src/open_manipulator/open_manipulator_x_playground/src/main.cpp:46:44:[m[K [01;31m[Kerror: [m[K‘[01m[Karm_[m[K’ was not declared in this scope
[4.854s]    46 |         collision_object.header.frame_id = [01;31m[Karm_[m[K->getPlanningFrame();
[4.854s]       |                                            [01;31m[K^~~~[m[K
[4.867s] [01m[K/home/dung/Manipulator_amr_90_dergee/src/open_manipulator/open_manipulator_x_playground/src/main.cpp:68:9:[m[K [01;31m[Kerror: [m[K‘[01m[Kplanning_scene_interface_[m[K’ was not declared in this scope
[4.867s]    68 |         [01;31m[Kplanning_scene_interface_[m[K.applyCollisionObject(collision_object);
[4.867s]       |         [01;31m[K^~~~~~~~~~~~~~~~~~~~~~~~~[m[K
[4.883s] [01m[K/home/dung/Manipulator_amr_90_dergee/src/open_manipulator/open_manipulator_x_playground/src/main.cpp:[m[K In member function ‘[01m[Kvoid AutoPickupNode::pose_callback(geometry_msgs::msg::PoseStamped_<std::allocator<void> >::SharedPtr)[m[K’:
[4.883s] [01m[K/home/dung/Manipulator_amr_90_dergee/src/open_manipulator/open_manipulator_x_playground/src/main.cpp:73:13:[m[K [01;31m[Kerror: [m[K‘[01m[Kis_picking_up_[m[K’ was not declared in this scope
[4.884s]    73 |         if ([01;31m[Kis_picking_up_[m[K || !rclcpp::ok()) return;
[4.884s]       |             [01;31m[K^~~~~~~~~~~~~~[m[K
[4.893s] [01m[K/home/dung/Manipulator_amr_90_dergee/src/open_manipulator/open_manipulator_x_playground/src/main.cpp:74:9:[m[K [01;31m[Kerror: [m[K‘[01m[Kis_picking_up_[m[K’ was not declared in this scope
[4.893s]    74 |         [01;31m[Kis_picking_up_[m[K = true;
[4.893s]       |         [01;31m[K^~~~~~~~~~~~~~[m[K
[4.899s] [01m[K/home/dung/Manipulator_amr_90_dergee/src/open_manipulator/open_manipulator_x_playground/src/main.cpp:118:13:[m[K [01;31m[Kerror: [m[K‘[01m[Karm_[m[K’ was not declared in this scope
[4.899s]   118 |             [01;31m[Karm_[m[K->setGoalOrientationTolerance(3.14);
[4.899s]       |             [01;31m[K^~~~[m[K
[4.909s] [01m[K/home/dung/Manipulator_amr_90_dergee/src/open_manipulator/open_manipulator_x_playground/src/main.cpp:119:28:[m[K [01;31m[Kerror: [m[K‘[01m[Kgripper_[m[K’ was not declared in this scope
[4.909s]   119 |             pickup(*arm_, *[01;31m[Kgripper_[m[K, poses);
[4.909s]       |                            [01;31m[K^~~~~~~~[m[K
[4.923s] [01m[K/home/dung/Manipulator_amr_90_dergee/src/open_manipulator/open_manipulator_x_playground/src/main.cpp:125:13:[m[K [01;31m[Kerror: [m[K‘[01m[Kplanning_scene_interface_[m[K’ was not declared in this scope
[4.923s]   125 |             [01;31m[Kplanning_scene_interface_[m[K.applyCollisionObject(remove_obj);
[4.923s]       |             [01;31m[K^~~~~~~~~~~~~~~~~~~~~~~~~[m[K
[4.923s] [01m[K/home/dung/Manipulator_amr_90_dergee/src/open_manipulator/open_manipulator_x_playground/src/main.cpp:[m[K At global scope:
[4.923s] [01m[K/home/dung/Manipulator_amr_90_dergee/src/open_manipulator/open_manipulator_x_playground/src/main.cpp:133:6:[m[K [01;31m[Kerror: [m[Kexpected unqualified-id at end of input
[4.923s]   133 |     }
[4.924s]       |      [01;31m[K^[m[K
[8.741s] gmake[2]: *** [CMakeFiles/main.dir/build.make:76: CMakeFiles/main.dir/src/main.cpp.o] Error 1
[8.742s] gmake[1]: *** [CMakeFiles/Makefile2:165: CMakeFiles/main.dir/all] Error 2
[8.742s] gmake: *** [Makefile:146: all] Error 2
[8.746s] Invoked command in '/home/dung/Manipulator_amr_90_dergee/build/open_manipulator_x_playground' returned '2': CMAKE_PREFIX_PATH=${CMAKE_PREFIX_PATH}:/opt/ros/humble /usr/bin/cmake --build /home/dung/Manipulator_amr_90_dergee/build/open_manipulator_x_playground -- -j32 -l32
