[0.011s] Invoking command in '/home/dung/Manipulator_amr_90_dergee/build/dynamixel_hardware_interface': CMAKE_PREFIX_PATH=/home/dung/Manipulator_amr_90_dergee/install/dynamixel_sdk:/home/dung/Manipulator_amr_90_dergee/install/dynamixel_interfaces:/home/dung/Manipulator_amr_90_dergee/install/open_manipulator:/home/dung/Manipulator_amr_90_dergee/install/open_manipulator_x_teleop:/home/dung/Manipulator_amr_90_dergee/install/open_manipulator_x_playground:/home/dung/Manipulator_amr_90_dergee/install/open_manipulator_x_moveit_config:/home/dung/Manipulator_amr_90_dergee/install/open_manipulator_x_gui:/home/dung/Manipulator_amr_90_dergee/install/open_manipulator_x_bringup:/home/dung/Manipulator_amr_90_dergee/install/open_manipulator_x_description:/home/dung/Manipulator_amr_90_dergee/install/dynamixel_sdk_examples:/home/dung/Manipulator_amr_90_dergee/install/dynamixel_sdk_custom_interfaces:/home/dung/Manipulator_amr_90_dergee/install/dynamixel_hardware_interface:/home/dung/install/open_manipulator:/home/dung/install/open_manipulator_x_teleop:/home/dung/install/open_manipulator_x_playground:/home/dung/install/open_manipulator_x_moveit_config:/home/dung/install/open_manipulator_x_gui:/home/dung/install/open_manipulator_x_bringup:/home/dung/install/open_manipulator_x_description:/home/dung/install/libuvc:/home/dung/install/dynamixel_sdk_examples:/home/dung/install/dynamixel_sdk_custom_interfaces:/home/dung/install/dynamixel_hardware_interface:/home/dung/install/dynamixel_sdk:/home/dung/install/dynamixel_interfaces:/home/dung/install/astra_camera:/home/dung/install/astra_camera_msgs:/home/dung/install/arm_controller:/opt/ros/humble LD_LIBRARY_PATH=/home/dung/Manipulator_amr_90_dergee/install/dynamixel_sdk/lib:/home/dung/Manipulator_amr_90_dergee/install/dynamixel_interfaces/lib:/home/dung/Manipulator_amr_90_dergee/install/open_manipulator_x_gui/lib:/home/dung/Manipulator_amr_90_dergee/install/dynamixel_sdk_custom_interfaces/lib:/home/dung/Manipulator_amr_90_dergee/install/dynamixel_hardware_interface/lib:/home/dung/install/open_manipulator_x_gui/lib:/home/dung/install/libuvc/lib:/home/dung/install/dynamixel_sdk_custom_interfaces/lib:/home/dung/install/dynamixel_hardware_interface/lib:/home/dung/install/dynamixel_sdk/lib:/home/dung/install/dynamixel_interfaces/lib:/home/dung/install/astra_camera/lib:/home/dung/install/astra_camera_msgs/lib:/opt/ros/humble/opt/rviz_ogre_vendor/lib:/opt/ros/humble/lib/x86_64-linux-gnu:/opt/ros/humble/lib:/usr/lib/x86_64-linux-gnu/gazebo-11/plugins:/usr/lib/x86_64-linux-gnu/gazebo-11/plugins:/usr/lib/x86_64-linux-gnu/gazebo-11/plugins:/usr/lib/x86_64-linux-gnu/gazebo-11/plugins:/usr/lib/x86_64-linux-gnu/gazebo-11/plugins:/usr/lib/x86_64-linux-gnu/gazebo-11/plugins:/usr/lib/x86_64-linux-gnu/gazebo-11/plugins:/usr/lib/x86_64-linux-gnu/gazebo-11/plugins:/usr/lib/x86_64-linux-gnu/gazebo-11/plugins:/usr/lib/x86_64-linux-gnu/gazebo-11/plugins /usr/bin/cmake /home/dung/Manipulator_amr_90_dergee/src/dynamixel_hardware_interface -DAMENT_CMAKE_SYMLINK_INSTALL=1 -DCMAKE_INSTALL_PREFIX=/home/dung/Manipulator_amr_90_dergee/install/dynamixel_hardware_interface
[0.054s] -- The C compiler identification is GNU 11.4.0
[0.095s] -- The CXX compiler identification is GNU 11.4.0
[0.100s] -- Detecting C compiler ABI info
[0.160s] -- Detecting C compiler ABI info - done
[0.164s] -- Check for working C compiler: /usr/bin/cc - skipped
[0.164s] -- Detecting C compile features
[0.164s] -- Detecting C compile features - done
[0.166s] -- Detecting CXX compiler ABI info
[0.234s] -- Detecting CXX compiler ABI info - done
[0.238s] -- Check for working CXX compiler: /usr/bin/c++ - skipped
[0.238s] -- Detecting CXX compile features
[0.238s] -- Detecting CXX compile features - done
[0.242s] -- Found ament_cmake: 1.3.13 (/opt/ros/humble/share/ament_cmake/cmake)
[0.355s] -- Found Python3: /usr/bin/python3 (found version "3.10.12") found components: Interpreter 
[0.398s] -- Override CMake install command with custom implementation using symlinks instead of copying resources
[0.448s] -- Found hardware_interface: 2.53.1 (/opt/ros/humble/share/hardware_interface/cmake)
[0.496s] -- Found rosidl_generator_c: 3.1.8 (/opt/ros/humble/share/rosidl_generator_c/cmake)
[0.503s] -- Found rosidl_adapter: 3.1.8 (/opt/ros/humble/share/rosidl_adapter/cmake)
[0.512s] -- Found rosidl_generator_cpp: 3.1.8 (/opt/ros/humble/share/rosidl_generator_cpp/cmake)
[0.524s] -- Using all available rosidl_typesupport_c: rosidl_typesupport_fastrtps_c;rosidl_typesupport_introspection_c
[0.541s] -- Using all available rosidl_typesupport_cpp: rosidl_typesupport_fastrtps_cpp;rosidl_typesupport_introspection_cpp
[0.713s] -- Found rmw_implementation_cmake: 6.1.2 (/opt/ros/humble/share/rmw_implementation_cmake/cmake)
[0.717s] -- Found rmw_fastrtps_cpp: 6.2.10 (/opt/ros/humble/share/rmw_fastrtps_cpp/cmake)
[0.742s] -- Found TinyXML2 via Config file: TinyXML2_DIR-NOTFOUND
[0.793s] -- Found OpenSSL: /usr/lib/x86_64-linux-gnu/libcrypto.so (found version "3.0.2")  
[0.796s] -- Found TinyXML2 via Config file: TinyXML2_DIR-NOTFOUND
[0.808s] -- Found FastRTPS: /opt/ros/humble/include  
[0.810s] -- Found TinyXML2 via Config file: TinyXML2_DIR-NOTFOUND
[0.816s] -- Found TinyXML2 via Config file: TinyXML2_DIR-NOTFOUND
[0.825s] -- Using RMW implementation 'rmw_fastrtps_cpp' as default
[0.836s] -- Looking for pthread.h
[0.898s] -- Looking for pthread.h - found
[0.898s] -- Performing Test CMAKE_HAVE_LIBC_PTHREAD
[0.962s] -- Performing Test CMAKE_HAVE_LIBC_PTHREAD - Success
[0.963s] -- Found Threads: TRUE  
[1.003s] -- Found realtime_tools: 2.15.0 (/opt/ros/humble/share/realtime_tools/cmake)
[1.015s] -- Found dynamixel_sdk: 4.0.3 (/home/dung/Manipulator_amr_90_dergee/install/dynamixel_sdk/share/dynamixel_sdk/cmake)
[1.019s] -- Found std_srvs: 4.9.1 (/opt/ros/humble/share/std_srvs/cmake)
[1.024s] -- Found dynamixel_interfaces: 1.0.1 (/home/dung/Manipulator_amr_90_dergee/install/dynamixel_interfaces/share/dynamixel_interfaces/cmake)
[1.037s] -- Found ament_lint_auto: 0.12.15 (/opt/ros/humble/share/ament_lint_auto/cmake)
[1.124s] -- Added test 'copyright' to check source files copyright and LICENSE
[1.131s] -- Added test 'cppcheck' to perform static code analysis on C / C++ code
[1.131s] -- Configured cppcheck include dirs: $<BUILD_INTERFACE:/home/dung/Manipulator_amr_90_dergee/src/dynamixel_hardware_interface/include>
[1.131s] -- Configured cppcheck exclude dirs and/or files: 
[1.136s] -- Added test 'cpplint' to check C / C++ code against the Google style
[1.136s] -- Configured cpplint exclude dirs and/or files: 
[1.138s] -- Added test 'flake8' to check Python code syntax and style conventions
[1.139s] -- Added test 'lint_cmake' to check CMake code style
[1.141s] -- Added test 'pep257' to check Python code against some of the docstring style conventions in PEP 257
[1.145s] -- Added test 'uncrustify' to check C / C++ code style
[1.145s] -- Configured uncrustify additional arguments: 
[1.146s] -- Added test 'xmllint' to check XML markup files
[1.149s] -- Configuring done
[1.162s] -- Generating done
[1.165s] -- Build files have been written to: /home/dung/Manipulator_amr_90_dergee/build/dynamixel_hardware_interface
[1.178s] Invoked command in '/home/dung/Manipulator_amr_90_dergee/build/dynamixel_hardware_interface' returned '0': CMAKE_PREFIX_PATH=/home/dung/Manipulator_amr_90_dergee/install/dynamixel_sdk:/home/dung/Manipulator_amr_90_dergee/install/dynamixel_interfaces:/home/dung/Manipulator_amr_90_dergee/install/open_manipulator:/home/dung/Manipulator_amr_90_dergee/install/open_manipulator_x_teleop:/home/dung/Manipulator_amr_90_dergee/install/open_manipulator_x_playground:/home/dung/Manipulator_amr_90_dergee/install/open_manipulator_x_moveit_config:/home/dung/Manipulator_amr_90_dergee/install/open_manipulator_x_gui:/home/dung/Manipulator_amr_90_dergee/install/open_manipulator_x_bringup:/home/dung/Manipulator_amr_90_dergee/install/open_manipulator_x_description:/home/dung/Manipulator_amr_90_dergee/install/dynamixel_sdk_examples:/home/dung/Manipulator_amr_90_dergee/install/dynamixel_sdk_custom_interfaces:/home/dung/Manipulator_amr_90_dergee/install/dynamixel_hardware_interface:/home/dung/install/open_manipulator:/home/dung/install/open_manipulator_x_teleop:/home/dung/install/open_manipulator_x_playground:/home/dung/install/open_manipulator_x_moveit_config:/home/dung/install/open_manipulator_x_gui:/home/dung/install/open_manipulator_x_bringup:/home/dung/install/open_manipulator_x_description:/home/dung/install/libuvc:/home/dung/install/dynamixel_sdk_examples:/home/dung/install/dynamixel_sdk_custom_interfaces:/home/dung/install/dynamixel_hardware_interface:/home/dung/install/dynamixel_sdk:/home/dung/install/dynamixel_interfaces:/home/dung/install/astra_camera:/home/dung/install/astra_camera_msgs:/home/dung/install/arm_controller:/opt/ros/humble LD_LIBRARY_PATH=/home/dung/Manipulator_amr_90_dergee/install/dynamixel_sdk/lib:/home/dung/Manipulator_amr_90_dergee/install/dynamixel_interfaces/lib:/home/dung/Manipulator_amr_90_dergee/install/open_manipulator_x_gui/lib:/home/dung/Manipulator_amr_90_dergee/install/dynamixel_sdk_custom_interfaces/lib:/home/dung/Manipulator_amr_90_dergee/install/dynamixel_hardware_interface/lib:/home/dung/install/open_manipulator_x_gui/lib:/home/dung/install/libuvc/lib:/home/dung/install/dynamixel_sdk_custom_interfaces/lib:/home/dung/install/dynamixel_hardware_interface/lib:/home/dung/install/dynamixel_sdk/lib:/home/dung/install/dynamixel_interfaces/lib:/home/dung/install/astra_camera/lib:/home/dung/install/astra_camera_msgs/lib:/opt/ros/humble/opt/rviz_ogre_vendor/lib:/opt/ros/humble/lib/x86_64-linux-gnu:/opt/ros/humble/lib:/usr/lib/x86_64-linux-gnu/gazebo-11/plugins:/usr/lib/x86_64-linux-gnu/gazebo-11/plugins:/usr/lib/x86_64-linux-gnu/gazebo-11/plugins:/usr/lib/x86_64-linux-gnu/gazebo-11/plugins:/usr/lib/x86_64-linux-gnu/gazebo-11/plugins:/usr/lib/x86_64-linux-gnu/gazebo-11/plugins:/usr/lib/x86_64-linux-gnu/gazebo-11/plugins:/usr/lib/x86_64-linux-gnu/gazebo-11/plugins:/usr/lib/x86_64-linux-gnu/gazebo-11/plugins:/usr/lib/x86_64-linux-gnu/gazebo-11/plugins /usr/bin/cmake /home/dung/Manipulator_amr_90_dergee/src/dynamixel_hardware_interface -DAMENT_CMAKE_SYMLINK_INSTALL=1 -DCMAKE_INSTALL_PREFIX=/home/dung/Manipulator_amr_90_dergee/install/dynamixel_hardware_interface
[1.180s] Invoking command in '/home/dung/Manipulator_amr_90_dergee/build/dynamixel_hardware_interface': CMAKE_PREFIX_PATH=/home/dung/Manipulator_amr_90_dergee/install/dynamixel_sdk:/home/dung/Manipulator_amr_90_dergee/install/dynamixel_interfaces:/home/dung/Manipulator_amr_90_dergee/install/open_manipulator:/home/dung/Manipulator_amr_90_dergee/install/open_manipulator_x_teleop:/home/dung/Manipulator_amr_90_dergee/install/open_manipulator_x_playground:/home/dung/Manipulator_amr_90_dergee/install/open_manipulator_x_moveit_config:/home/dung/Manipulator_amr_90_dergee/install/open_manipulator_x_gui:/home/dung/Manipulator_amr_90_dergee/install/open_manipulator_x_bringup:/home/dung/Manipulator_amr_90_dergee/install/open_manipulator_x_description:/home/dung/Manipulator_amr_90_dergee/install/dynamixel_sdk_examples:/home/dung/Manipulator_amr_90_dergee/install/dynamixel_sdk_custom_interfaces:/home/dung/Manipulator_amr_90_dergee/install/dynamixel_hardware_interface:/home/dung/install/open_manipulator:/home/dung/install/open_manipulator_x_teleop:/home/dung/install/open_manipulator_x_playground:/home/dung/install/open_manipulator_x_moveit_config:/home/dung/install/open_manipulator_x_gui:/home/dung/install/open_manipulator_x_bringup:/home/dung/install/open_manipulator_x_description:/home/dung/install/libuvc:/home/dung/install/dynamixel_sdk_examples:/home/dung/install/dynamixel_sdk_custom_interfaces:/home/dung/install/dynamixel_hardware_interface:/home/dung/install/dynamixel_sdk:/home/dung/install/dynamixel_interfaces:/home/dung/install/astra_camera:/home/dung/install/astra_camera_msgs:/home/dung/install/arm_controller:/opt/ros/humble LD_LIBRARY_PATH=/home/dung/Manipulator_amr_90_dergee/install/dynamixel_sdk/lib:/home/dung/Manipulator_amr_90_dergee/install/dynamixel_interfaces/lib:/home/dung/Manipulator_amr_90_dergee/install/open_manipulator_x_gui/lib:/home/dung/Manipulator_amr_90_dergee/install/dynamixel_sdk_custom_interfaces/lib:/home/dung/Manipulator_amr_90_dergee/install/dynamixel_hardware_interface/lib:/home/dung/install/open_manipulator_x_gui/lib:/home/dung/install/libuvc/lib:/home/dung/install/dynamixel_sdk_custom_interfaces/lib:/home/dung/install/dynamixel_hardware_interface/lib:/home/dung/install/dynamixel_sdk/lib:/home/dung/install/dynamixel_interfaces/lib:/home/dung/install/astra_camera/lib:/home/dung/install/astra_camera_msgs/lib:/opt/ros/humble/opt/rviz_ogre_vendor/lib:/opt/ros/humble/lib/x86_64-linux-gnu:/opt/ros/humble/lib:/usr/lib/x86_64-linux-gnu/gazebo-11/plugins:/usr/lib/x86_64-linux-gnu/gazebo-11/plugins:/usr/lib/x86_64-linux-gnu/gazebo-11/plugins:/usr/lib/x86_64-linux-gnu/gazebo-11/plugins:/usr/lib/x86_64-linux-gnu/gazebo-11/plugins:/usr/lib/x86_64-linux-gnu/gazebo-11/plugins:/usr/lib/x86_64-linux-gnu/gazebo-11/plugins:/usr/lib/x86_64-linux-gnu/gazebo-11/plugins:/usr/lib/x86_64-linux-gnu/gazebo-11/plugins:/usr/lib/x86_64-linux-gnu/gazebo-11/plugins /usr/bin/cmake --build /home/dung/Manipulator_amr_90_dergee/build/dynamixel_hardware_interface -- -j32 -l32
[1.231s] [ 50%] [32mBuilding CXX object CMakeFiles/dynamixel_hardware_interface.dir/src/dynamixel_hardware_interface.cpp.o[0m
[1.231s] [ 50%] [32mBuilding CXX object CMakeFiles/dynamixel_hardware_interface.dir/src/dynamixel/dynamixel.cpp.o[0m
[1.231s] [ 75%] [32mBuilding CXX object CMakeFiles/dynamixel_hardware_interface.dir/src/dynamixel/dynamixel_info.cpp.o[0m
[7.593s] [100%] [32m[1mLinking CXX shared library libdynamixel_hardware_interface.so[0m
[7.938s] [100%] Built target dynamixel_hardware_interface
[7.948s] Invoked command in '/home/dung/Manipulator_amr_90_dergee/build/dynamixel_hardware_interface' returned '0': CMAKE_PREFIX_PATH=/home/dung/Manipulator_amr_90_dergee/install/dynamixel_sdk:/home/dung/Manipulator_amr_90_dergee/install/dynamixel_interfaces:/home/dung/Manipulator_amr_90_dergee/install/open_manipulator:/home/dung/Manipulator_amr_90_dergee/install/open_manipulator_x_teleop:/home/dung/Manipulator_amr_90_dergee/install/open_manipulator_x_playground:/home/dung/Manipulator_amr_90_dergee/install/open_manipulator_x_moveit_config:/home/dung/Manipulator_amr_90_dergee/install/open_manipulator_x_gui:/home/dung/Manipulator_amr_90_dergee/install/open_manipulator_x_bringup:/home/dung/Manipulator_amr_90_dergee/install/open_manipulator_x_description:/home/dung/Manipulator_amr_90_dergee/install/dynamixel_sdk_examples:/home/dung/Manipulator_amr_90_dergee/install/dynamixel_sdk_custom_interfaces:/home/dung/Manipulator_amr_90_dergee/install/dynamixel_hardware_interface:/home/dung/install/open_manipulator:/home/dung/install/open_manipulator_x_teleop:/home/dung/install/open_manipulator_x_playground:/home/dung/install/open_manipulator_x_moveit_config:/home/dung/install/open_manipulator_x_gui:/home/dung/install/open_manipulator_x_bringup:/home/dung/install/open_manipulator_x_description:/home/dung/install/libuvc:/home/dung/install/dynamixel_sdk_examples:/home/dung/install/dynamixel_sdk_custom_interfaces:/home/dung/install/dynamixel_hardware_interface:/home/dung/install/dynamixel_sdk:/home/dung/install/dynamixel_interfaces:/home/dung/install/astra_camera:/home/dung/install/astra_camera_msgs:/home/dung/install/arm_controller:/opt/ros/humble LD_LIBRARY_PATH=/home/dung/Manipulator_amr_90_dergee/install/dynamixel_sdk/lib:/home/dung/Manipulator_amr_90_dergee/install/dynamixel_interfaces/lib:/home/dung/Manipulator_amr_90_dergee/install/open_manipulator_x_gui/lib:/home/dung/Manipulator_amr_90_dergee/install/dynamixel_sdk_custom_interfaces/lib:/home/dung/Manipulator_amr_90_dergee/install/dynamixel_hardware_interface/lib:/home/dung/install/open_manipulator_x_gui/lib:/home/dung/install/libuvc/lib:/home/dung/install/dynamixel_sdk_custom_interfaces/lib:/home/dung/install/dynamixel_hardware_interface/lib:/home/dung/install/dynamixel_sdk/lib:/home/dung/install/dynamixel_interfaces/lib:/home/dung/install/astra_camera/lib:/home/dung/install/astra_camera_msgs/lib:/opt/ros/humble/opt/rviz_ogre_vendor/lib:/opt/ros/humble/lib/x86_64-linux-gnu:/opt/ros/humble/lib:/usr/lib/x86_64-linux-gnu/gazebo-11/plugins:/usr/lib/x86_64-linux-gnu/gazebo-11/plugins:/usr/lib/x86_64-linux-gnu/gazebo-11/plugins:/usr/lib/x86_64-linux-gnu/gazebo-11/plugins:/usr/lib/x86_64-linux-gnu/gazebo-11/plugins:/usr/lib/x86_64-linux-gnu/gazebo-11/plugins:/usr/lib/x86_64-linux-gnu/gazebo-11/plugins:/usr/lib/x86_64-linux-gnu/gazebo-11/plugins:/usr/lib/x86_64-linux-gnu/gazebo-11/plugins:/usr/lib/x86_64-linux-gnu/gazebo-11/plugins /usr/bin/cmake --build /home/dung/Manipulator_amr_90_dergee/build/dynamixel_hardware_interface -- -j32 -l32
[7.949s] Invoking command in '/home/dung/Manipulator_amr_90_dergee/build/dynamixel_hardware_interface': CMAKE_PREFIX_PATH=/home/dung/Manipulator_amr_90_dergee/install/dynamixel_sdk:/home/dung/Manipulator_amr_90_dergee/install/dynamixel_interfaces:/home/dung/Manipulator_amr_90_dergee/install/open_manipulator:/home/dung/Manipulator_amr_90_dergee/install/open_manipulator_x_teleop:/home/dung/Manipulator_amr_90_dergee/install/open_manipulator_x_playground:/home/dung/Manipulator_amr_90_dergee/install/open_manipulator_x_moveit_config:/home/dung/Manipulator_amr_90_dergee/install/open_manipulator_x_gui:/home/dung/Manipulator_amr_90_dergee/install/open_manipulator_x_bringup:/home/dung/Manipulator_amr_90_dergee/install/open_manipulator_x_description:/home/dung/Manipulator_amr_90_dergee/install/dynamixel_sdk_examples:/home/dung/Manipulator_amr_90_dergee/install/dynamixel_sdk_custom_interfaces:/home/dung/Manipulator_amr_90_dergee/install/dynamixel_hardware_interface:/home/dung/install/open_manipulator:/home/dung/install/open_manipulator_x_teleop:/home/dung/install/open_manipulator_x_playground:/home/dung/install/open_manipulator_x_moveit_config:/home/dung/install/open_manipulator_x_gui:/home/dung/install/open_manipulator_x_bringup:/home/dung/install/open_manipulator_x_description:/home/dung/install/libuvc:/home/dung/install/dynamixel_sdk_examples:/home/dung/install/dynamixel_sdk_custom_interfaces:/home/dung/install/dynamixel_hardware_interface:/home/dung/install/dynamixel_sdk:/home/dung/install/dynamixel_interfaces:/home/dung/install/astra_camera:/home/dung/install/astra_camera_msgs:/home/dung/install/arm_controller:/opt/ros/humble LD_LIBRARY_PATH=/home/dung/Manipulator_amr_90_dergee/install/dynamixel_sdk/lib:/home/dung/Manipulator_amr_90_dergee/install/dynamixel_interfaces/lib:/home/dung/Manipulator_amr_90_dergee/install/open_manipulator_x_gui/lib:/home/dung/Manipulator_amr_90_dergee/install/dynamixel_sdk_custom_interfaces/lib:/home/dung/Manipulator_amr_90_dergee/install/dynamixel_hardware_interface/lib:/home/dung/install/open_manipulator_x_gui/lib:/home/dung/install/libuvc/lib:/home/dung/install/dynamixel_sdk_custom_interfaces/lib:/home/dung/install/dynamixel_hardware_interface/lib:/home/dung/install/dynamixel_sdk/lib:/home/dung/install/dynamixel_interfaces/lib:/home/dung/install/astra_camera/lib:/home/dung/install/astra_camera_msgs/lib:/opt/ros/humble/opt/rviz_ogre_vendor/lib:/opt/ros/humble/lib/x86_64-linux-gnu:/opt/ros/humble/lib:/usr/lib/x86_64-linux-gnu/gazebo-11/plugins:/usr/lib/x86_64-linux-gnu/gazebo-11/plugins:/usr/lib/x86_64-linux-gnu/gazebo-11/plugins:/usr/lib/x86_64-linux-gnu/gazebo-11/plugins:/usr/lib/x86_64-linux-gnu/gazebo-11/plugins:/usr/lib/x86_64-linux-gnu/gazebo-11/plugins:/usr/lib/x86_64-linux-gnu/gazebo-11/plugins:/usr/lib/x86_64-linux-gnu/gazebo-11/plugins:/usr/lib/x86_64-linux-gnu/gazebo-11/plugins:/usr/lib/x86_64-linux-gnu/gazebo-11/plugins /usr/bin/cmake --install /home/dung/Manipulator_amr_90_dergee/build/dynamixel_hardware_interface
[7.955s] -- Install configuration: ""
[7.955s] -- Execute custom install script
[7.955s] -- Symlinking: /home/dung/Manipulator_amr_90_dergee/install/dynamixel_hardware_interface/share/dynamixel_hardware_interface//dynamixel_hardware_interface_plugin.xml
[7.963s] -- Symlinking: /home/dung/Manipulator_amr_90_dergee/install/dynamixel_hardware_interface/include/dynamixel_hardware_interface/dynamixel/dynamixel.hpp
[7.970s] -- Symlinking: /home/dung/Manipulator_amr_90_dergee/install/dynamixel_hardware_interface/include/dynamixel_hardware_interface/dynamixel/dynamixel_info.hpp
[7.976s] -- Symlinking: /home/dung/Manipulator_amr_90_dergee/install/dynamixel_hardware_interface/include/dynamixel_hardware_interface/dynamixel_hardware_interface.hpp
[7.983s] -- Symlinking: /home/dung/Manipulator_amr_90_dergee/install/dynamixel_hardware_interface/include/dynamixel_hardware_interface/visibility_control.h
[7.990s] -- Symlinking: /home/dung/Manipulator_amr_90_dergee/install/dynamixel_hardware_interface/lib/dynamixel_hardware_interface//create_udev_rules
[7.996s] -- Symlinking: /home/dung/Manipulator_amr_90_dergee/install/dynamixel_hardware_interface/share/dynamixel_hardware_interface//scripts/99-manipulator-cdc.rules
[8.003s] -- Symlinking: /home/dung/Manipulator_amr_90_dergee/install/dynamixel_hardware_interface/share/dynamixel_hardware_interface//scripts/check_model_file_formatting.py
[8.010s] -- Symlinking: /home/dung/Manipulator_amr_90_dergee/install/dynamixel_hardware_interface/share/dynamixel_hardware_interface//scripts/cluster_model_files.py
[8.017s] -- Symlinking: /home/dung/Manipulator_amr_90_dergee/install/dynamixel_hardware_interface/share/dynamixel_hardware_interface//scripts/create_udev_rules
[8.023s] -- Symlinking: /home/dung/Manipulator_amr_90_dergee/install/dynamixel_hardware_interface/share/dynamixel_hardware_interface//scripts/hx_synctable_model_generator.py
[8.030s] -- Symlinking: /home/dung/Manipulator_amr_90_dergee/install/dynamixel_hardware_interface/share/dynamixel_hardware_interface//scripts/xml_to_model_parser.py
[8.038s] -- Symlinking: /home/dung/Manipulator_amr_90_dergee/install/dynamixel_hardware_interface/share/dynamixel_hardware_interface/param/dxl_model/2xc430_w250.model
[8.045s] -- Symlinking: /home/dung/Manipulator_amr_90_dergee/install/dynamixel_hardware_interface/share/dynamixel_hardware_interface/param/dxl_model/2xl430_w250.model
[8.051s] -- Symlinking: /home/dung/Manipulator_amr_90_dergee/install/dynamixel_hardware_interface/share/dynamixel_hardware_interface/param/dxl_model/dynamixel.model
[8.058s] -- Symlinking: /home/dung/Manipulator_amr_90_dergee/install/dynamixel_hardware_interface/share/dynamixel_hardware_interface/param/dxl_model/ffw_g10_led.model
[8.064s] -- Symlinking: /home/dung/Manipulator_amr_90_dergee/install/dynamixel_hardware_interface/share/dynamixel_hardware_interface/param/dxl_model/ffw_g10_rcu.model
[8.070s] -- Symlinking: /home/dung/Manipulator_amr_90_dergee/install/dynamixel_hardware_interface/share/dynamixel_hardware_interface/param/dxl_model/ffw_g40_imu.model
[8.076s] -- Symlinking: /home/dung/Manipulator_amr_90_dergee/install/dynamixel_hardware_interface/share/dynamixel_hardware_interface/param/dxl_model/ffw_sg2_drive_1.model
[8.084s] -- Symlinking: /home/dung/Manipulator_amr_90_dergee/install/dynamixel_hardware_interface/share/dynamixel_hardware_interface/param/dxl_model/ffw_sg2_drive_2.model
[8.091s] -- Symlinking: /home/dung/Manipulator_amr_90_dergee/install/dynamixel_hardware_interface/share/dynamixel_hardware_interface/param/dxl_model/ffw_sg2_drive_3.model
[8.098s] -- Symlinking: /home/dung/Manipulator_amr_90_dergee/install/dynamixel_hardware_interface/share/dynamixel_hardware_interface/param/dxl_model/ffw_sg2_steer_1.model
[8.105s] -- Symlinking: /home/dung/Manipulator_amr_90_dergee/install/dynamixel_hardware_interface/share/dynamixel_hardware_interface/param/dxl_model/ffw_sg2_steer_2.model
[8.113s] -- Symlinking: /home/dung/Manipulator_amr_90_dergee/install/dynamixel_hardware_interface/share/dynamixel_hardware_interface/param/dxl_model/ffw_sg2_steer_3.model
[8.120s] -- Symlinking: /home/dung/Manipulator_amr_90_dergee/install/dynamixel_hardware_interface/share/dynamixel_hardware_interface/param/dxl_model/h42_20_s300_ra.model
[8.127s] -- Symlinking: /home/dung/Manipulator_amr_90_dergee/install/dynamixel_hardware_interface/share/dynamixel_hardware_interface/param/dxl_model/h54_100_s500_ra.model
[8.133s] -- Symlinking: /home/dung/Manipulator_amr_90_dergee/install/dynamixel_hardware_interface/share/dynamixel_hardware_interface/param/dxl_model/h54_200_s500_ra.model
[8.139s] -- Symlinking: /home/dung/Manipulator_amr_90_dergee/install/dynamixel_hardware_interface/share/dynamixel_hardware_interface/param/dxl_model/hx5_d20_r_synctable_1_device_1.model
[8.147s] -- Symlinking: /home/dung/Manipulator_amr_90_dergee/install/dynamixel_hardware_interface/share/dynamixel_hardware_interface/param/dxl_model/hx5_d20_r_synctable_1_device_2.model
[8.153s] -- Symlinking: /home/dung/Manipulator_amr_90_dergee/install/dynamixel_hardware_interface/share/dynamixel_hardware_interface/param/dxl_model/hx5_d20_r_synctable_1_device_3.model
[8.161s] -- Symlinking: /home/dung/Manipulator_amr_90_dergee/install/dynamixel_hardware_interface/share/dynamixel_hardware_interface/param/dxl_model/hx5_d20_r_synctable_1_device_4.model
[8.167s] -- Symlinking: /home/dung/Manipulator_amr_90_dergee/install/dynamixel_hardware_interface/share/dynamixel_hardware_interface/param/dxl_model/hx5_d20_r_synctable_1_device_5.model
[8.174s] -- Symlinking: /home/dung/Manipulator_amr_90_dergee/install/dynamixel_hardware_interface/share/dynamixel_hardware_interface/param/dxl_model/hx5_d20_r_synctable_2_device_1.model
[8.180s] -- Symlinking: /home/dung/Manipulator_amr_90_dergee/install/dynamixel_hardware_interface/share/dynamixel_hardware_interface/param/dxl_model/hx5_d20_r_synctable_2_device_2.model
[8.186s] -- Symlinking: /home/dung/Manipulator_amr_90_dergee/install/dynamixel_hardware_interface/share/dynamixel_hardware_interface/param/dxl_model/hx5_d20_r_synctable_2_device_3.model
[8.193s] -- Symlinking: /home/dung/Manipulator_amr_90_dergee/install/dynamixel_hardware_interface/share/dynamixel_hardware_interface/param/dxl_model/hx5_d20_r_synctable_2_device_4.model
[8.200s] -- Symlinking: /home/dung/Manipulator_amr_90_dergee/install/dynamixel_hardware_interface/share/dynamixel_hardware_interface/param/dxl_model/hx5_d20_r_synctable_2_device_5.model
[8.207s] -- Symlinking: /home/dung/Manipulator_amr_90_dergee/install/dynamixel_hardware_interface/share/dynamixel_hardware_interface/param/dxl_model/hx5_d20_r_synctable_3_device_1.model
[8.214s] -- Symlinking: /home/dung/Manipulator_amr_90_dergee/install/dynamixel_hardware_interface/share/dynamixel_hardware_interface/param/dxl_model/hx5_d20_r_synctable_3_device_2.model
[8.221s] -- Symlinking: /home/dung/Manipulator_amr_90_dergee/install/dynamixel_hardware_interface/share/dynamixel_hardware_interface/param/dxl_model/hx5_d20_r_synctable_3_device_3.model
[8.228s] -- Symlinking: /home/dung/Manipulator_amr_90_dergee/install/dynamixel_hardware_interface/share/dynamixel_hardware_interface/param/dxl_model/hx5_d20_r_synctable_3_device_4.model
[8.234s] -- Symlinking: /home/dung/Manipulator_amr_90_dergee/install/dynamixel_hardware_interface/share/dynamixel_hardware_interface/param/dxl_model/hx5_d20_r_synctable_3_device_5.model
[8.241s] -- Symlinking: /home/dung/Manipulator_amr_90_dergee/install/dynamixel_hardware_interface/share/dynamixel_hardware_interface/param/dxl_model/hx5_d20_r_synctable_4_device_1.model
[8.248s] -- Symlinking: /home/dung/Manipulator_amr_90_dergee/install/dynamixel_hardware_interface/share/dynamixel_hardware_interface/param/dxl_model/hx5_d20_r_synctable_4_device_2.model
[8.255s] -- Symlinking: /home/dung/Manipulator_amr_90_dergee/install/dynamixel_hardware_interface/share/dynamixel_hardware_interface/param/dxl_model/hx5_d20_r_synctable_4_device_3.model
[8.262s] -- Symlinking: /home/dung/Manipulator_amr_90_dergee/install/dynamixel_hardware_interface/share/dynamixel_hardware_interface/param/dxl_model/hx5_d20_r_synctable_4_device_4.model
[8.269s] -- Symlinking: /home/dung/Manipulator_amr_90_dergee/install/dynamixel_hardware_interface/share/dynamixel_hardware_interface/param/dxl_model/hx5_d20_r_synctable_4_device_5.model
[8.276s] -- Symlinking: /home/dung/Manipulator_amr_90_dergee/install/dynamixel_hardware_interface/share/dynamixel_hardware_interface/param/dxl_model/hx5_d20_r_synctable_5_device_1.model
[8.283s] -- Symlinking: /home/dung/Manipulator_amr_90_dergee/install/dynamixel_hardware_interface/share/dynamixel_hardware_interface/param/dxl_model/hx5_d20_r_synctable_5_device_2.model
[8.289s] -- Symlinking: /home/dung/Manipulator_amr_90_dergee/install/dynamixel_hardware_interface/share/dynamixel_hardware_interface/param/dxl_model/hx5_d20_r_synctable_5_device_3.model
[8.296s] -- Symlinking: /home/dung/Manipulator_amr_90_dergee/install/dynamixel_hardware_interface/share/dynamixel_hardware_interface/param/dxl_model/hx5_d20_r_synctable_5_device_4.model
[8.303s] -- Symlinking: /home/dung/Manipulator_amr_90_dergee/install/dynamixel_hardware_interface/share/dynamixel_hardware_interface/param/dxl_model/hx5_d20_r_synctable_5_device_5.model
[8.310s] -- Symlinking: /home/dung/Manipulator_amr_90_dergee/install/dynamixel_hardware_interface/share/dynamixel_hardware_interface/param/dxl_model/hx5_d20_rl.model
[8.317s] -- Symlinking: /home/dung/Manipulator_amr_90_dergee/install/dynamixel_hardware_interface/share/dynamixel_hardware_interface/param/dxl_model/hx5_d20_rr.model
[8.324s] -- Symlinking: /home/dung/Manipulator_amr_90_dergee/install/dynamixel_hardware_interface/share/dynamixel_hardware_interface/param/dxl_model/m42_10_s260_ra.model
[8.332s] -- Symlinking: /home/dung/Manipulator_amr_90_dergee/install/dynamixel_hardware_interface/share/dynamixel_hardware_interface/param/dxl_model/m54_40_s250_ra.model
[8.339s] -- Symlinking: /home/dung/Manipulator_amr_90_dergee/install/dynamixel_hardware_interface/share/dynamixel_hardware_interface/param/dxl_model/m54_60_s250_ra.model
[8.346s] -- Symlinking: /home/dung/Manipulator_amr_90_dergee/install/dynamixel_hardware_interface/share/dynamixel_hardware_interface/param/dxl_model/mx_106.model
[8.352s] -- Symlinking: /home/dung/Manipulator_amr_90_dergee/install/dynamixel_hardware_interface/share/dynamixel_hardware_interface/param/dxl_model/mx_28.model
[8.360s] -- Symlinking: /home/dung/Manipulator_amr_90_dergee/install/dynamixel_hardware_interface/share/dynamixel_hardware_interface/param/dxl_model/mx_64.model
[8.367s] -- Symlinking: /home/dung/Manipulator_amr_90_dergee/install/dynamixel_hardware_interface/share/dynamixel_hardware_interface/param/dxl_model/omy_end.model
[8.374s] -- Symlinking: /home/dung/Manipulator_amr_90_dergee/install/dynamixel_hardware_interface/share/dynamixel_hardware_interface/param/dxl_model/omy_end_rh_p12_rn.model
[8.380s] -- Symlinking: /home/dung/Manipulator_amr_90_dergee/install/dynamixel_hardware_interface/share/dynamixel_hardware_interface/param/dxl_model/omy_hat.model
[8.387s] -- Symlinking: /home/dung/Manipulator_amr_90_dergee/install/dynamixel_hardware_interface/share/dynamixel_hardware_interface/param/dxl_model/ph42_020_s300.model
[8.393s] -- Symlinking: /home/dung/Manipulator_amr_90_dergee/install/dynamixel_hardware_interface/share/dynamixel_hardware_interface/param/dxl_model/ph54_100_s500.model
[8.400s] -- Symlinking: /home/dung/Manipulator_amr_90_dergee/install/dynamixel_hardware_interface/share/dynamixel_hardware_interface/param/dxl_model/ph54_200_s500.model
[8.406s] -- Symlinking: /home/dung/Manipulator_amr_90_dergee/install/dynamixel_hardware_interface/share/dynamixel_hardware_interface/param/dxl_model/pm42_010_s260.model
[8.413s] -- Symlinking: /home/dung/Manipulator_amr_90_dergee/install/dynamixel_hardware_interface/share/dynamixel_hardware_interface/param/dxl_model/pm54_040_s250.model
[8.420s] -- Symlinking: /home/dung/Manipulator_amr_90_dergee/install/dynamixel_hardware_interface/share/dynamixel_hardware_interface/param/dxl_model/pm54_060_s250.model
[8.427s] -- Symlinking: /home/dung/Manipulator_amr_90_dergee/install/dynamixel_hardware_interface/share/dynamixel_hardware_interface/param/dxl_model/rh_p12_rn.model
[8.433s] -- Symlinking: /home/dung/Manipulator_amr_90_dergee/install/dynamixel_hardware_interface/share/dynamixel_hardware_interface/param/dxl_model/sensorxel_joy.model
[8.440s] -- Symlinking: /home/dung/Manipulator_amr_90_dergee/install/dynamixel_hardware_interface/share/dynamixel_hardware_interface/param/dxl_model/xc330_m181.model
[8.447s] -- Symlinking: /home/dung/Manipulator_amr_90_dergee/install/dynamixel_hardware_interface/share/dynamixel_hardware_interface/param/dxl_model/xc330_m181_fw52.model
[8.454s] -- Symlinking: /home/dung/Manipulator_amr_90_dergee/install/dynamixel_hardware_interface/share/dynamixel_hardware_interface/param/dxl_model/xc330_m288.model
[8.461s] -- Symlinking: /home/dung/Manipulator_amr_90_dergee/install/dynamixel_hardware_interface/share/dynamixel_hardware_interface/param/dxl_model/xc330_m288_fw52.model
[8.468s] -- Symlinking: /home/dung/Manipulator_amr_90_dergee/install/dynamixel_hardware_interface/share/dynamixel_hardware_interface/param/dxl_model/xc330_t181.model
[8.475s] -- Symlinking: /home/dung/Manipulator_amr_90_dergee/install/dynamixel_hardware_interface/share/dynamixel_hardware_interface/param/dxl_model/xc330_t181_fw52.model
[8.481s] -- Symlinking: /home/dung/Manipulator_amr_90_dergee/install/dynamixel_hardware_interface/share/dynamixel_hardware_interface/param/dxl_model/xc330_t288.model
[8.488s] -- Symlinking: /home/dung/Manipulator_amr_90_dergee/install/dynamixel_hardware_interface/share/dynamixel_hardware_interface/param/dxl_model/xc330_t288_fw52.model
[8.494s] -- Symlinking: /home/dung/Manipulator_amr_90_dergee/install/dynamixel_hardware_interface/share/dynamixel_hardware_interface/param/dxl_model/xc335_t332.model
[8.501s] -- Symlinking: /home/dung/Manipulator_amr_90_dergee/install/dynamixel_hardware_interface/share/dynamixel_hardware_interface/param/dxl_model/xc430_w150.model
[8.508s] -- Symlinking: /home/dung/Manipulator_amr_90_dergee/install/dynamixel_hardware_interface/share/dynamixel_hardware_interface/param/dxl_model/xc430_w240.model
[8.514s] -- Symlinking: /home/dung/Manipulator_amr_90_dergee/install/dynamixel_hardware_interface/share/dynamixel_hardware_interface/param/dxl_model/xd430_t210.model
[8.521s] -- Symlinking: /home/dung/Manipulator_amr_90_dergee/install/dynamixel_hardware_interface/share/dynamixel_hardware_interface/param/dxl_model/xd430_t350.model
[8.529s] -- Symlinking: /home/dung/Manipulator_amr_90_dergee/install/dynamixel_hardware_interface/share/dynamixel_hardware_interface/param/dxl_model/xd540_t150.model
[8.536s] -- Symlinking: /home/dung/Manipulator_amr_90_dergee/install/dynamixel_hardware_interface/share/dynamixel_hardware_interface/param/dxl_model/xd540_t270.model
[8.544s] -- Symlinking: /home/dung/Manipulator_amr_90_dergee/install/dynamixel_hardware_interface/share/dynamixel_hardware_interface/param/dxl_model/xh430_v210.model
[8.551s] -- Symlinking: /home/dung/Manipulator_amr_90_dergee/install/dynamixel_hardware_interface/share/dynamixel_hardware_interface/param/dxl_model/xh430_v350.model
[8.558s] -- Symlinking: /home/dung/Manipulator_amr_90_dergee/install/dynamixel_hardware_interface/share/dynamixel_hardware_interface/param/dxl_model/xh430_w210.model
[8.564s] -- Symlinking: /home/dung/Manipulator_amr_90_dergee/install/dynamixel_hardware_interface/share/dynamixel_hardware_interface/param/dxl_model/xh430_w350.model
[8.571s] -- Symlinking: /home/dung/Manipulator_amr_90_dergee/install/dynamixel_hardware_interface/share/dynamixel_hardware_interface/param/dxl_model/xh540_v150.model
[8.578s] -- Symlinking: /home/dung/Manipulator_amr_90_dergee/install/dynamixel_hardware_interface/share/dynamixel_hardware_interface/param/dxl_model/xh540_v270.model
[8.585s] -- Symlinking: /home/dung/Manipulator_amr_90_dergee/install/dynamixel_hardware_interface/share/dynamixel_hardware_interface/param/dxl_model/xh540_w150.model
[8.593s] -- Symlinking: /home/dung/Manipulator_amr_90_dergee/install/dynamixel_hardware_interface/share/dynamixel_hardware_interface/param/dxl_model/xh540_w270.model
[8.601s] -- Symlinking: /home/dung/Manipulator_amr_90_dergee/install/dynamixel_hardware_interface/share/dynamixel_hardware_interface/param/dxl_model/xl320.model
[8.608s] -- Symlinking: /home/dung/Manipulator_amr_90_dergee/install/dynamixel_hardware_interface/share/dynamixel_hardware_interface/param/dxl_model/xl330_m077.model
[8.615s] -- Symlinking: /home/dung/Manipulator_amr_90_dergee/install/dynamixel_hardware_interface/share/dynamixel_hardware_interface/param/dxl_model/xl330_m077_fw52.model
[8.622s] -- Symlinking: /home/dung/Manipulator_amr_90_dergee/install/dynamixel_hardware_interface/share/dynamixel_hardware_interface/param/dxl_model/xl330_m288.model
[8.630s] -- Symlinking: /home/dung/Manipulator_amr_90_dergee/install/dynamixel_hardware_interface/share/dynamixel_hardware_interface/param/dxl_model/xl330_m288_fw52.model
[8.636s] -- Symlinking: /home/dung/Manipulator_amr_90_dergee/install/dynamixel_hardware_interface/share/dynamixel_hardware_interface/param/dxl_model/xl430_w250.model
[8.644s] -- Symlinking: /home/dung/Manipulator_amr_90_dergee/install/dynamixel_hardware_interface/share/dynamixel_hardware_interface/param/dxl_model/xm430_w210.model
[8.651s] -- Symlinking: /home/dung/Manipulator_amr_90_dergee/install/dynamixel_hardware_interface/share/dynamixel_hardware_interface/param/dxl_model/xm430_w350.model
[8.658s] -- Symlinking: /home/dung/Manipulator_amr_90_dergee/install/dynamixel_hardware_interface/share/dynamixel_hardware_interface/param/dxl_model/xm540_w150.model
[8.665s] -- Symlinking: /home/dung/Manipulator_amr_90_dergee/install/dynamixel_hardware_interface/share/dynamixel_hardware_interface/param/dxl_model/xm540_w270.model
[8.671s] -- Symlinking: /home/dung/Manipulator_amr_90_dergee/install/dynamixel_hardware_interface/share/dynamixel_hardware_interface/param/dxl_model/xw430_t200.model
[8.679s] -- Symlinking: /home/dung/Manipulator_amr_90_dergee/install/dynamixel_hardware_interface/share/dynamixel_hardware_interface/param/dxl_model/xw430_t333.model
[8.686s] -- Symlinking: /home/dung/Manipulator_amr_90_dergee/install/dynamixel_hardware_interface/share/dynamixel_hardware_interface/param/dxl_model/xw540_h260.model
[8.694s] -- Symlinking: /home/dung/Manipulator_amr_90_dergee/install/dynamixel_hardware_interface/share/dynamixel_hardware_interface/param/dxl_model/xw540_t140.model
[8.701s] -- Symlinking: /home/dung/Manipulator_amr_90_dergee/install/dynamixel_hardware_interface/share/dynamixel_hardware_interface/param/dxl_model/xw540_t260.model
[8.708s] -- Symlinking: /home/dung/Manipulator_amr_90_dergee/install/dynamixel_hardware_interface/share/dynamixel_hardware_interface/param/dxl_model/ym070_210_a051.model
[8.715s] -- Symlinking: /home/dung/Manipulator_amr_90_dergee/install/dynamixel_hardware_interface/share/dynamixel_hardware_interface/param/dxl_model/ym070_210_a099.model
[8.722s] -- Symlinking: /home/dung/Manipulator_amr_90_dergee/install/dynamixel_hardware_interface/share/dynamixel_hardware_interface/param/dxl_model/ym070_210_b001.model
[8.729s] -- Symlinking: /home/dung/Manipulator_amr_90_dergee/install/dynamixel_hardware_interface/share/dynamixel_hardware_interface/param/dxl_model/ym070_210_m001.model
[8.736s] -- Symlinking: /home/dung/Manipulator_amr_90_dergee/install/dynamixel_hardware_interface/share/dynamixel_hardware_interface/param/dxl_model/ym070_210_r051.model
[8.743s] -- Symlinking: /home/dung/Manipulator_amr_90_dergee/install/dynamixel_hardware_interface/share/dynamixel_hardware_interface/param/dxl_model/ym070_210_r099.model
[8.750s] -- Symlinking: /home/dung/Manipulator_amr_90_dergee/install/dynamixel_hardware_interface/share/dynamixel_hardware_interface/param/dxl_model/ym080_230_a051.model
[8.757s] -- Symlinking: /home/dung/Manipulator_amr_90_dergee/install/dynamixel_hardware_interface/share/dynamixel_hardware_interface/param/dxl_model/ym080_230_a099.model
[8.764s] -- Symlinking: /home/dung/Manipulator_amr_90_dergee/install/dynamixel_hardware_interface/share/dynamixel_hardware_interface/param/dxl_model/ym080_230_b001.model
[8.771s] -- Symlinking: /home/dung/Manipulator_amr_90_dergee/install/dynamixel_hardware_interface/share/dynamixel_hardware_interface/param/dxl_model/ym080_230_m001.model
[8.778s] -- Symlinking: /home/dung/Manipulator_amr_90_dergee/install/dynamixel_hardware_interface/share/dynamixel_hardware_interface/param/dxl_model/ym080_230_r051.model
[8.784s] -- Symlinking: /home/dung/Manipulator_amr_90_dergee/install/dynamixel_hardware_interface/share/dynamixel_hardware_interface/param/dxl_model/ym080_230_r099.model
[8.791s] -- Symlinking: /home/dung/Manipulator_amr_90_dergee/install/dynamixel_hardware_interface/share/dynamixel_hardware_interface/environment/library_path.sh
[8.798s] -- Symlinking: /home/dung/Manipulator_amr_90_dergee/install/dynamixel_hardware_interface/share/dynamixel_hardware_interface/environment/library_path.dsv
[8.804s] -- Symlinking: /home/dung/Manipulator_amr_90_dergee/install/dynamixel_hardware_interface/share/ament_index/resource_index/package_run_dependencies/dynamixel_hardware_interface
[8.811s] -- Symlinking: /home/dung/Manipulator_amr_90_dergee/install/dynamixel_hardware_interface/share/ament_index/resource_index/parent_prefix_path/dynamixel_hardware_interface
[8.818s] -- Symlinking: /home/dung/Manipulator_amr_90_dergee/install/dynamixel_hardware_interface/share/dynamixel_hardware_interface/environment/ament_prefix_path.sh
[8.825s] -- Symlinking: /home/dung/Manipulator_amr_90_dergee/install/dynamixel_hardware_interface/share/dynamixel_hardware_interface/environment/ament_prefix_path.dsv
[8.832s] -- Symlinking: /home/dung/Manipulator_amr_90_dergee/install/dynamixel_hardware_interface/share/dynamixel_hardware_interface/environment/path.sh
[8.838s] -- Symlinking: /home/dung/Manipulator_amr_90_dergee/install/dynamixel_hardware_interface/share/dynamixel_hardware_interface/environment/path.dsv
[8.845s] -- Symlinking: /home/dung/Manipulator_amr_90_dergee/install/dynamixel_hardware_interface/share/dynamixel_hardware_interface/local_setup.bash
[8.852s] -- Symlinking: /home/dung/Manipulator_amr_90_dergee/install/dynamixel_hardware_interface/share/dynamixel_hardware_interface/local_setup.sh
[8.859s] -- Symlinking: /home/dung/Manipulator_amr_90_dergee/install/dynamixel_hardware_interface/share/dynamixel_hardware_interface/local_setup.zsh
[8.866s] -- Symlinking: /home/dung/Manipulator_amr_90_dergee/install/dynamixel_hardware_interface/share/dynamixel_hardware_interface/local_setup.dsv
[8.872s] -- Symlinking: /home/dung/Manipulator_amr_90_dergee/install/dynamixel_hardware_interface/share/dynamixel_hardware_interface/package.dsv
[8.880s] -- Symlinking: /home/dung/Manipulator_amr_90_dergee/install/dynamixel_hardware_interface/share/ament_index/resource_index/packages/dynamixel_hardware_interface
[8.886s] -- Symlinking: /home/dung/Manipulator_amr_90_dergee/install/dynamixel_hardware_interface/share/ament_index/resource_index/hardware_interface__pluginlib__plugin/dynamixel_hardware_interface
[8.893s] -- Symlinking: /home/dung/Manipulator_amr_90_dergee/install/dynamixel_hardware_interface/share/dynamixel_hardware_interface/cmake/ament_cmake_export_include_directories-extras.cmake
[8.900s] -- Symlinking: /home/dung/Manipulator_amr_90_dergee/install/dynamixel_hardware_interface/share/dynamixel_hardware_interface/cmake/ament_cmake_export_libraries-extras.cmake
[8.906s] -- Symlinking: /home/dung/Manipulator_amr_90_dergee/install/dynamixel_hardware_interface/share/dynamixel_hardware_interface/cmake/ament_cmake_export_targets-extras.cmake
[8.913s] -- Symlinking: /home/dung/Manipulator_amr_90_dergee/install/dynamixel_hardware_interface/share/dynamixel_hardware_interface/cmake/ament_cmake_export_dependencies-extras.cmake
[8.920s] -- Symlinking: /home/dung/Manipulator_amr_90_dergee/install/dynamixel_hardware_interface/share/dynamixel_hardware_interface/cmake/dynamixel_hardware_interfaceConfig.cmake
[8.926s] -- Symlinking: /home/dung/Manipulator_amr_90_dergee/install/dynamixel_hardware_interface/share/dynamixel_hardware_interface/cmake/dynamixel_hardware_interfaceConfig-version.cmake
[8.933s] -- Symlinking: /home/dung/Manipulator_amr_90_dergee/install/dynamixel_hardware_interface/share/dynamixel_hardware_interface/package.xml
[8.940s] -- Installing: /home/dung/Manipulator_amr_90_dergee/install/dynamixel_hardware_interface/lib/libdynamixel_hardware_interface.so
[8.949s] -- Set runtime path of "/home/dung/Manipulator_amr_90_dergee/install/dynamixel_hardware_interface/lib/libdynamixel_hardware_interface.so" to ""
[8.949s] -- Installing: /home/dung/Manipulator_amr_90_dergee/install/dynamixel_hardware_interface/share/dynamixel_hardware_interface/cmake/export_dynamixel_hardware_interfaceExport.cmake
[8.949s] -- Installing: /home/dung/Manipulator_amr_90_dergee/install/dynamixel_hardware_interface/share/dynamixel_hardware_interface/cmake/export_dynamixel_hardware_interfaceExport-noconfig.cmake
[8.951s] Invoked command in '/home/dung/Manipulator_amr_90_dergee/build/dynamixel_hardware_interface' returned '0': CMAKE_PREFIX_PATH=/home/dung/Manipulator_amr_90_dergee/install/dynamixel_sdk:/home/dung/Manipulator_amr_90_dergee/install/dynamixel_interfaces:/home/dung/Manipulator_amr_90_dergee/install/open_manipulator:/home/dung/Manipulator_amr_90_dergee/install/open_manipulator_x_teleop:/home/dung/Manipulator_amr_90_dergee/install/open_manipulator_x_playground:/home/dung/Manipulator_amr_90_dergee/install/open_manipulator_x_moveit_config:/home/dung/Manipulator_amr_90_dergee/install/open_manipulator_x_gui:/home/dung/Manipulator_amr_90_dergee/install/open_manipulator_x_bringup:/home/dung/Manipulator_amr_90_dergee/install/open_manipulator_x_description:/home/dung/Manipulator_amr_90_dergee/install/dynamixel_sdk_examples:/home/dung/Manipulator_amr_90_dergee/install/dynamixel_sdk_custom_interfaces:/home/dung/Manipulator_amr_90_dergee/install/dynamixel_hardware_interface:/home/dung/install/open_manipulator:/home/dung/install/open_manipulator_x_teleop:/home/dung/install/open_manipulator_x_playground:/home/dung/install/open_manipulator_x_moveit_config:/home/dung/install/open_manipulator_x_gui:/home/dung/install/open_manipulator_x_bringup:/home/dung/install/open_manipulator_x_description:/home/dung/install/libuvc:/home/dung/install/dynamixel_sdk_examples:/home/dung/install/dynamixel_sdk_custom_interfaces:/home/dung/install/dynamixel_hardware_interface:/home/dung/install/dynamixel_sdk:/home/dung/install/dynamixel_interfaces:/home/dung/install/astra_camera:/home/dung/install/astra_camera_msgs:/home/dung/install/arm_controller:/opt/ros/humble LD_LIBRARY_PATH=/home/dung/Manipulator_amr_90_dergee/install/dynamixel_sdk/lib:/home/dung/Manipulator_amr_90_dergee/install/dynamixel_interfaces/lib:/home/dung/Manipulator_amr_90_dergee/install/open_manipulator_x_gui/lib:/home/dung/Manipulator_amr_90_dergee/install/dynamixel_sdk_custom_interfaces/lib:/home/dung/Manipulator_amr_90_dergee/install/dynamixel_hardware_interface/lib:/home/dung/install/open_manipulator_x_gui/lib:/home/dung/install/libuvc/lib:/home/dung/install/dynamixel_sdk_custom_interfaces/lib:/home/dung/install/dynamixel_hardware_interface/lib:/home/dung/install/dynamixel_sdk/lib:/home/dung/install/dynamixel_interfaces/lib:/home/dung/install/astra_camera/lib:/home/dung/install/astra_camera_msgs/lib:/opt/ros/humble/opt/rviz_ogre_vendor/lib:/opt/ros/humble/lib/x86_64-linux-gnu:/opt/ros/humble/lib:/usr/lib/x86_64-linux-gnu/gazebo-11/plugins:/usr/lib/x86_64-linux-gnu/gazebo-11/plugins:/usr/lib/x86_64-linux-gnu/gazebo-11/plugins:/usr/lib/x86_64-linux-gnu/gazebo-11/plugins:/usr/lib/x86_64-linux-gnu/gazebo-11/plugins:/usr/lib/x86_64-linux-gnu/gazebo-11/plugins:/usr/lib/x86_64-linux-gnu/gazebo-11/plugins:/usr/lib/x86_64-linux-gnu/gazebo-11/plugins:/usr/lib/x86_64-linux-gnu/gazebo-11/plugins:/usr/lib/x86_64-linux-gnu/gazebo-11/plugins /usr/bin/cmake --install /home/dung/Manipulator_amr_90_dergee/build/dynamixel_hardware_interface
