[0.017s] Invoking command in '/home/dung/Manipulator_amr_90_dergee/build/open_manipulator_x_playground': CMAKE_PREFIX_PATH=${CMAKE_PREFIX_PATH}:/opt/ros/humble /usr/bin/cmake /home/dung/Manipulator_amr_90_dergee/src/open_manipulator/open_manipulator_x_playground -DCMAKE_INSTALL_PREFIX=/home/dung/Manipulator_amr_90_dergee/install/open_manipulator_x_playground
[0.028s] -- Found ament_cmake: 1.3.13 (/opt/ros/humble/share/ament_cmake/cmake)
[0.137s] -- Override CMake install command with custom implementation using symlinks instead of copying resources
[0.141s] -- Found rclcpp: 16.0.18 (/opt/ros/humble/share/rclcpp/cmake)
[0.162s] -- Found rosidl_generator_c: 3.1.8 (/opt/ros/humble/share/rosidl_generator_c/cmake)
[0.164s] -- Found rosidl_adapter: 3.1.8 (/opt/ros/humble/share/rosidl_adapter/cmake)
[0.170s] -- Found rosidl_generator_cpp: 3.1.8 (/opt/ros/humble/share/rosidl_generator_cpp/cmake)
[0.177s] -- Using all available rosidl_typesupport_c: rosidl_typesupport_fastrtps_c;rosidl_typesupport_introspection_c
[0.185s] -- Using all available rosidl_typesupport_cpp: rosidl_typesupport_fastrtps_cpp;rosidl_typesupport_introspection_cpp
[0.210s] -- Found rmw_implementation_cmake: 6.1.2 (/opt/ros/humble/share/rmw_implementation_cmake/cmake)
[0.211s] -- Found rmw_fastrtps_cpp: 6.2.10 (/opt/ros/humble/share/rmw_fastrtps_cpp/cmake)
[0.315s] -- Using RMW implementation 'rmw_fastrtps_cpp' as default
[0.349s] -- Found moveit_ros_planning_interface: 2.5.9 (/opt/ros/humble/share/moveit_ros_planning_interface/cmake)
[0.355s] -- Found Boost: /usr/lib/x86_64-linux-gnu/cmake/Boost-1.74.0/BoostConfig.cmake (found version "1.74.0") found components: date_time filesystem program_options system thread 
[0.473s] -- Found Boost: /usr/lib/x86_64-linux-gnu/cmake/Boost-1.74.0/BoostConfig.cmake (found version "1.74.0") found components: chrono date_time filesystem iostreams program_options regex serialization system thread 
[0.490s] -- Found parameter_traits: 0.6.0 (/opt/ros/humble/share/parameter_traits/cmake)
[0.494s] -- Found rclcpp_lifecycle: 16.0.18 (/opt/ros/humble/share/rclcpp_lifecycle/cmake)
[0.513s] -- Found Boost: /usr/lib/x86_64-linux-gnu/cmake/Boost-1.74.0/BoostConfig.cmake (found version "1.74.0") found components: filesystem 
[0.547s] -- library: /usr/lib/x86_64-linux-gnu/libcurl.so
[0.566s] -- Ensuring Eigen3 include directory is part of orocos-kdl CMake target
[0.650s] -- Found Boost: /usr/lib/x86_64-linux-gnu/cmake/Boost-1.74.0/BoostConfig.cmake (found version "1.74.0") found components: system filesystem date_time program_options thread chrono 
[0.670s] -- Found Boost: /usr/lib/x86_64-linux-gnu/cmake/Boost-1.74.0/BoostConfig.cmake (found version "1.74.0") found components: thread system filesystem regex date_time program_options 
[0.685s] -- Found Boost: /usr/lib/x86_64-linux-gnu/cmake/Boost-1.74.0/BoostConfig.cmake (found version "1.74.0") found components: system filesystem date_time program_options thread 
[0.764s] -- Configuring done
[0.794s] -- Generating done
[0.803s] -- Build files have been written to: /home/dung/Manipulator_amr_90_dergee/build/open_manipulator_x_playground
[0.821s] Invoked command in '/home/dung/Manipulator_amr_90_dergee/build/open_manipulator_x_playground' returned '0': CMAKE_PREFIX_PATH=${CMAKE_PREFIX_PATH}:/opt/ros/humble /usr/bin/cmake /home/dung/Manipulator_amr_90_dergee/src/open_manipulator/open_manipulator_x_playground -DCMAKE_INSTALL_PREFIX=/home/dung/Manipulator_amr_90_dergee/install/open_manipulator_x_playground
[0.822s] Invoking command in '/home/dung/Manipulator_amr_90_dergee/build/open_manipulator_x_playground': CMAKE_PREFIX_PATH=${CMAKE_PREFIX_PATH}:/opt/ros/humble /usr/bin/cmake --build /home/dung/Manipulator_amr_90_dergee/build/open_manipulator_x_playground -- -j32 -l32
[0.875s] [35m[1mConsolidate compiler generated dependencies of target main[0m
[0.875s] [35m[1mConsolidate compiler generated dependencies of target hello_moveit[0m
[0.906s] [100%] Built target hello_moveit
[0.906s] [100%] Built target main
[0.918s] Invoked command in '/home/dung/Manipulator_amr_90_dergee/build/open_manipulator_x_playground' returned '0': CMAKE_PREFIX_PATH=${CMAKE_PREFIX_PATH}:/opt/ros/humble /usr/bin/cmake --build /home/dung/Manipulator_amr_90_dergee/build/open_manipulator_x_playground -- -j32 -l32
[0.919s] Invoking command in '/home/dung/Manipulator_amr_90_dergee/build/open_manipulator_x_playground': CMAKE_PREFIX_PATH=${CMAKE_PREFIX_PATH}:/opt/ros/humble /usr/bin/cmake --install /home/dung/Manipulator_amr_90_dergee/build/open_manipulator_x_playground
[0.926s] -- Install configuration: ""
[0.926s] -- Execute custom install script
[0.926s] -- Up-to-date symlink: /home/dung/Manipulator_amr_90_dergee/install/open_manipulator_x_playground/lib/open_manipulator_x_playground/hello_moveit
[0.926s] -- Up-to-date symlink: /home/dung/Manipulator_amr_90_dergee/install/open_manipulator_x_playground/lib/open_manipulator_x_playground/main
[0.927s] -- Up-to-date symlink: /home/dung/Manipulator_amr_90_dergee/install/open_manipulator_x_playground/share/ament_index/resource_index/package_run_dependencies/open_manipulator_x_playground
[0.927s] -- Up-to-date symlink: /home/dung/Manipulator_amr_90_dergee/install/open_manipulator_x_playground/share/ament_index/resource_index/parent_prefix_path/open_manipulator_x_playground
[0.927s] -- Up-to-date symlink: /home/dung/Manipulator_amr_90_dergee/install/open_manipulator_x_playground/share/open_manipulator_x_playground/environment/ament_prefix_path.sh
[0.927s] -- Up-to-date symlink: /home/dung/Manipulator_amr_90_dergee/install/open_manipulator_x_playground/share/open_manipulator_x_playground/environment/ament_prefix_path.dsv
[0.927s] -- Up-to-date symlink: /home/dung/Manipulator_amr_90_dergee/install/open_manipulator_x_playground/share/open_manipulator_x_playground/environment/path.sh
[0.927s] -- Up-to-date symlink: /home/dung/Manipulator_amr_90_dergee/install/open_manipulator_x_playground/share/open_manipulator_x_playground/environment/path.dsv
[0.927s] -- Up-to-date symlink: /home/dung/Manipulator_amr_90_dergee/install/open_manipulator_x_playground/share/open_manipulator_x_playground/local_setup.bash
[0.927s] -- Up-to-date symlink: /home/dung/Manipulator_amr_90_dergee/install/open_manipulator_x_playground/share/open_manipulator_x_playground/local_setup.sh
[0.927s] -- Up-to-date symlink: /home/dung/Manipulator_amr_90_dergee/install/open_manipulator_x_playground/share/open_manipulator_x_playground/local_setup.zsh
[0.927s] -- Up-to-date symlink: /home/dung/Manipulator_amr_90_dergee/install/open_manipulator_x_playground/share/open_manipulator_x_playground/local_setup.dsv
[0.927s] -- Symlinking: /home/dung/Manipulator_amr_90_dergee/install/open_manipulator_x_playground/share/open_manipulator_x_playground/package.dsv
[0.938s] -- Up-to-date symlink: /home/dung/Manipulator_amr_90_dergee/install/open_manipulator_x_playground/share/ament_index/resource_index/packages/open_manipulator_x_playground
[0.938s] -- Up-to-date symlink: /home/dung/Manipulator_amr_90_dergee/install/open_manipulator_x_playground/share/open_manipulator_x_playground/cmake/open_manipulator_x_playgroundConfig.cmake
[0.938s] -- Up-to-date symlink: /home/dung/Manipulator_amr_90_dergee/install/open_manipulator_x_playground/share/open_manipulator_x_playground/cmake/open_manipulator_x_playgroundConfig-version.cmake
[0.938s] -- Up-to-date symlink: /home/dung/Manipulator_amr_90_dergee/install/open_manipulator_x_playground/share/open_manipulator_x_playground/package.xml
[0.938s] -- Up-to-date symlink: /home/dung/Manipulator_amr_90_dergee/install/open_manipulator_x_playground/share/open_manipulator_x_playground/launch/main_with_moveit.launch.py
[0.942s] Invoked command in '/home/dung/Manipulator_amr_90_dergee/build/open_manipulator_x_playground' returned '0': CMAKE_PREFIX_PATH=${CMAKE_PREFIX_PATH}:/opt/ros/humble /usr/bin/cmake --install /home/dung/Manipulator_amr_90_dergee/build/open_manipulator_x_playground
