[0.022s] Invoking command in '/home/dung/Manipulator_amr_90_dergee/build/open_manipulator_x_description': CMAKE_PREFIX_PATH=${CMAKE_PREFIX_PATH}:/opt/ros/humble /usr/bin/cmake /home/dung/Manipulator_amr_90_dergee/src/open_manipulator/open_manipulator_x_description -DAMENT_CMAKE_SYMLINK_INSTALL=1 -DCMAKE_INSTALL_PREFIX=/home/dung/Manipulator_amr_90_dergee/install/open_manipulator_x_description
[0.095s] -- The C compiler identification is GNU 11.4.0
[0.148s] -- The CXX compiler identification is GNU 11.4.0
[0.155s] -- Detecting C compiler ABI info
[0.213s] -- Detecting C compiler ABI info - done
[0.217s] -- Check for working C compiler: /usr/bin/cc - skipped
[0.217s] -- Detecting C compile features
[0.217s] -- Detecting C compile features - done
[0.219s] -- Detecting CXX compiler ABI info
[0.285s] -- Detecting CXX compiler ABI info - done
[0.290s] -- Check for working CXX compiler: /usr/bin/c++ - skipped
[0.290s] -- Detecting CXX compile features
[0.290s] -- Detecting CXX compile features - done
[0.293s] -- Found ament_cmake: 1.3.13 (/opt/ros/humble/share/ament_cmake/cmake)
[0.398s] -- Found Python3: /usr/bin/python3 (found version "3.10.12") found components: Interpreter 
[0.441s] -- Override CMake install command with custom implementation using symlinks instead of copying resources
[0.523s] -- Configuring done
[0.525s] -- Generating done
[0.526s] -- Build files have been written to: /home/dung/Manipulator_amr_90_dergee/build/open_manipulator_x_description
[0.530s] Invoked command in '/home/dung/Manipulator_amr_90_dergee/build/open_manipulator_x_description' returned '0': CMAKE_PREFIX_PATH=${CMAKE_PREFIX_PATH}:/opt/ros/humble /usr/bin/cmake /home/dung/Manipulator_amr_90_dergee/src/open_manipulator/open_manipulator_x_description -DAMENT_CMAKE_SYMLINK_INSTALL=1 -DCMAKE_INSTALL_PREFIX=/home/dung/Manipulator_amr_90_dergee/install/open_manipulator_x_description
[0.531s] Invoking command in '/home/dung/Manipulator_amr_90_dergee/build/open_manipulator_x_description': CMAKE_PREFIX_PATH=${CMAKE_PREFIX_PATH}:/opt/ros/humble /usr/bin/cmake --build /home/dung/Manipulator_amr_90_dergee/build/open_manipulator_x_description -- -j32 -l32
[0.563s] Invoked command in '/home/dung/Manipulator_amr_90_dergee/build/open_manipulator_x_description' returned '0': CMAKE_PREFIX_PATH=${CMAKE_PREFIX_PATH}:/opt/ros/humble /usr/bin/cmake --build /home/dung/Manipulator_amr_90_dergee/build/open_manipulator_x_description -- -j32 -l32
[0.570s] Invoking command in '/home/dung/Manipulator_amr_90_dergee/build/open_manipulator_x_description': CMAKE_PREFIX_PATH=${CMAKE_PREFIX_PATH}:/opt/ros/humble /usr/bin/cmake --install /home/dung/Manipulator_amr_90_dergee/build/open_manipulator_x_description
[0.576s] -- Install configuration: ""
[0.576s] -- Execute custom install script
[0.576s] -- Symlinking: /home/dung/Manipulator_amr_90_dergee/install/open_manipulator_x_description/share/open_manipulator_x_description/launch/model.launch.py
[0.584s] -- Symlinking: /home/dung/Manipulator_amr_90_dergee/install/open_manipulator_x_description/share/open_manipulator_x_description/meshes/Plate.stl
[0.590s] -- Symlinking: /home/dung/Manipulator_amr_90_dergee/install/open_manipulator_x_description/share/open_manipulator_x_description/meshes/gripper_left_palm.stl
[0.599s] -- Symlinking: /home/dung/Manipulator_amr_90_dergee/install/open_manipulator_x_description/share/open_manipulator_x_description/meshes/gripper_right_palm.stl
[0.608s] -- Symlinking: /home/dung/Manipulator_amr_90_dergee/install/open_manipulator_x_description/share/open_manipulator_x_description/meshes/link1.stl
[0.616s] -- Symlinking: /home/dung/Manipulator_amr_90_dergee/install/open_manipulator_x_description/share/open_manipulator_x_description/meshes/link2.stl
[0.623s] -- Symlinking: /home/dung/Manipulator_amr_90_dergee/install/open_manipulator_x_description/share/open_manipulator_x_description/meshes/link3.stl
[0.632s] -- Symlinking: /home/dung/Manipulator_amr_90_dergee/install/open_manipulator_x_description/share/open_manipulator_x_description/meshes/link4.stl
[0.640s] -- Symlinking: /home/dung/Manipulator_amr_90_dergee/install/open_manipulator_x_description/share/open_manipulator_x_description/meshes/link5.stl
[0.648s] -- Symlinking: /home/dung/Manipulator_amr_90_dergee/install/open_manipulator_x_description/share/open_manipulator_x_description/rviz/open_manipulator_x.rviz
[0.655s] -- Symlinking: /home/dung/Manipulator_amr_90_dergee/install/open_manipulator_x_description/share/open_manipulator_x_description/urdf/materials.xacro
[0.663s] -- Symlinking: /home/dung/Manipulator_amr_90_dergee/install/open_manipulator_x_description/share/open_manipulator_x_description/urdf/open_manipulator_x.urdf.xacro
[0.671s] -- Symlinking: /home/dung/Manipulator_amr_90_dergee/install/open_manipulator_x_description/share/open_manipulator_x_description/urdf/open_manipulator_x_robot.urdf.xacro
[0.681s] -- Symlinking: /home/dung/Manipulator_amr_90_dergee/install/open_manipulator_x_description/share/open_manipulator_x_description/gazebo/materials.xacro
[0.693s] -- Symlinking: /home/dung/Manipulator_amr_90_dergee/install/open_manipulator_x_description/share/open_manipulator_x_description/gazebo/open_manipulator_x.gazebo.xacro
[0.705s] -- Symlinking: /home/dung/Manipulator_amr_90_dergee/install/open_manipulator_x_description/share/open_manipulator_x_description/ros2_control/open_manipulator_x_system.ros2_control.xacro
[0.718s] -- Symlinking: /home/dung/Manipulator_amr_90_dergee/install/open_manipulator_x_description/share/ament_index/resource_index/package_run_dependencies/open_manipulator_x_description
[0.730s] -- Symlinking: /home/dung/Manipulator_amr_90_dergee/install/open_manipulator_x_description/share/ament_index/resource_index/parent_prefix_path/open_manipulator_x_description
[0.741s] -- Symlinking: /home/dung/Manipulator_amr_90_dergee/install/open_manipulator_x_description/share/open_manipulator_x_description/environment/ament_prefix_path.sh
[0.754s] -- Symlinking: /home/dung/Manipulator_amr_90_dergee/install/open_manipulator_x_description/share/open_manipulator_x_description/environment/ament_prefix_path.dsv
[0.765s] -- Symlinking: /home/dung/Manipulator_amr_90_dergee/install/open_manipulator_x_description/share/open_manipulator_x_description/environment/path.sh
[0.776s] -- Symlinking: /home/dung/Manipulator_amr_90_dergee/install/open_manipulator_x_description/share/open_manipulator_x_description/environment/path.dsv
[0.786s] -- Symlinking: /home/dung/Manipulator_amr_90_dergee/install/open_manipulator_x_description/share/open_manipulator_x_description/local_setup.bash
[0.797s] -- Symlinking: /home/dung/Manipulator_amr_90_dergee/install/open_manipulator_x_description/share/open_manipulator_x_description/local_setup.sh
[0.807s] -- Symlinking: /home/dung/Manipulator_amr_90_dergee/install/open_manipulator_x_description/share/open_manipulator_x_description/local_setup.zsh
[0.818s] -- Symlinking: /home/dung/Manipulator_amr_90_dergee/install/open_manipulator_x_description/share/open_manipulator_x_description/local_setup.dsv
[0.828s] -- Symlinking: /home/dung/Manipulator_amr_90_dergee/install/open_manipulator_x_description/share/open_manipulator_x_description/package.dsv
[0.837s] -- Symlinking: /home/dung/Manipulator_amr_90_dergee/install/open_manipulator_x_description/share/ament_index/resource_index/packages/open_manipulator_x_description
[0.851s] -- Symlinking: /home/dung/Manipulator_amr_90_dergee/install/open_manipulator_x_description/share/open_manipulator_x_description/cmake/open_manipulator_x_descriptionConfig.cmake
[0.861s] -- Symlinking: /home/dung/Manipulator_amr_90_dergee/install/open_manipulator_x_description/share/open_manipulator_x_description/cmake/open_manipulator_x_descriptionConfig-version.cmake
[0.872s] -- Symlinking: /home/dung/Manipulator_amr_90_dergee/install/open_manipulator_x_description/share/open_manipulator_x_description/package.xml
[0.884s] Invoked command in '/home/dung/Manipulator_amr_90_dergee/build/open_manipulator_x_description' returned '0': CMAKE_PREFIX_PATH=${CMAKE_PREFIX_PATH}:/opt/ros/humble /usr/bin/cmake --install /home/dung/Manipulator_amr_90_dergee/build/open_manipulator_x_description
