[0.014s] Invoking command in '/home/dung/Manipulator_amr_90_dergee/build/open_manipulator_x_moveit_config': CMAKE_PREFIX_PATH=/home/dung/Manipulator_amr_90_dergee/install/open_manipulator_x_description:/home/dung/Manipulator_amr_90_dergee/install/open_manipulator:/home/dung/Manipulator_amr_90_dergee/install/open_manipulator_x_teleop:/home/dung/Manipulator_amr_90_dergee/install/open_manipulator_x_playground:/home/dung/Manipulator_amr_90_dergee/install/open_manipulator_x_moveit_config:/home/dung/Manipulator_amr_90_dergee/install/open_manipulator_x_gui:/home/dung/Manipulator_amr_90_dergee/install/open_manipulator_x_bringup:/home/dung/Manipulator_amr_90_dergee/install/dynamixel_sdk_examples:/home/dung/Manipulator_amr_90_dergee/install/dynamixel_sdk_custom_interfaces:/home/dung/Manipulator_amr_90_dergee/install/dynamixel_hardware_interface:/home/dung/Manipulator_amr_90_dergee/install/dynamixel_sdk:/home/dung/Manipulator_amr_90_dergee/install/dynamixel_interfaces:/home/dung/install/open_manipulator:/home/dung/install/open_manipulator_x_teleop:/home/dung/install/open_manipulator_x_playground:/home/dung/install/open_manipulator_x_moveit_config:/home/dung/install/open_manipulator_x_gui:/home/dung/install/open_manipulator_x_bringup:/home/dung/install/open_manipulator_x_description:/home/dung/install/libuvc:/home/dung/install/dynamixel_sdk_examples:/home/dung/install/dynamixel_sdk_custom_interfaces:/home/dung/install/dynamixel_hardware_interface:/home/dung/install/dynamixel_sdk:/home/dung/install/dynamixel_interfaces:/home/dung/install/astra_camera:/home/dung/install/astra_camera_msgs:/home/dung/install/arm_controller:/opt/ros/humble /usr/bin/cmake /home/dung/Manipulator_amr_90_dergee/src/open_manipulator/open_manipulator_x_moveit_config -DAMENT_CMAKE_SYMLINK_INSTALL=1 -DCMAKE_INSTALL_PREFIX=/home/dung/Manipulator_amr_90_dergee/install/open_manipulator_x_moveit_config
[0.064s] -- The C compiler identification is GNU 11.4.0
[0.106s] -- The CXX compiler identification is GNU 11.4.0
[0.112s] -- Detecting C compiler ABI info
[0.170s] -- Detecting C compiler ABI info - done
[0.174s] -- Check for working C compiler: /usr/bin/cc - skipped
[0.175s] -- Detecting C compile features
[0.175s] -- Detecting C compile features - done
[0.177s] -- Detecting CXX compiler ABI info
[0.243s] -- Detecting CXX compiler ABI info - done
[0.247s] -- Check for working CXX compiler: /usr/bin/c++ - skipped
[0.248s] -- Detecting CXX compile features
[0.248s] -- Detecting CXX compile features - done
[0.251s] -- Found ament_cmake: 1.3.13 (/opt/ros/humble/share/ament_cmake/cmake)
[0.356s] -- Found Python3: /usr/bin/python3 (found version "3.10.12") found components: Interpreter 
[0.396s] -- Override CMake install command with custom implementation using symlinks instead of copying resources
[0.477s] -- Configuring done
[0.479s] -- Generating done
[0.480s] -- Build files have been written to: /home/dung/Manipulator_amr_90_dergee/build/open_manipulator_x_moveit_config
[0.485s] Invoked command in '/home/dung/Manipulator_amr_90_dergee/build/open_manipulator_x_moveit_config' returned '0': CMAKE_PREFIX_PATH=/home/dung/Manipulator_amr_90_dergee/install/open_manipulator_x_description:/home/dung/Manipulator_amr_90_dergee/install/open_manipulator:/home/dung/Manipulator_amr_90_dergee/install/open_manipulator_x_teleop:/home/dung/Manipulator_amr_90_dergee/install/open_manipulator_x_playground:/home/dung/Manipulator_amr_90_dergee/install/open_manipulator_x_moveit_config:/home/dung/Manipulator_amr_90_dergee/install/open_manipulator_x_gui:/home/dung/Manipulator_amr_90_dergee/install/open_manipulator_x_bringup:/home/dung/Manipulator_amr_90_dergee/install/dynamixel_sdk_examples:/home/dung/Manipulator_amr_90_dergee/install/dynamixel_sdk_custom_interfaces:/home/dung/Manipulator_amr_90_dergee/install/dynamixel_hardware_interface:/home/dung/Manipulator_amr_90_dergee/install/dynamixel_sdk:/home/dung/Manipulator_amr_90_dergee/install/dynamixel_interfaces:/home/dung/install/open_manipulator:/home/dung/install/open_manipulator_x_teleop:/home/dung/install/open_manipulator_x_playground:/home/dung/install/open_manipulator_x_moveit_config:/home/dung/install/open_manipulator_x_gui:/home/dung/install/open_manipulator_x_bringup:/home/dung/install/open_manipulator_x_description:/home/dung/install/libuvc:/home/dung/install/dynamixel_sdk_examples:/home/dung/install/dynamixel_sdk_custom_interfaces:/home/dung/install/dynamixel_hardware_interface:/home/dung/install/dynamixel_sdk:/home/dung/install/dynamixel_interfaces:/home/dung/install/astra_camera:/home/dung/install/astra_camera_msgs:/home/dung/install/arm_controller:/opt/ros/humble /usr/bin/cmake /home/dung/Manipulator_amr_90_dergee/src/open_manipulator/open_manipulator_x_moveit_config -DAMENT_CMAKE_SYMLINK_INSTALL=1 -DCMAKE_INSTALL_PREFIX=/home/dung/Manipulator_amr_90_dergee/install/open_manipulator_x_moveit_config
[0.486s] Invoking command in '/home/dung/Manipulator_amr_90_dergee/build/open_manipulator_x_moveit_config': CMAKE_PREFIX_PATH=/home/dung/Manipulator_amr_90_dergee/install/open_manipulator_x_description:/home/dung/Manipulator_amr_90_dergee/install/open_manipulator:/home/dung/Manipulator_amr_90_dergee/install/open_manipulator_x_teleop:/home/dung/Manipulator_amr_90_dergee/install/open_manipulator_x_playground:/home/dung/Manipulator_amr_90_dergee/install/open_manipulator_x_moveit_config:/home/dung/Manipulator_amr_90_dergee/install/open_manipulator_x_gui:/home/dung/Manipulator_amr_90_dergee/install/open_manipulator_x_bringup:/home/dung/Manipulator_amr_90_dergee/install/dynamixel_sdk_examples:/home/dung/Manipulator_amr_90_dergee/install/dynamixel_sdk_custom_interfaces:/home/dung/Manipulator_amr_90_dergee/install/dynamixel_hardware_interface:/home/dung/Manipulator_amr_90_dergee/install/dynamixel_sdk:/home/dung/Manipulator_amr_90_dergee/install/dynamixel_interfaces:/home/dung/install/open_manipulator:/home/dung/install/open_manipulator_x_teleop:/home/dung/install/open_manipulator_x_playground:/home/dung/install/open_manipulator_x_moveit_config:/home/dung/install/open_manipulator_x_gui:/home/dung/install/open_manipulator_x_bringup:/home/dung/install/open_manipulator_x_description:/home/dung/install/libuvc:/home/dung/install/dynamixel_sdk_examples:/home/dung/install/dynamixel_sdk_custom_interfaces:/home/dung/install/dynamixel_hardware_interface:/home/dung/install/dynamixel_sdk:/home/dung/install/dynamixel_interfaces:/home/dung/install/astra_camera:/home/dung/install/astra_camera_msgs:/home/dung/install/arm_controller:/opt/ros/humble /usr/bin/cmake --build /home/dung/Manipulator_amr_90_dergee/build/open_manipulator_x_moveit_config -- -j32 -l32
[0.519s] Invoked command in '/home/dung/Manipulator_amr_90_dergee/build/open_manipulator_x_moveit_config' returned '0': CMAKE_PREFIX_PATH=/home/dung/Manipulator_amr_90_dergee/install/open_manipulator_x_description:/home/dung/Manipulator_amr_90_dergee/install/open_manipulator:/home/dung/Manipulator_amr_90_dergee/install/open_manipulator_x_teleop:/home/dung/Manipulator_amr_90_dergee/install/open_manipulator_x_playground:/home/dung/Manipulator_amr_90_dergee/install/open_manipulator_x_moveit_config:/home/dung/Manipulator_amr_90_dergee/install/open_manipulator_x_gui:/home/dung/Manipulator_amr_90_dergee/install/open_manipulator_x_bringup:/home/dung/Manipulator_amr_90_dergee/install/dynamixel_sdk_examples:/home/dung/Manipulator_amr_90_dergee/install/dynamixel_sdk_custom_interfaces:/home/dung/Manipulator_amr_90_dergee/install/dynamixel_hardware_interface:/home/dung/Manipulator_amr_90_dergee/install/dynamixel_sdk:/home/dung/Manipulator_amr_90_dergee/install/dynamixel_interfaces:/home/dung/install/open_manipulator:/home/dung/install/open_manipulator_x_teleop:/home/dung/install/open_manipulator_x_playground:/home/dung/install/open_manipulator_x_moveit_config:/home/dung/install/open_manipulator_x_gui:/home/dung/install/open_manipulator_x_bringup:/home/dung/install/open_manipulator_x_description:/home/dung/install/libuvc:/home/dung/install/dynamixel_sdk_examples:/home/dung/install/dynamixel_sdk_custom_interfaces:/home/dung/install/dynamixel_hardware_interface:/home/dung/install/dynamixel_sdk:/home/dung/install/dynamixel_interfaces:/home/dung/install/astra_camera:/home/dung/install/astra_camera_msgs:/home/dung/install/arm_controller:/opt/ros/humble /usr/bin/cmake --build /home/dung/Manipulator_amr_90_dergee/build/open_manipulator_x_moveit_config -- -j32 -l32
[0.520s] Invoking command in '/home/dung/Manipulator_amr_90_dergee/build/open_manipulator_x_moveit_config': CMAKE_PREFIX_PATH=/home/dung/Manipulator_amr_90_dergee/install/open_manipulator_x_description:/home/dung/Manipulator_amr_90_dergee/install/open_manipulator:/home/dung/Manipulator_amr_90_dergee/install/open_manipulator_x_teleop:/home/dung/Manipulator_amr_90_dergee/install/open_manipulator_x_playground:/home/dung/Manipulator_amr_90_dergee/install/open_manipulator_x_moveit_config:/home/dung/Manipulator_amr_90_dergee/install/open_manipulator_x_gui:/home/dung/Manipulator_amr_90_dergee/install/open_manipulator_x_bringup:/home/dung/Manipulator_amr_90_dergee/install/dynamixel_sdk_examples:/home/dung/Manipulator_amr_90_dergee/install/dynamixel_sdk_custom_interfaces:/home/dung/Manipulator_amr_90_dergee/install/dynamixel_hardware_interface:/home/dung/Manipulator_amr_90_dergee/install/dynamixel_sdk:/home/dung/Manipulator_amr_90_dergee/install/dynamixel_interfaces:/home/dung/install/open_manipulator:/home/dung/install/open_manipulator_x_teleop:/home/dung/install/open_manipulator_x_playground:/home/dung/install/open_manipulator_x_moveit_config:/home/dung/install/open_manipulator_x_gui:/home/dung/install/open_manipulator_x_bringup:/home/dung/install/open_manipulator_x_description:/home/dung/install/libuvc:/home/dung/install/dynamixel_sdk_examples:/home/dung/install/dynamixel_sdk_custom_interfaces:/home/dung/install/dynamixel_hardware_interface:/home/dung/install/dynamixel_sdk:/home/dung/install/dynamixel_interfaces:/home/dung/install/astra_camera:/home/dung/install/astra_camera_msgs:/home/dung/install/arm_controller:/opt/ros/humble /usr/bin/cmake --install /home/dung/Manipulator_amr_90_dergee/build/open_manipulator_x_moveit_config
[0.526s] -- Install configuration: ""
[0.526s] -- Execute custom install script
[0.527s] -- Symlinking: /home/dung/Manipulator_amr_90_dergee/install/open_manipulator_x_moveit_config/share/open_manipulator_x_moveit_config/launch/demo.launch.py
[0.536s] -- Symlinking: /home/dung/Manipulator_amr_90_dergee/install/open_manipulator_x_moveit_config/share/open_manipulator_x_moveit_config/launch/move_group.launch.py
[0.544s] -- Symlinking: /home/dung/Manipulator_amr_90_dergee/install/open_manipulator_x_moveit_config/share/open_manipulator_x_moveit_config/launch/moveit_core.launch.py
[0.553s] -- Symlinking: /home/dung/Manipulator_amr_90_dergee/install/open_manipulator_x_moveit_config/share/open_manipulator_x_moveit_config/launch/moveit_gazebo.launch.py
[0.560s] -- Symlinking: /home/dung/Manipulator_amr_90_dergee/install/open_manipulator_x_moveit_config/share/open_manipulator_x_moveit_config/launch/moveit_rviz.launch.py
[0.568s] -- Symlinking: /home/dung/Manipulator_amr_90_dergee/install/open_manipulator_x_moveit_config/share/open_manipulator_x_moveit_config/launch/rsp.launch.py
[0.579s] -- Symlinking: /home/dung/Manipulator_amr_90_dergee/install/open_manipulator_x_moveit_config/share/open_manipulator_x_moveit_config/launch/servo.launch.py
[0.588s] -- Symlinking: /home/dung/Manipulator_amr_90_dergee/install/open_manipulator_x_moveit_config/share/open_manipulator_x_moveit_config/launch/setup_assistant.launch.py
[0.597s] -- Symlinking: /home/dung/Manipulator_amr_90_dergee/install/open_manipulator_x_moveit_config/share/open_manipulator_x_moveit_config/launch/spawn_controllers.launch.py
[0.605s] -- Symlinking: /home/dung/Manipulator_amr_90_dergee/install/open_manipulator_x_moveit_config/share/open_manipulator_x_moveit_config/launch/static_virtual_joint_tfs.launch.py
[0.613s] -- Symlinking: /home/dung/Manipulator_amr_90_dergee/install/open_manipulator_x_moveit_config/share/open_manipulator_x_moveit_config/config/initial_positions.yaml
[0.621s] -- Symlinking: /home/dung/Manipulator_amr_90_dergee/install/open_manipulator_x_moveit_config/share/open_manipulator_x_moveit_config/config/joint_limits.yaml
[0.628s] -- Symlinking: /home/dung/Manipulator_amr_90_dergee/install/open_manipulator_x_moveit_config/share/open_manipulator_x_moveit_config/config/kinematics.yaml
[0.636s] -- Symlinking: /home/dung/Manipulator_amr_90_dergee/install/open_manipulator_x_moveit_config/share/open_manipulator_x_moveit_config/config/moveit.rviz
[0.644s] -- Symlinking: /home/dung/Manipulator_amr_90_dergee/install/open_manipulator_x_moveit_config/share/open_manipulator_x_moveit_config/config/moveit_controllers.yaml
[0.653s] -- Symlinking: /home/dung/Manipulator_amr_90_dergee/install/open_manipulator_x_moveit_config/share/open_manipulator_x_moveit_config/config/moveit_servo.yaml
[0.660s] -- Symlinking: /home/dung/Manipulator_amr_90_dergee/install/open_manipulator_x_moveit_config/share/open_manipulator_x_moveit_config/config/moveit_teleop.rviz
[0.669s] -- Symlinking: /home/dung/Manipulator_amr_90_dergee/install/open_manipulator_x_moveit_config/share/open_manipulator_x_moveit_config/config/ompl_planning.yaml
[0.677s] -- Symlinking: /home/dung/Manipulator_amr_90_dergee/install/open_manipulator_x_moveit_config/share/open_manipulator_x_moveit_config/config/open_manipulator_x.ros2_control.xacro
[0.685s] -- Symlinking: /home/dung/Manipulator_amr_90_dergee/install/open_manipulator_x_moveit_config/share/open_manipulator_x_moveit_config/config/open_manipulator_x.srdf
[0.694s] -- Symlinking: /home/dung/Manipulator_amr_90_dergee/install/open_manipulator_x_moveit_config/share/open_manipulator_x_moveit_config/config/open_manipulator_x.urdf.xacro
[0.702s] -- Symlinking: /home/dung/Manipulator_amr_90_dergee/install/open_manipulator_x_moveit_config/share/open_manipulator_x_moveit_config/config/pilz_cartesian_limits.yaml
[0.710s] -- Symlinking: /home/dung/Manipulator_amr_90_dergee/install/open_manipulator_x_moveit_config/share/open_manipulator_x_moveit_config/.setup_assistant
[0.718s] -- Symlinking: /home/dung/Manipulator_amr_90_dergee/install/open_manipulator_x_moveit_config/share/ament_index/resource_index/package_run_dependencies/open_manipulator_x_moveit_config
[0.727s] -- Symlinking: /home/dung/Manipulator_amr_90_dergee/install/open_manipulator_x_moveit_config/share/ament_index/resource_index/parent_prefix_path/open_manipulator_x_moveit_config
[0.736s] -- Symlinking: /home/dung/Manipulator_amr_90_dergee/install/open_manipulator_x_moveit_config/share/open_manipulator_x_moveit_config/environment/ament_prefix_path.sh
[0.743s] -- Symlinking: /home/dung/Manipulator_amr_90_dergee/install/open_manipulator_x_moveit_config/share/open_manipulator_x_moveit_config/environment/ament_prefix_path.dsv
[0.750s] -- Symlinking: /home/dung/Manipulator_amr_90_dergee/install/open_manipulator_x_moveit_config/share/open_manipulator_x_moveit_config/environment/path.sh
[0.758s] -- Symlinking: /home/dung/Manipulator_amr_90_dergee/install/open_manipulator_x_moveit_config/share/open_manipulator_x_moveit_config/environment/path.dsv
[0.767s] -- Symlinking: /home/dung/Manipulator_amr_90_dergee/install/open_manipulator_x_moveit_config/share/open_manipulator_x_moveit_config/local_setup.bash
[0.776s] -- Symlinking: /home/dung/Manipulator_amr_90_dergee/install/open_manipulator_x_moveit_config/share/open_manipulator_x_moveit_config/local_setup.sh
[0.787s] -- Symlinking: /home/dung/Manipulator_amr_90_dergee/install/open_manipulator_x_moveit_config/share/open_manipulator_x_moveit_config/local_setup.zsh
[0.796s] -- Symlinking: /home/dung/Manipulator_amr_90_dergee/install/open_manipulator_x_moveit_config/share/open_manipulator_x_moveit_config/local_setup.dsv
[0.806s] -- Symlinking: /home/dung/Manipulator_amr_90_dergee/install/open_manipulator_x_moveit_config/share/open_manipulator_x_moveit_config/package.dsv
[0.815s] -- Symlinking: /home/dung/Manipulator_amr_90_dergee/install/open_manipulator_x_moveit_config/share/ament_index/resource_index/packages/open_manipulator_x_moveit_config
[0.823s] -- Symlinking: /home/dung/Manipulator_amr_90_dergee/install/open_manipulator_x_moveit_config/share/open_manipulator_x_moveit_config/cmake/open_manipulator_x_moveit_configConfig.cmake
[0.833s] -- Symlinking: /home/dung/Manipulator_amr_90_dergee/install/open_manipulator_x_moveit_config/share/open_manipulator_x_moveit_config/cmake/open_manipulator_x_moveit_configConfig-version.cmake
[0.846s] -- Symlinking: /home/dung/Manipulator_amr_90_dergee/install/open_manipulator_x_moveit_config/share/open_manipulator_x_moveit_config/package.xml
[0.858s] Invoked command in '/home/dung/Manipulator_amr_90_dergee/build/open_manipulator_x_moveit_config' returned '0': CMAKE_PREFIX_PATH=/home/dung/Manipulator_amr_90_dergee/install/open_manipulator_x_description:/home/dung/Manipulator_amr_90_dergee/install/open_manipulator:/home/dung/Manipulator_amr_90_dergee/install/open_manipulator_x_teleop:/home/dung/Manipulator_amr_90_dergee/install/open_manipulator_x_playground:/home/dung/Manipulator_amr_90_dergee/install/open_manipulator_x_moveit_config:/home/dung/Manipulator_amr_90_dergee/install/open_manipulator_x_gui:/home/dung/Manipulator_amr_90_dergee/install/open_manipulator_x_bringup:/home/dung/Manipulator_amr_90_dergee/install/dynamixel_sdk_examples:/home/dung/Manipulator_amr_90_dergee/install/dynamixel_sdk_custom_interfaces:/home/dung/Manipulator_amr_90_dergee/install/dynamixel_hardware_interface:/home/dung/Manipulator_amr_90_dergee/install/dynamixel_sdk:/home/dung/Manipulator_amr_90_dergee/install/dynamixel_interfaces:/home/dung/install/open_manipulator:/home/dung/install/open_manipulator_x_teleop:/home/dung/install/open_manipulator_x_playground:/home/dung/install/open_manipulator_x_moveit_config:/home/dung/install/open_manipulator_x_gui:/home/dung/install/open_manipulator_x_bringup:/home/dung/install/open_manipulator_x_description:/home/dung/install/libuvc:/home/dung/install/dynamixel_sdk_examples:/home/dung/install/dynamixel_sdk_custom_interfaces:/home/dung/install/dynamixel_hardware_interface:/home/dung/install/dynamixel_sdk:/home/dung/install/dynamixel_interfaces:/home/dung/install/astra_camera:/home/dung/install/astra_camera_msgs:/home/dung/install/arm_controller:/opt/ros/humble /usr/bin/cmake --install /home/dung/Manipulator_amr_90_dergee/build/open_manipulator_x_moveit_config
