[0.008s] Invoking command in '/home/dung/Manipulator_amr_90_dergee/build/open_manipulator_x_playground': CMAKE_PREFIX_PATH=${CMAKE_PREFIX_PATH}:/home/dung/install/easy_handeye2:/opt/ros/humble /usr/bin/cmake --build /home/dung/Manipulator_amr_90_dergee/build/open_manipulator_x_playground -- -j32 -l32
[0.047s] [35m[1mConsolidate compiler generated dependencies of target main[0m
[0.061s] [ 50%] Built target hello_moveit
[0.063s] [ 75%] [32mBuilding CXX object CMakeFiles/main.dir/src/main.cpp.o[0m
[3.528s] [100%] [32m[1mLinking CXX executable main[0m
[3.840s] [100%] Built target main
[3.850s] Invoked command in '/home/dung/Manipulator_amr_90_dergee/build/open_manipulator_x_playground' returned '0': CMAKE_PREFIX_PATH=${CMAKE_PREFIX_PATH}:/home/dung/install/easy_handeye2:/opt/ros/humble /usr/bin/cmake --build /home/dung/Manipulator_amr_90_dergee/build/open_manipulator_x_playground -- -j32 -l32
[3.858s] Invoking command in '/home/dung/Manipulator_amr_90_dergee/build/open_manipulator_x_playground': CMAKE_PREFIX_PATH=${CMAKE_PREFIX_PATH}:/home/dung/install/easy_handeye2:/opt/ros/humble /usr/bin/cmake --install /home/dung/Manipulator_amr_90_dergee/build/open_manipulator_x_playground
[3.864s] -- Install configuration: ""
[3.864s] -- Up-to-date: /home/dung/Manipulator_amr_90_dergee/install/open_manipulator_x_playground/lib/open_manipulator_x_playground/hello_moveit
[3.864s] -- Installing: /home/dung/Manipulator_amr_90_dergee/install/open_manipulator_x_playground/lib/open_manipulator_x_playground/main
[3.866s] -- Set runtime path of "/home/dung/Manipulator_amr_90_dergee/install/open_manipulator_x_playground/lib/open_manipulator_x_playground/main" to ""
[3.866s] -- Up-to-date: /home/dung/Manipulator_amr_90_dergee/install/open_manipulator_x_playground/share/ament_index/resource_index/package_run_dependencies/open_manipulator_x_playground
[3.866s] -- Up-to-date: /home/dung/Manipulator_amr_90_dergee/install/open_manipulator_x_playground/share/ament_index/resource_index/parent_prefix_path/open_manipulator_x_playground
[3.866s] -- Up-to-date: /home/dung/Manipulator_amr_90_dergee/install/open_manipulator_x_playground/share/open_manipulator_x_playground/environment/ament_prefix_path.sh
[3.866s] -- Up-to-date: /home/dung/Manipulator_amr_90_dergee/install/open_manipulator_x_playground/share/open_manipulator_x_playground/environment/ament_prefix_path.dsv
[3.866s] -- Up-to-date: /home/dung/Manipulator_amr_90_dergee/install/open_manipulator_x_playground/share/open_manipulator_x_playground/environment/path.sh
[3.866s] -- Up-to-date: /home/dung/Manipulator_amr_90_dergee/install/open_manipulator_x_playground/share/open_manipulator_x_playground/environment/path.dsv
[3.866s] -- Up-to-date: /home/dung/Manipulator_amr_90_dergee/install/open_manipulator_x_playground/share/open_manipulator_x_playground/local_setup.bash
[3.866s] -- Up-to-date: /home/dung/Manipulator_amr_90_dergee/install/open_manipulator_x_playground/share/open_manipulator_x_playground/local_setup.sh
[3.867s] -- Up-to-date: /home/dung/Manipulator_amr_90_dergee/install/open_manipulator_x_playground/share/open_manipulator_x_playground/local_setup.zsh
[3.867s] -- Up-to-date: /home/dung/Manipulator_amr_90_dergee/install/open_manipulator_x_playground/share/open_manipulator_x_playground/local_setup.dsv
[3.867s] -- Installing: /home/dung/Manipulator_amr_90_dergee/install/open_manipulator_x_playground/share/open_manipulator_x_playground/package.dsv
[3.867s] -- Up-to-date: /home/dung/Manipulator_amr_90_dergee/install/open_manipulator_x_playground/share/ament_index/resource_index/packages/open_manipulator_x_playground
[3.867s] -- Up-to-date: /home/dung/Manipulator_amr_90_dergee/install/open_manipulator_x_playground/share/open_manipulator_x_playground/cmake/open_manipulator_x_playgroundConfig.cmake
[3.867s] -- Up-to-date: /home/dung/Manipulator_amr_90_dergee/install/open_manipulator_x_playground/share/open_manipulator_x_playground/cmake/open_manipulator_x_playgroundConfig-version.cmake
[3.867s] -- Up-to-date: /home/dung/Manipulator_amr_90_dergee/install/open_manipulator_x_playground/share/open_manipulator_x_playground/package.xml
[3.867s] -- Up-to-date: /home/dung/Manipulator_amr_90_dergee/install/open_manipulator_x_playground/share/open_manipulator_x_playground/launch
[3.867s] -- Up-to-date: /home/dung/Manipulator_amr_90_dergee/install/open_manipulator_x_playground/share/open_manipulator_x_playground/launch/main_with_moveit.launch.py
[3.868s] Invoked command in '/home/dung/Manipulator_amr_90_dergee/build/open_manipulator_x_playground' returned '0': CMAKE_PREFIX_PATH=${CMAKE_PREFIX_PATH}:/home/dung/install/easy_handeye2:/opt/ros/humble /usr/bin/cmake --install /home/dung/Manipulator_amr_90_dergee/build/open_manipulator_x_playground
