[0.024s] Invoking command in '/home/dung/Manipulator_amr_90_dergee/build/dynamixel_interfaces': CMAKE_PREFIX_PATH=${CMAKE_PREFIX_PATH}:/opt/ros/humble /usr/bin/cmake --build /home/dung/Manipulator_amr_90_dergee/build/dynamixel_interfaces -- -j32 -l32
[0.070s] [35m[1mConsolidate compiler generated dependencies of target dynamixel_interfaces__rosidl_generator_c[0m
[0.085s] [  1%] Built target dynamixel_interfaces__cpp
[0.086s] [ 12%] Built target dynamixel_interfaces__rosidl_generator_c
[0.098s] [ 12%] Built target ament_cmake_python_symlink_dynamixel_interfaces
[0.107s] [35m[1mConsolidate compiler generated dependencies of target dynamixel_interfaces__rosidl_typesupport_cpp[0m
[0.108s] [35m[1mConsolidate compiler generated dependencies of target dynamixel_interfaces__rosidl_typesupport_fastrtps_cpp[0m
[0.108s] [35m[1mConsolidate compiler generated dependencies of target dynamixel_interfaces__rosidl_typesupport_fastrtps_c[0m
[0.109s] [35m[1mConsolidate compiler generated dependencies of target dynamixel_interfaces__rosidl_typesupport_introspection_c[0m
[0.114s] [35m[1mConsolidate compiler generated dependencies of target dynamixel_interfaces__rosidl_typesupport_c[0m
[0.115s] [35m[1mConsolidate compiler generated dependencies of target dynamixel_interfaces__rosidl_typesupport_introspection_cpp[0m
[0.135s] [ 23%] Built target dynamixel_interfaces__rosidl_typesupport_cpp
[0.138s] [ 34%] Built target dynamixel_interfaces__rosidl_typesupport_introspection_c
[0.145s] [ 45%] Built target dynamixel_interfaces__rosidl_typesupport_fastrtps_cpp
[0.145s] [ 56%] Built target dynamixel_interfaces__rosidl_typesupport_c
[0.145s] [ 67%] Built target dynamixel_interfaces__rosidl_typesupport_fastrtps_c
[0.149s] [ 78%] Built target dynamixel_interfaces__rosidl_typesupport_introspection_cpp
[0.176s] [ 78%] Built target dynamixel_interfaces
[0.208s] [ 80%] Built target dynamixel_interfaces__py
[0.222s] [35m[1mConsolidate compiler generated dependencies of target dynamixel_interfaces__rosidl_generator_py[0m
[0.243s] [ 89%] Built target dynamixel_interfaces__rosidl_generator_py
[0.256s] [35m[1mConsolidate compiler generated dependencies of target dynamixel_interfaces__rosidl_typesupport_c__pyext[0m
[0.257s] [35m[1mConsolidate compiler generated dependencies of target dynamixel_interfaces__rosidl_typesupport_fastrtps_c__pyext[0m
[0.261s] [35m[1mConsolidate compiler generated dependencies of target dynamixel_interfaces__rosidl_typesupport_introspection_c__pyext[0m
[0.275s] [ 92%] Built target dynamixel_interfaces__rosidl_typesupport_c__pyext
[0.275s] [ 98%] Built target dynamixel_interfaces__rosidl_typesupport_introspection_c__pyext
[0.275s] [100%] Built target dynamixel_interfaces__rosidl_typesupport_fastrtps_c__pyext
[0.306s] running egg_info
[0.307s] writing dynamixel_interfaces.egg-info/PKG-INFO
[0.307s] writing dependency_links to dynamixel_interfaces.egg-info/dependency_links.txt
[0.307s] writing top-level names to dynamixel_interfaces.egg-info/top_level.txt
[0.308s] reading manifest file 'dynamixel_interfaces.egg-info/SOURCES.txt'
[0.309s] writing manifest file 'dynamixel_interfaces.egg-info/SOURCES.txt'
[0.345s] [100%] Built target ament_cmake_python_build_dynamixel_interfaces_egg
[0.358s] Invoked command in '/home/dung/Manipulator_amr_90_dergee/build/dynamixel_interfaces' returned '0': CMAKE_PREFIX_PATH=${CMAKE_PREFIX_PATH}:/opt/ros/humble /usr/bin/cmake --build /home/dung/Manipulator_amr_90_dergee/build/dynamixel_interfaces -- -j32 -l32
[0.360s] Invoking command in '/home/dung/Manipulator_amr_90_dergee/build/dynamixel_interfaces': CMAKE_PREFIX_PATH=${CMAKE_PREFIX_PATH}:/opt/ros/humble /usr/bin/cmake --install /home/dung/Manipulator_amr_90_dergee/build/dynamixel_interfaces
[0.370s] -- Install configuration: ""
[0.371s] -- Execute custom install script
[0.371s] -- Up-to-date symlink: /home/dung/Manipulator_amr_90_dergee/install/dynamixel_interfaces/share/ament_index/resource_index/rosidl_interfaces/dynamixel_interfaces
[0.372s] -- Up-to-date symlink: /home/dung/Manipulator_amr_90_dergee/install/dynamixel_interfaces/include/dynamixel_interfaces/dynamixel_interfaces/msg/detail/dynamixel_state__functions.h
[0.372s] -- Up-to-date symlink: /home/dung/Manipulator_amr_90_dergee/install/dynamixel_interfaces/include/dynamixel_interfaces/dynamixel_interfaces/msg/detail/dynamixel_state__struct.h
[0.372s] -- Up-to-date symlink: /home/dung/Manipulator_amr_90_dergee/install/dynamixel_interfaces/include/dynamixel_interfaces/dynamixel_interfaces/msg/detail/dynamixel_state__type_support.h
[0.372s] -- Up-to-date symlink: /home/dung/Manipulator_amr_90_dergee/install/dynamixel_interfaces/include/dynamixel_interfaces/dynamixel_interfaces/msg/dynamixel_state.h
[0.372s] -- Up-to-date symlink: /home/dung/Manipulator_amr_90_dergee/install/dynamixel_interfaces/include/dynamixel_interfaces/dynamixel_interfaces/msg/rosidl_generator_c__visibility_control.h
[0.372s] -- Up-to-date symlink: /home/dung/Manipulator_amr_90_dergee/install/dynamixel_interfaces/include/dynamixel_interfaces/dynamixel_interfaces/srv/detail/get_data_from_dxl__functions.h
[0.373s] -- Up-to-date symlink: /home/dung/Manipulator_amr_90_dergee/install/dynamixel_interfaces/include/dynamixel_interfaces/dynamixel_interfaces/srv/detail/get_data_from_dxl__struct.h
[0.373s] -- Up-to-date symlink: /home/dung/Manipulator_amr_90_dergee/install/dynamixel_interfaces/include/dynamixel_interfaces/dynamixel_interfaces/srv/detail/get_data_from_dxl__type_support.h
[0.373s] -- Up-to-date symlink: /home/dung/Manipulator_amr_90_dergee/install/dynamixel_interfaces/include/dynamixel_interfaces/dynamixel_interfaces/srv/detail/reboot_dxl__functions.h
[0.374s] -- Up-to-date symlink: /home/dung/Manipulator_amr_90_dergee/install/dynamixel_interfaces/include/dynamixel_interfaces/dynamixel_interfaces/srv/detail/reboot_dxl__struct.h
[0.374s] -- Up-to-date symlink: /home/dung/Manipulator_amr_90_dergee/install/dynamixel_interfaces/include/dynamixel_interfaces/dynamixel_interfaces/srv/detail/reboot_dxl__type_support.h
[0.374s] -- Up-to-date symlink: /home/dung/Manipulator_amr_90_dergee/install/dynamixel_interfaces/include/dynamixel_interfaces/dynamixel_interfaces/srv/detail/set_data_to_dxl__functions.h
[0.374s] -- Up-to-date symlink: /home/dung/Manipulator_amr_90_dergee/install/dynamixel_interfaces/include/dynamixel_interfaces/dynamixel_interfaces/srv/detail/set_data_to_dxl__struct.h
[0.374s] -- Up-to-date symlink: /home/dung/Manipulator_amr_90_dergee/install/dynamixel_interfaces/include/dynamixel_interfaces/dynamixel_interfaces/srv/detail/set_data_to_dxl__type_support.h
[0.374s] -- Up-to-date symlink: /home/dung/Manipulator_amr_90_dergee/install/dynamixel_interfaces/include/dynamixel_interfaces/dynamixel_interfaces/srv/get_data_from_dxl.h
[0.374s] -- Up-to-date symlink: /home/dung/Manipulator_amr_90_dergee/install/dynamixel_interfaces/include/dynamixel_interfaces/dynamixel_interfaces/srv/reboot_dxl.h
[0.374s] -- Up-to-date symlink: /home/dung/Manipulator_amr_90_dergee/install/dynamixel_interfaces/include/dynamixel_interfaces/dynamixel_interfaces/srv/set_data_to_dxl.h
[0.374s] -- Up-to-date symlink: /home/dung/Manipulator_amr_90_dergee/install/dynamixel_interfaces/share/dynamixel_interfaces/environment/library_path.sh
[0.375s] -- Up-to-date symlink: /home/dung/Manipulator_amr_90_dergee/install/dynamixel_interfaces/share/dynamixel_interfaces/environment/library_path.dsv
[0.375s] -- Up-to-date symlink: /home/dung/Manipulator_amr_90_dergee/install/dynamixel_interfaces/include/dynamixel_interfaces/dynamixel_interfaces/msg/detail/dynamixel_state__rosidl_typesupport_fastrtps_c.h
[0.375s] -- Up-to-date symlink: /home/dung/Manipulator_amr_90_dergee/install/dynamixel_interfaces/include/dynamixel_interfaces/dynamixel_interfaces/msg/rosidl_typesupport_fastrtps_c__visibility_control.h
[0.375s] -- Up-to-date symlink: /home/dung/Manipulator_amr_90_dergee/install/dynamixel_interfaces/include/dynamixel_interfaces/dynamixel_interfaces/srv/detail/get_data_from_dxl__rosidl_typesupport_fastrtps_c.h
[0.375s] -- Up-to-date symlink: /home/dung/Manipulator_amr_90_dergee/install/dynamixel_interfaces/include/dynamixel_interfaces/dynamixel_interfaces/srv/detail/reboot_dxl__rosidl_typesupport_fastrtps_c.h
[0.375s] -- Up-to-date symlink: /home/dung/Manipulator_amr_90_dergee/install/dynamixel_interfaces/include/dynamixel_interfaces/dynamixel_interfaces/srv/detail/set_data_to_dxl__rosidl_typesupport_fastrtps_c.h
[0.375s] -- Up-to-date symlink: /home/dung/Manipulator_amr_90_dergee/install/dynamixel_interfaces/include/dynamixel_interfaces/dynamixel_interfaces/msg/detail/dynamixel_state__builder.hpp
[0.376s] -- Up-to-date symlink: /home/dung/Manipulator_amr_90_dergee/install/dynamixel_interfaces/include/dynamixel_interfaces/dynamixel_interfaces/msg/detail/dynamixel_state__struct.hpp
[0.376s] -- Up-to-date symlink: /home/dung/Manipulator_amr_90_dergee/install/dynamixel_interfaces/include/dynamixel_interfaces/dynamixel_interfaces/msg/detail/dynamixel_state__traits.hpp
[0.376s] -- Up-to-date symlink: /home/dung/Manipulator_amr_90_dergee/install/dynamixel_interfaces/include/dynamixel_interfaces/dynamixel_interfaces/msg/detail/dynamixel_state__type_support.hpp
[0.376s] -- Up-to-date symlink: /home/dung/Manipulator_amr_90_dergee/install/dynamixel_interfaces/include/dynamixel_interfaces/dynamixel_interfaces/msg/dynamixel_state.hpp
[0.376s] -- Up-to-date symlink: /home/dung/Manipulator_amr_90_dergee/install/dynamixel_interfaces/include/dynamixel_interfaces/dynamixel_interfaces/msg/rosidl_generator_cpp__visibility_control.hpp
[0.376s] -- Up-to-date symlink: /home/dung/Manipulator_amr_90_dergee/install/dynamixel_interfaces/include/dynamixel_interfaces/dynamixel_interfaces/srv/detail/get_data_from_dxl__builder.hpp
[0.376s] -- Up-to-date symlink: /home/dung/Manipulator_amr_90_dergee/install/dynamixel_interfaces/include/dynamixel_interfaces/dynamixel_interfaces/srv/detail/get_data_from_dxl__struct.hpp
[0.376s] -- Up-to-date symlink: /home/dung/Manipulator_amr_90_dergee/install/dynamixel_interfaces/include/dynamixel_interfaces/dynamixel_interfaces/srv/detail/get_data_from_dxl__traits.hpp
[0.377s] -- Up-to-date symlink: /home/dung/Manipulator_amr_90_dergee/install/dynamixel_interfaces/include/dynamixel_interfaces/dynamixel_interfaces/srv/detail/get_data_from_dxl__type_support.hpp
[0.377s] -- Up-to-date symlink: /home/dung/Manipulator_amr_90_dergee/install/dynamixel_interfaces/include/dynamixel_interfaces/dynamixel_interfaces/srv/detail/reboot_dxl__builder.hpp
[0.377s] -- Up-to-date symlink: /home/dung/Manipulator_amr_90_dergee/install/dynamixel_interfaces/include/dynamixel_interfaces/dynamixel_interfaces/srv/detail/reboot_dxl__struct.hpp
[0.377s] -- Up-to-date symlink: /home/dung/Manipulator_amr_90_dergee/install/dynamixel_interfaces/include/dynamixel_interfaces/dynamixel_interfaces/srv/detail/reboot_dxl__traits.hpp
[0.377s] -- Up-to-date symlink: /home/dung/Manipulator_amr_90_dergee/install/dynamixel_interfaces/include/dynamixel_interfaces/dynamixel_interfaces/srv/detail/reboot_dxl__type_support.hpp
[0.377s] -- Up-to-date symlink: /home/dung/Manipulator_amr_90_dergee/install/dynamixel_interfaces/include/dynamixel_interfaces/dynamixel_interfaces/srv/detail/set_data_to_dxl__builder.hpp
[0.377s] -- Up-to-date symlink: /home/dung/Manipulator_amr_90_dergee/install/dynamixel_interfaces/include/dynamixel_interfaces/dynamixel_interfaces/srv/detail/set_data_to_dxl__struct.hpp
[0.377s] -- Up-to-date symlink: /home/dung/Manipulator_amr_90_dergee/install/dynamixel_interfaces/include/dynamixel_interfaces/dynamixel_interfaces/srv/detail/set_data_to_dxl__traits.hpp
[0.377s] -- Up-to-date symlink: /home/dung/Manipulator_amr_90_dergee/install/dynamixel_interfaces/include/dynamixel_interfaces/dynamixel_interfaces/srv/detail/set_data_to_dxl__type_support.hpp
[0.377s] -- Up-to-date symlink: /home/dung/Manipulator_amr_90_dergee/install/dynamixel_interfaces/include/dynamixel_interfaces/dynamixel_interfaces/srv/get_data_from_dxl.hpp
[0.377s] -- Up-to-date symlink: /home/dung/Manipulator_amr_90_dergee/install/dynamixel_interfaces/include/dynamixel_interfaces/dynamixel_interfaces/srv/reboot_dxl.hpp
[0.377s] -- Up-to-date symlink: /home/dung/Manipulator_amr_90_dergee/install/dynamixel_interfaces/include/dynamixel_interfaces/dynamixel_interfaces/srv/set_data_to_dxl.hpp
[0.378s] -- Up-to-date symlink: /home/dung/Manipulator_amr_90_dergee/install/dynamixel_interfaces/include/dynamixel_interfaces/dynamixel_interfaces/msg/detail/dynamixel_state__rosidl_typesupport_fastrtps_cpp.hpp
[0.378s] -- Up-to-date symlink: /home/dung/Manipulator_amr_90_dergee/install/dynamixel_interfaces/include/dynamixel_interfaces/dynamixel_interfaces/msg/rosidl_typesupport_fastrtps_cpp__visibility_control.h
[0.378s] -- Up-to-date symlink: /home/dung/Manipulator_amr_90_dergee/install/dynamixel_interfaces/include/dynamixel_interfaces/dynamixel_interfaces/srv/detail/get_data_from_dxl__rosidl_typesupport_fastrtps_cpp.hpp
[0.378s] -- Up-to-date symlink: /home/dung/Manipulator_amr_90_dergee/install/dynamixel_interfaces/include/dynamixel_interfaces/dynamixel_interfaces/srv/detail/reboot_dxl__rosidl_typesupport_fastrtps_cpp.hpp
[0.379s] -- Up-to-date symlink: /home/dung/Manipulator_amr_90_dergee/install/dynamixel_interfaces/include/dynamixel_interfaces/dynamixel_interfaces/srv/detail/set_data_to_dxl__rosidl_typesupport_fastrtps_cpp.hpp
[0.379s] -- Up-to-date symlink: /home/dung/Manipulator_amr_90_dergee/install/dynamixel_interfaces/include/dynamixel_interfaces/dynamixel_interfaces/msg/detail/dynamixel_state__rosidl_typesupport_introspection_c.h
[0.379s] -- Up-to-date symlink: /home/dung/Manipulator_amr_90_dergee/install/dynamixel_interfaces/include/dynamixel_interfaces/dynamixel_interfaces/msg/rosidl_typesupport_introspection_c__visibility_control.h
[0.380s] -- Up-to-date symlink: /home/dung/Manipulator_amr_90_dergee/install/dynamixel_interfaces/include/dynamixel_interfaces/dynamixel_interfaces/srv/detail/get_data_from_dxl__rosidl_typesupport_introspection_c.h
[0.381s] -- Up-to-date symlink: /home/dung/Manipulator_amr_90_dergee/install/dynamixel_interfaces/include/dynamixel_interfaces/dynamixel_interfaces/srv/detail/reboot_dxl__rosidl_typesupport_introspection_c.h
[0.381s] -- Up-to-date symlink: /home/dung/Manipulator_amr_90_dergee/install/dynamixel_interfaces/include/dynamixel_interfaces/dynamixel_interfaces/srv/detail/set_data_to_dxl__rosidl_typesupport_introspection_c.h
[0.381s] -- Up-to-date symlink: /home/dung/Manipulator_amr_90_dergee/install/dynamixel_interfaces/include/dynamixel_interfaces/dynamixel_interfaces/msg/detail/dynamixel_state__rosidl_typesupport_introspection_cpp.hpp
[0.381s] -- Up-to-date symlink: /home/dung/Manipulator_amr_90_dergee/install/dynamixel_interfaces/include/dynamixel_interfaces/dynamixel_interfaces/srv/detail/get_data_from_dxl__rosidl_typesupport_introspection_cpp.hpp
[0.381s] -- Up-to-date symlink: /home/dung/Manipulator_amr_90_dergee/install/dynamixel_interfaces/include/dynamixel_interfaces/dynamixel_interfaces/srv/detail/reboot_dxl__rosidl_typesupport_introspection_cpp.hpp
[0.382s] -- Up-to-date symlink: /home/dung/Manipulator_amr_90_dergee/install/dynamixel_interfaces/include/dynamixel_interfaces/dynamixel_interfaces/srv/detail/set_data_to_dxl__rosidl_typesupport_introspection_cpp.hpp
[0.382s] -- Up-to-date symlink: /home/dung/Manipulator_amr_90_dergee/install/dynamixel_interfaces/share/dynamixel_interfaces/environment/pythonpath.sh
[0.382s] -- Up-to-date symlink: /home/dung/Manipulator_amr_90_dergee/install/dynamixel_interfaces/share/dynamixel_interfaces/environment/pythonpath.dsv
[0.382s] -- Up-to-date symlink: /home/dung/Manipulator_amr_90_dergee/install/dynamixel_interfaces/local/lib/python3.10/dist-packages/dynamixel_interfaces-1.0.1-py3.10.egg-info/PKG-INFO
[0.383s] -- Up-to-date symlink: /home/dung/Manipulator_amr_90_dergee/install/dynamixel_interfaces/local/lib/python3.10/dist-packages/dynamixel_interfaces-1.0.1-py3.10.egg-info/SOURCES.txt
[0.383s] -- Up-to-date symlink: /home/dung/Manipulator_amr_90_dergee/install/dynamixel_interfaces/local/lib/python3.10/dist-packages/dynamixel_interfaces-1.0.1-py3.10.egg-info/dependency_links.txt
[0.383s] -- Up-to-date symlink: /home/dung/Manipulator_amr_90_dergee/install/dynamixel_interfaces/local/lib/python3.10/dist-packages/dynamixel_interfaces-1.0.1-py3.10.egg-info/top_level.txt
[0.384s] -- Up-to-date symlink: /home/dung/Manipulator_amr_90_dergee/install/dynamixel_interfaces/local/lib/python3.10/dist-packages/dynamixel_interfaces/__init__.py
[0.384s] -- Up-to-date symlink: /home/dung/Manipulator_amr_90_dergee/install/dynamixel_interfaces/local/lib/python3.10/dist-packages/dynamixel_interfaces/_dynamixel_interfaces_s.ep.rosidl_typesupport_c.c
[0.388s] -- Up-to-date symlink: /home/dung/Manipulator_amr_90_dergee/install/dynamixel_interfaces/local/lib/python3.10/dist-packages/dynamixel_interfaces/_dynamixel_interfaces_s.ep.rosidl_typesupport_fastrtps_c.c
[0.388s] -- Up-to-date symlink: /home/dung/Manipulator_amr_90_dergee/install/dynamixel_interfaces/local/lib/python3.10/dist-packages/dynamixel_interfaces/_dynamixel_interfaces_s.ep.rosidl_typesupport_introspection_c.c
[0.391s] -- Up-to-date symlink: /home/dung/Manipulator_amr_90_dergee/install/dynamixel_interfaces/local/lib/python3.10/dist-packages/dynamixel_interfaces/dynamixel_interfaces_s__rosidl_typesupport_c.cpython-310-x86_64-linux-gnu.so
[0.391s] -- Up-to-date symlink: /home/dung/Manipulator_amr_90_dergee/install/dynamixel_interfaces/local/lib/python3.10/dist-packages/dynamixel_interfaces/dynamixel_interfaces_s__rosidl_typesupport_fastrtps_c.cpython-310-x86_64-linux-gnu.so
[0.391s] -- Up-to-date symlink: /home/dung/Manipulator_amr_90_dergee/install/dynamixel_interfaces/local/lib/python3.10/dist-packages/dynamixel_interfaces/dynamixel_interfaces_s__rosidl_typesupport_introspection_c.cpython-310-x86_64-linux-gnu.so
[0.392s] -- Up-to-date symlink: /home/dung/Manipulator_amr_90_dergee/install/dynamixel_interfaces/local/lib/python3.10/dist-packages/dynamixel_interfaces/libdynamixel_interfaces__rosidl_generator_py.so
[0.392s] -- Up-to-date symlink: /home/dung/Manipulator_amr_90_dergee/install/dynamixel_interfaces/local/lib/python3.10/dist-packages/dynamixel_interfaces/msg/__init__.py
[0.392s] -- Up-to-date symlink: /home/dung/Manipulator_amr_90_dergee/install/dynamixel_interfaces/local/lib/python3.10/dist-packages/dynamixel_interfaces/msg/_dynamixel_state.py
[0.392s] -- Up-to-date symlink: /home/dung/Manipulator_amr_90_dergee/install/dynamixel_interfaces/local/lib/python3.10/dist-packages/dynamixel_interfaces/msg/_dynamixel_state_s.c
[0.392s] -- Up-to-date symlink: /home/dung/Manipulator_amr_90_dergee/install/dynamixel_interfaces/local/lib/python3.10/dist-packages/dynamixel_interfaces/srv/__init__.py
[0.392s] -- Up-to-date symlink: /home/dung/Manipulator_amr_90_dergee/install/dynamixel_interfaces/local/lib/python3.10/dist-packages/dynamixel_interfaces/srv/_get_data_from_dxl.py
[0.392s] -- Up-to-date symlink: /home/dung/Manipulator_amr_90_dergee/install/dynamixel_interfaces/local/lib/python3.10/dist-packages/dynamixel_interfaces/srv/_get_data_from_dxl_s.c
[0.392s] -- Up-to-date symlink: /home/dung/Manipulator_amr_90_dergee/install/dynamixel_interfaces/local/lib/python3.10/dist-packages/dynamixel_interfaces/srv/_reboot_dxl.py
[0.392s] -- Up-to-date symlink: /home/dung/Manipulator_amr_90_dergee/install/dynamixel_interfaces/local/lib/python3.10/dist-packages/dynamixel_interfaces/srv/_reboot_dxl_s.c
[0.392s] -- Up-to-date symlink: /home/dung/Manipulator_amr_90_dergee/install/dynamixel_interfaces/local/lib/python3.10/dist-packages/dynamixel_interfaces/srv/_set_data_to_dxl.py
[0.392s] -- Up-to-date symlink: /home/dung/Manipulator_amr_90_dergee/install/dynamixel_interfaces/local/lib/python3.10/dist-packages/dynamixel_interfaces/srv/_set_data_to_dxl_s.c
[0.393s] -- Up-to-date symlink: /home/dung/Manipulator_amr_90_dergee/install/dynamixel_interfaces/local/lib/python3.10/dist-packages/dynamixel_interfaces/dynamixel_interfaces_s__rosidl_typesupport_fastrtps_c.cpython-310-x86_64-linux-gnu.so
[0.393s] -- Up-to-date symlink: /home/dung/Manipulator_amr_90_dergee/install/dynamixel_interfaces/local/lib/python3.10/dist-packages/dynamixel_interfaces/dynamixel_interfaces_s__rosidl_typesupport_introspection_c.cpython-310-x86_64-linux-gnu.so
[0.393s] -- Up-to-date symlink: /home/dung/Manipulator_amr_90_dergee/install/dynamixel_interfaces/local/lib/python3.10/dist-packages/dynamixel_interfaces/dynamixel_interfaces_s__rosidl_typesupport_c.cpython-310-x86_64-linux-gnu.so
[0.393s] -- Up-to-date symlink: /home/dung/Manipulator_amr_90_dergee/install/dynamixel_interfaces/share/dynamixel_interfaces/msg/DynamixelState.idl
[0.393s] -- Up-to-date symlink: /home/dung/Manipulator_amr_90_dergee/install/dynamixel_interfaces/share/dynamixel_interfaces/srv/GetDataFromDxl.idl
[0.394s] -- Up-to-date symlink: /home/dung/Manipulator_amr_90_dergee/install/dynamixel_interfaces/share/dynamixel_interfaces/srv/SetDataToDxl.idl
[0.394s] -- Up-to-date symlink: /home/dung/Manipulator_amr_90_dergee/install/dynamixel_interfaces/share/dynamixel_interfaces/srv/RebootDxl.idl
[0.394s] -- Up-to-date symlink: /home/dung/Manipulator_amr_90_dergee/install/dynamixel_interfaces/share/dynamixel_interfaces/msg/DynamixelState.msg
[0.394s] -- Up-to-date symlink: /home/dung/Manipulator_amr_90_dergee/install/dynamixel_interfaces/share/dynamixel_interfaces/srv/GetDataFromDxl.srv
[0.394s] -- Up-to-date symlink: /home/dung/Manipulator_amr_90_dergee/install/dynamixel_interfaces/share/dynamixel_interfaces/srv/GetDataFromDxl_Request.msg
[0.394s] -- Up-to-date symlink: /home/dung/Manipulator_amr_90_dergee/install/dynamixel_interfaces/share/dynamixel_interfaces/srv/GetDataFromDxl_Response.msg
[0.396s] -- Up-to-date symlink: /home/dung/Manipulator_amr_90_dergee/install/dynamixel_interfaces/share/dynamixel_interfaces/srv/SetDataToDxl.srv
[0.396s] -- Up-to-date symlink: /home/dung/Manipulator_amr_90_dergee/install/dynamixel_interfaces/share/dynamixel_interfaces/srv/SetDataToDxl_Request.msg
[0.396s] -- Up-to-date symlink: /home/dung/Manipulator_amr_90_dergee/install/dynamixel_interfaces/share/dynamixel_interfaces/srv/SetDataToDxl_Response.msg
[0.396s] -- Up-to-date symlink: /home/dung/Manipulator_amr_90_dergee/install/dynamixel_interfaces/share/dynamixel_interfaces/srv/RebootDxl.srv
[0.396s] -- Up-to-date symlink: /home/dung/Manipulator_amr_90_dergee/install/dynamixel_interfaces/share/dynamixel_interfaces/srv/RebootDxl_Request.msg
[0.397s] -- Up-to-date symlink: /home/dung/Manipulator_amr_90_dergee/install/dynamixel_interfaces/share/dynamixel_interfaces/srv/RebootDxl_Response.msg
[0.397s] -- Up-to-date symlink: /home/dung/Manipulator_amr_90_dergee/install/dynamixel_interfaces/share/ament_index/resource_index/package_run_dependencies/dynamixel_interfaces
[0.398s] -- Up-to-date symlink: /home/dung/Manipulator_amr_90_dergee/install/dynamixel_interfaces/share/ament_index/resource_index/parent_prefix_path/dynamixel_interfaces
[0.398s] -- Up-to-date symlink: /home/dung/Manipulator_amr_90_dergee/install/dynamixel_interfaces/share/dynamixel_interfaces/environment/ament_prefix_path.sh
[0.398s] -- Up-to-date symlink: /home/dung/Manipulator_amr_90_dergee/install/dynamixel_interfaces/share/dynamixel_interfaces/environment/ament_prefix_path.dsv
[0.398s] -- Up-to-date symlink: /home/dung/Manipulator_amr_90_dergee/install/dynamixel_interfaces/share/dynamixel_interfaces/environment/path.sh
[0.398s] -- Up-to-date symlink: /home/dung/Manipulator_amr_90_dergee/install/dynamixel_interfaces/share/dynamixel_interfaces/environment/path.dsv
[0.398s] -- Up-to-date symlink: /home/dung/Manipulator_amr_90_dergee/install/dynamixel_interfaces/share/dynamixel_interfaces/local_setup.bash
[0.399s] -- Up-to-date symlink: /home/dung/Manipulator_amr_90_dergee/install/dynamixel_interfaces/share/dynamixel_interfaces/local_setup.sh
[0.400s] -- Up-to-date symlink: /home/dung/Manipulator_amr_90_dergee/install/dynamixel_interfaces/share/dynamixel_interfaces/local_setup.zsh
[0.401s] -- Up-to-date symlink: /home/dung/Manipulator_amr_90_dergee/install/dynamixel_interfaces/share/dynamixel_interfaces/local_setup.dsv
[0.401s] -- Symlinking: /home/dung/Manipulator_amr_90_dergee/install/dynamixel_interfaces/share/dynamixel_interfaces/package.dsv
[0.407s] -- Up-to-date symlink: /home/dung/Manipulator_amr_90_dergee/install/dynamixel_interfaces/share/ament_index/resource_index/packages/dynamixel_interfaces
[0.407s] -- Up-to-date symlink: /home/dung/Manipulator_amr_90_dergee/install/dynamixel_interfaces/share/dynamixel_interfaces/cmake/rosidl_cmake-extras.cmake
[0.407s] -- Up-to-date symlink: /home/dung/Manipulator_amr_90_dergee/install/dynamixel_interfaces/share/dynamixel_interfaces/cmake/ament_cmake_export_dependencies-extras.cmake
[0.407s] -- Up-to-date symlink: /home/dung/Manipulator_amr_90_dergee/install/dynamixel_interfaces/share/dynamixel_interfaces/cmake/ament_cmake_export_include_directories-extras.cmake
[0.408s] -- Up-to-date symlink: /home/dung/Manipulator_amr_90_dergee/install/dynamixel_interfaces/share/dynamixel_interfaces/cmake/ament_cmake_export_libraries-extras.cmake
[0.408s] -- Up-to-date symlink: /home/dung/Manipulator_amr_90_dergee/install/dynamixel_interfaces/share/dynamixel_interfaces/cmake/ament_cmake_export_targets-extras.cmake
[0.408s] -- Up-to-date symlink: /home/dung/Manipulator_amr_90_dergee/install/dynamixel_interfaces/share/dynamixel_interfaces/cmake/rosidl_cmake_export_typesupport_targets-extras.cmake
[0.408s] -- Up-to-date symlink: /home/dung/Manipulator_amr_90_dergee/install/dynamixel_interfaces/share/dynamixel_interfaces/cmake/rosidl_cmake_export_typesupport_libraries-extras.cmake
[0.408s] -- Up-to-date symlink: /home/dung/Manipulator_amr_90_dergee/install/dynamixel_interfaces/share/dynamixel_interfaces/cmake/dynamixel_interfacesConfig.cmake
[0.408s] -- Up-to-date symlink: /home/dung/Manipulator_amr_90_dergee/install/dynamixel_interfaces/share/dynamixel_interfaces/cmake/dynamixel_interfacesConfig-version.cmake
[0.409s] -- Up-to-date symlink: /home/dung/Manipulator_amr_90_dergee/install/dynamixel_interfaces/share/dynamixel_interfaces/package.xml
[0.409s] -- Up-to-date: /home/dung/Manipulator_amr_90_dergee/install/dynamixel_interfaces/lib/libdynamixel_interfaces__rosidl_generator_c.so
[0.409s] -- Up-to-date: /home/dung/Manipulator_amr_90_dergee/install/dynamixel_interfaces/lib/libdynamixel_interfaces__rosidl_typesupport_fastrtps_c.so
[0.409s] -- Up-to-date: /home/dung/Manipulator_amr_90_dergee/install/dynamixel_interfaces/lib/libdynamixel_interfaces__rosidl_typesupport_fastrtps_cpp.so
[0.409s] -- Up-to-date: /home/dung/Manipulator_amr_90_dergee/install/dynamixel_interfaces/lib/libdynamixel_interfaces__rosidl_typesupport_introspection_c.so
[0.409s] -- Up-to-date: /home/dung/Manipulator_amr_90_dergee/install/dynamixel_interfaces/lib/libdynamixel_interfaces__rosidl_typesupport_c.so
[0.409s] -- Up-to-date: /home/dung/Manipulator_amr_90_dergee/install/dynamixel_interfaces/lib/libdynamixel_interfaces__rosidl_typesupport_introspection_cpp.so
[0.409s] -- Up-to-date: /home/dung/Manipulator_amr_90_dergee/install/dynamixel_interfaces/lib/libdynamixel_interfaces__rosidl_typesupport_cpp.so
[0.436s] Listing '/home/dung/Manipulator_amr_90_dergee/install/dynamixel_interfaces/local/lib/python3.10/dist-packages/dynamixel_interfaces'...
[0.436s] Listing '/home/dung/Manipulator_amr_90_dergee/install/dynamixel_interfaces/local/lib/python3.10/dist-packages/dynamixel_interfaces/msg'...
[0.436s] Listing '/home/dung/Manipulator_amr_90_dergee/install/dynamixel_interfaces/local/lib/python3.10/dist-packages/dynamixel_interfaces/srv'...
[0.441s] -- Up-to-date: /home/dung/Manipulator_amr_90_dergee/install/dynamixel_interfaces/lib/libdynamixel_interfaces__rosidl_generator_py.so
[0.441s] -- Up-to-date: /home/dung/Manipulator_amr_90_dergee/install/dynamixel_interfaces/share/dynamixel_interfaces/cmake/export_dynamixel_interfaces__rosidl_generator_cExport.cmake
[0.441s] -- Up-to-date: /home/dung/Manipulator_amr_90_dergee/install/dynamixel_interfaces/share/dynamixel_interfaces/cmake/export_dynamixel_interfaces__rosidl_generator_cExport-noconfig.cmake
[0.441s] -- Up-to-date: /home/dung/Manipulator_amr_90_dergee/install/dynamixel_interfaces/share/dynamixel_interfaces/cmake/export_dynamixel_interfaces__rosidl_typesupport_fastrtps_cExport.cmake
[0.441s] -- Up-to-date: /home/dung/Manipulator_amr_90_dergee/install/dynamixel_interfaces/share/dynamixel_interfaces/cmake/export_dynamixel_interfaces__rosidl_typesupport_fastrtps_cExport-noconfig.cmake
[0.441s] -- Up-to-date: /home/dung/Manipulator_amr_90_dergee/install/dynamixel_interfaces/share/dynamixel_interfaces/cmake/export_dynamixel_interfaces__rosidl_generator_cppExport.cmake
[0.441s] -- Up-to-date: /home/dung/Manipulator_amr_90_dergee/install/dynamixel_interfaces/share/dynamixel_interfaces/cmake/export_dynamixel_interfaces__rosidl_typesupport_fastrtps_cppExport.cmake
[0.441s] -- Up-to-date: /home/dung/Manipulator_amr_90_dergee/install/dynamixel_interfaces/share/dynamixel_interfaces/cmake/export_dynamixel_interfaces__rosidl_typesupport_fastrtps_cppExport-noconfig.cmake
[0.442s] -- Up-to-date: /home/dung/Manipulator_amr_90_dergee/install/dynamixel_interfaces/share/dynamixel_interfaces/cmake/dynamixel_interfaces__rosidl_typesupport_introspection_cExport.cmake
[0.442s] -- Up-to-date: /home/dung/Manipulator_amr_90_dergee/install/dynamixel_interfaces/share/dynamixel_interfaces/cmake/dynamixel_interfaces__rosidl_typesupport_introspection_cExport-noconfig.cmake
[0.442s] -- Up-to-date: /home/dung/Manipulator_amr_90_dergee/install/dynamixel_interfaces/share/dynamixel_interfaces/cmake/dynamixel_interfaces__rosidl_typesupport_cExport.cmake
[0.442s] -- Up-to-date: /home/dung/Manipulator_amr_90_dergee/install/dynamixel_interfaces/share/dynamixel_interfaces/cmake/dynamixel_interfaces__rosidl_typesupport_cExport-noconfig.cmake
[0.442s] -- Up-to-date: /home/dung/Manipulator_amr_90_dergee/install/dynamixel_interfaces/share/dynamixel_interfaces/cmake/dynamixel_interfaces__rosidl_typesupport_introspection_cppExport.cmake
[0.442s] -- Up-to-date: /home/dung/Manipulator_amr_90_dergee/install/dynamixel_interfaces/share/dynamixel_interfaces/cmake/dynamixel_interfaces__rosidl_typesupport_introspection_cppExport-noconfig.cmake
[0.442s] -- Up-to-date: /home/dung/Manipulator_amr_90_dergee/install/dynamixel_interfaces/share/dynamixel_interfaces/cmake/dynamixel_interfaces__rosidl_typesupport_cppExport.cmake
[0.442s] -- Up-to-date: /home/dung/Manipulator_amr_90_dergee/install/dynamixel_interfaces/share/dynamixel_interfaces/cmake/dynamixel_interfaces__rosidl_typesupport_cppExport-noconfig.cmake
[0.443s] -- Up-to-date: /home/dung/Manipulator_amr_90_dergee/install/dynamixel_interfaces/share/dynamixel_interfaces/cmake/export_dynamixel_interfaces__rosidl_generator_pyExport.cmake
[0.443s] -- Up-to-date: /home/dung/Manipulator_amr_90_dergee/install/dynamixel_interfaces/share/dynamixel_interfaces/cmake/export_dynamixel_interfaces__rosidl_generator_pyExport-noconfig.cmake
[0.445s] Invoked command in '/home/dung/Manipulator_amr_90_dergee/build/dynamixel_interfaces' returned '0': CMAKE_PREFIX_PATH=${CMAKE_PREFIX_PATH}:/opt/ros/humble /usr/bin/cmake --install /home/dung/Manipulator_amr_90_dergee/build/dynamixel_interfaces
