-- Found ament_cmake: 1.3.13 (/opt/ros/humble/share/ament_cmake/cmake)
-- Override CMake install command with custom implementation using symlinks instead of copying resources
-- Configuring done
-- Generating done
-- Build files have been written to: /home/dung/Manipulator_amr_90_dergee/build/open_manipulator
-- Install configuration: ""
-- Execute custom install script
-- Up-to-date symlink: /home/dung/Manipulator_amr_90_dergee/install/open_manipulator/share/ament_index/resource_index/package_run_dependencies/open_manipulator
-- Up-to-date symlink: /home/dung/Manipulator_amr_90_dergee/install/open_manipulator/share/ament_index/resource_index/parent_prefix_path/open_manipulator
-- Up-to-date symlink: /home/dung/Manipulator_amr_90_dergee/install/open_manipulator/share/open_manipulator/environment/ament_prefix_path.sh
-- Up-to-date symlink: /home/dung/Manipulator_amr_90_dergee/install/open_manipulator/share/open_manipulator/environment/ament_prefix_path.dsv
-- Up-to-date symlink: /home/dung/Manipulator_amr_90_dergee/install/open_manipulator/share/open_manipulator/environment/path.sh
-- Up-to-date symlink: /home/dung/Manipulator_amr_90_dergee/install/open_manipulator/share/open_manipulator/environment/path.dsv
-- Up-to-date symlink: /home/dung/Manipulator_amr_90_dergee/install/open_manipulator/share/open_manipulator/local_setup.bash
-- Up-to-date symlink: /home/dung/Manipulator_amr_90_dergee/install/open_manipulator/share/open_manipulator/local_setup.sh
-- Up-to-date symlink: /home/dung/Manipulator_amr_90_dergee/install/open_manipulator/share/open_manipulator/local_setup.zsh
-- Up-to-date symlink: /home/dung/Manipulator_amr_90_dergee/install/open_manipulator/share/open_manipulator/local_setup.dsv
-- Symlinking: /home/dung/Manipulator_amr_90_dergee/install/open_manipulator/share/open_manipulator/package.dsv
-- Up-to-date symlink: /home/dung/Manipulator_amr_90_dergee/install/open_manipulator/share/ament_index/resource_index/packages/open_manipulator
-- Up-to-date symlink: /home/dung/Manipulator_amr_90_dergee/install/open_manipulator/share/open_manipulator/cmake/open_manipulatorConfig.cmake
-- Up-to-date symlink: /home/dung/Manipulator_amr_90_dergee/install/open_manipulator/share/open_manipulator/cmake/open_manipulatorConfig-version.cmake
-- Up-to-date symlink: /home/dung/Manipulator_amr_90_dergee/install/open_manipulator/share/open_manipulator/package.xml
