[0.027s] Invoking command in '/home/dung/Manipulator_amr_90_dergee/build/dynamixel_interfaces': CMAKE_PREFIX_PATH=${CMAKE_PREFIX_PATH}:/opt/ros/humble /usr/bin/cmake /home/dung/Manipulator_amr_90_dergee/src/dynamixel_interfaces -DCMAKE_INSTALL_PREFIX=/home/dung/Manipulator_amr_90_dergee/install/dynamixel_interfaces
[0.036s] -- Found ament_cmake: 1.3.13 (/opt/ros/humble/share/ament_cmake/cmake)
[0.149s] -- Override CMake install command with custom implementation using symlinks instead of copying resources
[0.154s] -- Found std_msgs: 4.9.1 (/opt/ros/humble/share/std_msgs/cmake)
[0.169s] -- Found rosidl_generator_c: 3.1.8 (/opt/ros/humble/share/rosidl_generator_c/cmake)
[0.170s] -- Found rosidl_adapter: 3.1.8 (/opt/ros/humble/share/rosidl_adapter/cmake)
[0.176s] -- Found rosidl_generator_cpp: 3.1.8 (/opt/ros/humble/share/rosidl_generator_cpp/cmake)
[0.185s] -- Using all available rosidl_typesupport_c: rosidl_typesupport_fastrtps_c;rosidl_typesupport_introspection_c
[0.194s] -- Using all available rosidl_typesupport_cpp: rosidl_typesupport_fastrtps_cpp;rosidl_typesupport_introspection_cpp
[0.210s] -- Found geometry_msgs: 4.9.1 (/opt/ros/humble/share/geometry_msgs/cmake)
[0.222s] -- Found rosidl_default_generators: 1.2.0 (/opt/ros/humble/share/rosidl_default_generators/cmake)
[0.489s] -- Found ament_cmake_ros: 0.10.0 (/opt/ros/humble/share/ament_cmake_ros/cmake)
[0.840s] -- Using all available rosidl_typesupport_c: rosidl_typesupport_fastrtps_c;rosidl_typesupport_introspection_c
[0.975s] -- Using all available rosidl_typesupport_cpp: rosidl_typesupport_fastrtps_cpp;rosidl_typesupport_introspection_cpp
[1.001s] -- Found python_cmake_module: 0.10.0 (/opt/ros/humble/share/python_cmake_module/cmake)
[1.024s] -- Using PYTHON_EXECUTABLE: /usr/bin/python3
[1.024s] -- Using PYTHON_INCLUDE_DIRS: /usr/include/python3.10
[1.024s] -- Using PYTHON_LIBRARIES: /usr/lib/x86_64-linux-gnu/libpython3.10.so
[1.067s] -- Found ament_lint_auto: 0.12.15 (/opt/ros/humble/share/ament_lint_auto/cmake)
[1.073s] -- Added test 'copyright' to check source files copyright and LICENSE
[1.076s] -- Added test 'lint_cmake' to check CMake code style
[1.078s] -- Added test 'xmllint' to check XML markup files
[1.078s] -- Configuring done
[1.115s] -- Generating done
[1.128s] -- Build files have been written to: /home/dung/Manipulator_amr_90_dergee/build/dynamixel_interfaces
[1.141s] Invoked command in '/home/dung/Manipulator_amr_90_dergee/build/dynamixel_interfaces' returned '0': CMAKE_PREFIX_PATH=${CMAKE_PREFIX_PATH}:/opt/ros/humble /usr/bin/cmake /home/dung/Manipulator_amr_90_dergee/src/dynamixel_interfaces -DCMAKE_INSTALL_PREFIX=/home/dung/Manipulator_amr_90_dergee/install/dynamixel_interfaces
[1.141s] Invoking command in '/home/dung/Manipulator_amr_90_dergee/build/dynamixel_interfaces': CMAKE_PREFIX_PATH=${CMAKE_PREFIX_PATH}:/opt/ros/humble /usr/bin/cmake --build /home/dung/Manipulator_amr_90_dergee/build/dynamixel_interfaces -- -j32 -l32
[1.189s] [35m[1mConsolidate compiler generated dependencies of target dynamixel_interfaces__rosidl_generator_c[0m
[1.202s] [  1%] Built target dynamixel_interfaces__cpp
[1.205s] [ 12%] Built target dynamixel_interfaces__rosidl_generator_c
[1.210s] [ 12%] Built target ament_cmake_python_symlink_dynamixel_interfaces
[1.214s] [35m[1mConsolidate compiler generated dependencies of target dynamixel_interfaces__rosidl_typesupport_fastrtps_cpp[0m
[1.217s] [35m[1mConsolidate compiler generated dependencies of target dynamixel_interfaces__rosidl_typesupport_cpp[0m
[1.217s] [35m[1mConsolidate compiler generated dependencies of target dynamixel_interfaces__rosidl_typesupport_introspection_cpp[0m
[1.218s] [35m[1mConsolidate compiler generated dependencies of target dynamixel_interfaces__rosidl_typesupport_fastrtps_c[0m
[1.219s] [35m[1mConsolidate compiler generated dependencies of target dynamixel_interfaces__rosidl_typesupport_c[0m
[1.220s] [35m[1mConsolidate compiler generated dependencies of target dynamixel_interfaces__rosidl_typesupport_introspection_c[0m
[1.240s] [ 54%] Built target dynamixel_interfaces__rosidl_typesupport_cpp
[1.240s] [ 54%] Built target dynamixel_interfaces__rosidl_typesupport_fastrtps_cpp
[1.241s] [ 54%] Built target dynamixel_interfaces__rosidl_typesupport_introspection_c
[1.241s] [ 58%] Built target dynamixel_interfaces__rosidl_typesupport_c
[1.242s] [ 67%] Built target dynamixel_interfaces__rosidl_typesupport_introspection_cpp
[1.243s] [ 78%] Built target dynamixel_interfaces__rosidl_typesupport_fastrtps_c
[1.272s] [ 78%] Built target dynamixel_interfaces
[1.299s] [ 80%] Built target dynamixel_interfaces__py
[1.310s] [35m[1mConsolidate compiler generated dependencies of target dynamixel_interfaces__rosidl_generator_py[0m
[1.330s] [ 89%] Built target dynamixel_interfaces__rosidl_generator_py
[1.343s] [35m[1mConsolidate compiler generated dependencies of target dynamixel_interfaces__rosidl_typesupport_fastrtps_c__pyext[0m
[1.343s] [35m[1mConsolidate compiler generated dependencies of target dynamixel_interfaces__rosidl_typesupport_c__pyext[0m
[1.343s] [35m[1mConsolidate compiler generated dependencies of target dynamixel_interfaces__rosidl_typesupport_introspection_c__pyext[0m
[1.360s] [100%] Built target dynamixel_interfaces__rosidl_typesupport_c__pyext
[1.360s] [100%] Built target dynamixel_interfaces__rosidl_typesupport_fastrtps_c__pyext
[1.360s] [100%] Built target dynamixel_interfaces__rosidl_typesupport_introspection_c__pyext
[1.404s] running egg_info
[1.405s] writing dynamixel_interfaces.egg-info/PKG-INFO
[1.405s] writing dependency_links to dynamixel_interfaces.egg-info/dependency_links.txt
[1.405s] writing top-level names to dynamixel_interfaces.egg-info/top_level.txt
[1.406s] reading manifest file 'dynamixel_interfaces.egg-info/SOURCES.txt'
[1.407s] writing manifest file 'dynamixel_interfaces.egg-info/SOURCES.txt'
[1.440s] [100%] Built target ament_cmake_python_build_dynamixel_interfaces_egg
[1.453s] Invoked command in '/home/dung/Manipulator_amr_90_dergee/build/dynamixel_interfaces' returned '0': CMAKE_PREFIX_PATH=${CMAKE_PREFIX_PATH}:/opt/ros/humble /usr/bin/cmake --build /home/dung/Manipulator_amr_90_dergee/build/dynamixel_interfaces -- -j32 -l32
[1.455s] Invoking command in '/home/dung/Manipulator_amr_90_dergee/build/dynamixel_interfaces': CMAKE_PREFIX_PATH=${CMAKE_PREFIX_PATH}:/opt/ros/humble /usr/bin/cmake --install /home/dung/Manipulator_amr_90_dergee/build/dynamixel_interfaces
[1.469s] -- Install configuration: ""
[1.470s] -- Execute custom install script
[1.470s] -- Up-to-date symlink: /home/dung/Manipulator_amr_90_dergee/install/dynamixel_interfaces/share/ament_index/resource_index/rosidl_interfaces/dynamixel_interfaces
[1.471s] -- Up-to-date symlink: /home/dung/Manipulator_amr_90_dergee/install/dynamixel_interfaces/include/dynamixel_interfaces/dynamixel_interfaces/msg/detail/dynamixel_state__functions.h
[1.471s] -- Up-to-date symlink: /home/dung/Manipulator_amr_90_dergee/install/dynamixel_interfaces/include/dynamixel_interfaces/dynamixel_interfaces/msg/detail/dynamixel_state__struct.h
[1.471s] -- Up-to-date symlink: /home/dung/Manipulator_amr_90_dergee/install/dynamixel_interfaces/include/dynamixel_interfaces/dynamixel_interfaces/msg/detail/dynamixel_state__type_support.h
[1.471s] -- Up-to-date symlink: /home/dung/Manipulator_amr_90_dergee/install/dynamixel_interfaces/include/dynamixel_interfaces/dynamixel_interfaces/msg/dynamixel_state.h
[1.471s] -- Up-to-date symlink: /home/dung/Manipulator_amr_90_dergee/install/dynamixel_interfaces/include/dynamixel_interfaces/dynamixel_interfaces/msg/rosidl_generator_c__visibility_control.h
[1.471s] -- Up-to-date symlink: /home/dung/Manipulator_amr_90_dergee/install/dynamixel_interfaces/include/dynamixel_interfaces/dynamixel_interfaces/srv/detail/get_data_from_dxl__functions.h
[1.471s] -- Up-to-date symlink: /home/dung/Manipulator_amr_90_dergee/install/dynamixel_interfaces/include/dynamixel_interfaces/dynamixel_interfaces/srv/detail/get_data_from_dxl__struct.h
[1.471s] -- Up-to-date symlink: /home/dung/Manipulator_amr_90_dergee/install/dynamixel_interfaces/include/dynamixel_interfaces/dynamixel_interfaces/srv/detail/get_data_from_dxl__type_support.h
[1.471s] -- Up-to-date symlink: /home/dung/Manipulator_amr_90_dergee/install/dynamixel_interfaces/include/dynamixel_interfaces/dynamixel_interfaces/srv/detail/reboot_dxl__functions.h
[1.471s] -- Up-to-date symlink: /home/dung/Manipulator_amr_90_dergee/install/dynamixel_interfaces/include/dynamixel_interfaces/dynamixel_interfaces/srv/detail/reboot_dxl__struct.h
[1.472s] -- Up-to-date symlink: /home/dung/Manipulator_amr_90_dergee/install/dynamixel_interfaces/include/dynamixel_interfaces/dynamixel_interfaces/srv/detail/reboot_dxl__type_support.h
[1.472s] -- Up-to-date symlink: /home/dung/Manipulator_amr_90_dergee/install/dynamixel_interfaces/include/dynamixel_interfaces/dynamixel_interfaces/srv/detail/set_data_to_dxl__functions.h
[1.472s] -- Up-to-date symlink: /home/dung/Manipulator_amr_90_dergee/install/dynamixel_interfaces/include/dynamixel_interfaces/dynamixel_interfaces/srv/detail/set_data_to_dxl__struct.h
[1.472s] -- Up-to-date symlink: /home/dung/Manipulator_amr_90_dergee/install/dynamixel_interfaces/include/dynamixel_interfaces/dynamixel_interfaces/srv/detail/set_data_to_dxl__type_support.h
[1.472s] -- Up-to-date symlink: /home/dung/Manipulator_amr_90_dergee/install/dynamixel_interfaces/include/dynamixel_interfaces/dynamixel_interfaces/srv/get_data_from_dxl.h
[1.472s] -- Up-to-date symlink: /home/dung/Manipulator_amr_90_dergee/install/dynamixel_interfaces/include/dynamixel_interfaces/dynamixel_interfaces/srv/reboot_dxl.h
[1.472s] -- Up-to-date symlink: /home/dung/Manipulator_amr_90_dergee/install/dynamixel_interfaces/include/dynamixel_interfaces/dynamixel_interfaces/srv/set_data_to_dxl.h
[1.472s] -- Up-to-date symlink: /home/dung/Manipulator_amr_90_dergee/install/dynamixel_interfaces/share/dynamixel_interfaces/environment/library_path.sh
[1.472s] -- Up-to-date symlink: /home/dung/Manipulator_amr_90_dergee/install/dynamixel_interfaces/share/dynamixel_interfaces/environment/library_path.dsv
[1.473s] -- Up-to-date symlink: /home/dung/Manipulator_amr_90_dergee/install/dynamixel_interfaces/include/dynamixel_interfaces/dynamixel_interfaces/msg/detail/dynamixel_state__rosidl_typesupport_fastrtps_c.h
[1.473s] -- Up-to-date symlink: /home/dung/Manipulator_amr_90_dergee/install/dynamixel_interfaces/include/dynamixel_interfaces/dynamixel_interfaces/msg/rosidl_typesupport_fastrtps_c__visibility_control.h
[1.473s] -- Up-to-date symlink: /home/dung/Manipulator_amr_90_dergee/install/dynamixel_interfaces/include/dynamixel_interfaces/dynamixel_interfaces/srv/detail/get_data_from_dxl__rosidl_typesupport_fastrtps_c.h
[1.473s] -- Up-to-date symlink: /home/dung/Manipulator_amr_90_dergee/install/dynamixel_interfaces/include/dynamixel_interfaces/dynamixel_interfaces/srv/detail/reboot_dxl__rosidl_typesupport_fastrtps_c.h
[1.473s] -- Up-to-date symlink: /home/dung/Manipulator_amr_90_dergee/install/dynamixel_interfaces/include/dynamixel_interfaces/dynamixel_interfaces/srv/detail/set_data_to_dxl__rosidl_typesupport_fastrtps_c.h
[1.474s] -- Up-to-date symlink: /home/dung/Manipulator_amr_90_dergee/install/dynamixel_interfaces/include/dynamixel_interfaces/dynamixel_interfaces/msg/detail/dynamixel_state__builder.hpp
[1.474s] -- Up-to-date symlink: /home/dung/Manipulator_amr_90_dergee/install/dynamixel_interfaces/include/dynamixel_interfaces/dynamixel_interfaces/msg/detail/dynamixel_state__struct.hpp
[1.474s] -- Up-to-date symlink: /home/dung/Manipulator_amr_90_dergee/install/dynamixel_interfaces/include/dynamixel_interfaces/dynamixel_interfaces/msg/detail/dynamixel_state__traits.hpp
[1.474s] -- Up-to-date symlink: /home/dung/Manipulator_amr_90_dergee/install/dynamixel_interfaces/include/dynamixel_interfaces/dynamixel_interfaces/msg/detail/dynamixel_state__type_support.hpp
[1.474s] -- Up-to-date symlink: /home/dung/Manipulator_amr_90_dergee/install/dynamixel_interfaces/include/dynamixel_interfaces/dynamixel_interfaces/msg/dynamixel_state.hpp
[1.474s] -- Up-to-date symlink: /home/dung/Manipulator_amr_90_dergee/install/dynamixel_interfaces/include/dynamixel_interfaces/dynamixel_interfaces/msg/rosidl_generator_cpp__visibility_control.hpp
[1.474s] -- Up-to-date symlink: /home/dung/Manipulator_amr_90_dergee/install/dynamixel_interfaces/include/dynamixel_interfaces/dynamixel_interfaces/srv/detail/get_data_from_dxl__builder.hpp
[1.474s] -- Up-to-date symlink: /home/dung/Manipulator_amr_90_dergee/install/dynamixel_interfaces/include/dynamixel_interfaces/dynamixel_interfaces/srv/detail/get_data_from_dxl__struct.hpp
[1.474s] -- Up-to-date symlink: /home/dung/Manipulator_amr_90_dergee/install/dynamixel_interfaces/include/dynamixel_interfaces/dynamixel_interfaces/srv/detail/get_data_from_dxl__traits.hpp
[1.475s] -- Up-to-date symlink: /home/dung/Manipulator_amr_90_dergee/install/dynamixel_interfaces/include/dynamixel_interfaces/dynamixel_interfaces/srv/detail/get_data_from_dxl__type_support.hpp
[1.475s] -- Up-to-date symlink: /home/dung/Manipulator_amr_90_dergee/install/dynamixel_interfaces/include/dynamixel_interfaces/dynamixel_interfaces/srv/detail/reboot_dxl__builder.hpp
[1.475s] -- Up-to-date symlink: /home/dung/Manipulator_amr_90_dergee/install/dynamixel_interfaces/include/dynamixel_interfaces/dynamixel_interfaces/srv/detail/reboot_dxl__struct.hpp
[1.475s] -- Up-to-date symlink: /home/dung/Manipulator_amr_90_dergee/install/dynamixel_interfaces/include/dynamixel_interfaces/dynamixel_interfaces/srv/detail/reboot_dxl__traits.hpp
[1.475s] -- Up-to-date symlink: /home/dung/Manipulator_amr_90_dergee/install/dynamixel_interfaces/include/dynamixel_interfaces/dynamixel_interfaces/srv/detail/reboot_dxl__type_support.hpp
[1.475s] -- Up-to-date symlink: /home/dung/Manipulator_amr_90_dergee/install/dynamixel_interfaces/include/dynamixel_interfaces/dynamixel_interfaces/srv/detail/set_data_to_dxl__builder.hpp
[1.475s] -- Up-to-date symlink: /home/dung/Manipulator_amr_90_dergee/install/dynamixel_interfaces/include/dynamixel_interfaces/dynamixel_interfaces/srv/detail/set_data_to_dxl__struct.hpp
[1.475s] -- Up-to-date symlink: /home/dung/Manipulator_amr_90_dergee/install/dynamixel_interfaces/include/dynamixel_interfaces/dynamixel_interfaces/srv/detail/set_data_to_dxl__traits.hpp
[1.475s] -- Up-to-date symlink: /home/dung/Manipulator_amr_90_dergee/install/dynamixel_interfaces/include/dynamixel_interfaces/dynamixel_interfaces/srv/detail/set_data_to_dxl__type_support.hpp
[1.476s] -- Up-to-date symlink: /home/dung/Manipulator_amr_90_dergee/install/dynamixel_interfaces/include/dynamixel_interfaces/dynamixel_interfaces/srv/get_data_from_dxl.hpp
[1.476s] -- Up-to-date symlink: /home/dung/Manipulator_amr_90_dergee/install/dynamixel_interfaces/include/dynamixel_interfaces/dynamixel_interfaces/srv/reboot_dxl.hpp
[1.476s] -- Up-to-date symlink: /home/dung/Manipulator_amr_90_dergee/install/dynamixel_interfaces/include/dynamixel_interfaces/dynamixel_interfaces/srv/set_data_to_dxl.hpp
[1.476s] -- Up-to-date symlink: /home/dung/Manipulator_amr_90_dergee/install/dynamixel_interfaces/include/dynamixel_interfaces/dynamixel_interfaces/msg/detail/dynamixel_state__rosidl_typesupport_fastrtps_cpp.hpp
[1.476s] -- Up-to-date symlink: /home/dung/Manipulator_amr_90_dergee/install/dynamixel_interfaces/include/dynamixel_interfaces/dynamixel_interfaces/msg/rosidl_typesupport_fastrtps_cpp__visibility_control.h
[1.476s] -- Up-to-date symlink: /home/dung/Manipulator_amr_90_dergee/install/dynamixel_interfaces/include/dynamixel_interfaces/dynamixel_interfaces/srv/detail/get_data_from_dxl__rosidl_typesupport_fastrtps_cpp.hpp
[1.477s] -- Up-to-date symlink: /home/dung/Manipulator_amr_90_dergee/install/dynamixel_interfaces/include/dynamixel_interfaces/dynamixel_interfaces/srv/detail/reboot_dxl__rosidl_typesupport_fastrtps_cpp.hpp
[1.477s] -- Up-to-date symlink: /home/dung/Manipulator_amr_90_dergee/install/dynamixel_interfaces/include/dynamixel_interfaces/dynamixel_interfaces/srv/detail/set_data_to_dxl__rosidl_typesupport_fastrtps_cpp.hpp
[1.477s] -- Up-to-date symlink: /home/dung/Manipulator_amr_90_dergee/install/dynamixel_interfaces/include/dynamixel_interfaces/dynamixel_interfaces/msg/detail/dynamixel_state__rosidl_typesupport_introspection_c.h
[1.477s] -- Up-to-date symlink: /home/dung/Manipulator_amr_90_dergee/install/dynamixel_interfaces/include/dynamixel_interfaces/dynamixel_interfaces/msg/rosidl_typesupport_introspection_c__visibility_control.h
[1.477s] -- Up-to-date symlink: /home/dung/Manipulator_amr_90_dergee/install/dynamixel_interfaces/include/dynamixel_interfaces/dynamixel_interfaces/srv/detail/get_data_from_dxl__rosidl_typesupport_introspection_c.h
[1.477s] -- Up-to-date symlink: /home/dung/Manipulator_amr_90_dergee/install/dynamixel_interfaces/include/dynamixel_interfaces/dynamixel_interfaces/srv/detail/reboot_dxl__rosidl_typesupport_introspection_c.h
[1.477s] -- Up-to-date symlink: /home/dung/Manipulator_amr_90_dergee/install/dynamixel_interfaces/include/dynamixel_interfaces/dynamixel_interfaces/srv/detail/set_data_to_dxl__rosidl_typesupport_introspection_c.h
[1.478s] -- Up-to-date symlink: /home/dung/Manipulator_amr_90_dergee/install/dynamixel_interfaces/include/dynamixel_interfaces/dynamixel_interfaces/msg/detail/dynamixel_state__rosidl_typesupport_introspection_cpp.hpp
[1.478s] -- Up-to-date symlink: /home/dung/Manipulator_amr_90_dergee/install/dynamixel_interfaces/include/dynamixel_interfaces/dynamixel_interfaces/srv/detail/get_data_from_dxl__rosidl_typesupport_introspection_cpp.hpp
[1.478s] -- Up-to-date symlink: /home/dung/Manipulator_amr_90_dergee/install/dynamixel_interfaces/include/dynamixel_interfaces/dynamixel_interfaces/srv/detail/reboot_dxl__rosidl_typesupport_introspection_cpp.hpp
[1.478s] -- Up-to-date symlink: /home/dung/Manipulator_amr_90_dergee/install/dynamixel_interfaces/include/dynamixel_interfaces/dynamixel_interfaces/srv/detail/set_data_to_dxl__rosidl_typesupport_introspection_cpp.hpp
[1.478s] -- Up-to-date symlink: /home/dung/Manipulator_amr_90_dergee/install/dynamixel_interfaces/share/dynamixel_interfaces/environment/pythonpath.sh
[1.478s] -- Up-to-date symlink: /home/dung/Manipulator_amr_90_dergee/install/dynamixel_interfaces/share/dynamixel_interfaces/environment/pythonpath.dsv
[1.479s] -- Up-to-date symlink: /home/dung/Manipulator_amr_90_dergee/install/dynamixel_interfaces/local/lib/python3.10/dist-packages/dynamixel_interfaces-1.0.1-py3.10.egg-info/PKG-INFO
[1.479s] -- Up-to-date symlink: /home/dung/Manipulator_amr_90_dergee/install/dynamixel_interfaces/local/lib/python3.10/dist-packages/dynamixel_interfaces-1.0.1-py3.10.egg-info/SOURCES.txt
[1.479s] -- Up-to-date symlink: /home/dung/Manipulator_amr_90_dergee/install/dynamixel_interfaces/local/lib/python3.10/dist-packages/dynamixel_interfaces-1.0.1-py3.10.egg-info/dependency_links.txt
[1.479s] -- Up-to-date symlink: /home/dung/Manipulator_amr_90_dergee/install/dynamixel_interfaces/local/lib/python3.10/dist-packages/dynamixel_interfaces-1.0.1-py3.10.egg-info/top_level.txt
[1.479s] -- Up-to-date symlink: /home/dung/Manipulator_amr_90_dergee/install/dynamixel_interfaces/local/lib/python3.10/dist-packages/dynamixel_interfaces/__init__.py
[1.479s] -- Up-to-date symlink: /home/dung/Manipulator_amr_90_dergee/install/dynamixel_interfaces/local/lib/python3.10/dist-packages/dynamixel_interfaces/_dynamixel_interfaces_s.ep.rosidl_typesupport_c.c
[1.479s] -- Up-to-date symlink: /home/dung/Manipulator_amr_90_dergee/install/dynamixel_interfaces/local/lib/python3.10/dist-packages/dynamixel_interfaces/_dynamixel_interfaces_s.ep.rosidl_typesupport_fastrtps_c.c
[1.479s] -- Up-to-date symlink: /home/dung/Manipulator_amr_90_dergee/install/dynamixel_interfaces/local/lib/python3.10/dist-packages/dynamixel_interfaces/_dynamixel_interfaces_s.ep.rosidl_typesupport_introspection_c.c
[1.480s] -- Up-to-date symlink: /home/dung/Manipulator_amr_90_dergee/install/dynamixel_interfaces/local/lib/python3.10/dist-packages/dynamixel_interfaces/dynamixel_interfaces_s__rosidl_typesupport_c.cpython-310-x86_64-linux-gnu.so
[1.480s] -- Up-to-date symlink: /home/dung/Manipulator_amr_90_dergee/install/dynamixel_interfaces/local/lib/python3.10/dist-packages/dynamixel_interfaces/dynamixel_interfaces_s__rosidl_typesupport_fastrtps_c.cpython-310-x86_64-linux-gnu.so
[1.480s] -- Up-to-date symlink: /home/dung/Manipulator_amr_90_dergee/install/dynamixel_interfaces/local/lib/python3.10/dist-packages/dynamixel_interfaces/dynamixel_interfaces_s__rosidl_typesupport_introspection_c.cpython-310-x86_64-linux-gnu.so
[1.480s] -- Up-to-date symlink: /home/dung/Manipulator_amr_90_dergee/install/dynamixel_interfaces/local/lib/python3.10/dist-packages/dynamixel_interfaces/libdynamixel_interfaces__rosidl_generator_py.so
[1.480s] -- Up-to-date symlink: /home/dung/Manipulator_amr_90_dergee/install/dynamixel_interfaces/local/lib/python3.10/dist-packages/dynamixel_interfaces/msg/__init__.py
[1.480s] -- Up-to-date symlink: /home/dung/Manipulator_amr_90_dergee/install/dynamixel_interfaces/local/lib/python3.10/dist-packages/dynamixel_interfaces/msg/_dynamixel_state.py
[1.480s] -- Up-to-date symlink: /home/dung/Manipulator_amr_90_dergee/install/dynamixel_interfaces/local/lib/python3.10/dist-packages/dynamixel_interfaces/msg/_dynamixel_state_s.c
[1.480s] -- Up-to-date symlink: /home/dung/Manipulator_amr_90_dergee/install/dynamixel_interfaces/local/lib/python3.10/dist-packages/dynamixel_interfaces/srv/__init__.py
[1.480s] -- Up-to-date symlink: /home/dung/Manipulator_amr_90_dergee/install/dynamixel_interfaces/local/lib/python3.10/dist-packages/dynamixel_interfaces/srv/_get_data_from_dxl.py
[1.480s] -- Up-to-date symlink: /home/dung/Manipulator_amr_90_dergee/install/dynamixel_interfaces/local/lib/python3.10/dist-packages/dynamixel_interfaces/srv/_get_data_from_dxl_s.c
[1.480s] -- Up-to-date symlink: /home/dung/Manipulator_amr_90_dergee/install/dynamixel_interfaces/local/lib/python3.10/dist-packages/dynamixel_interfaces/srv/_reboot_dxl.py
[1.480s] -- Up-to-date symlink: /home/dung/Manipulator_amr_90_dergee/install/dynamixel_interfaces/local/lib/python3.10/dist-packages/dynamixel_interfaces/srv/_reboot_dxl_s.c
[1.480s] -- Up-to-date symlink: /home/dung/Manipulator_amr_90_dergee/install/dynamixel_interfaces/local/lib/python3.10/dist-packages/dynamixel_interfaces/srv/_set_data_to_dxl.py
[1.481s] -- Up-to-date symlink: /home/dung/Manipulator_amr_90_dergee/install/dynamixel_interfaces/local/lib/python3.10/dist-packages/dynamixel_interfaces/srv/_set_data_to_dxl_s.c
[1.481s] -- Up-to-date symlink: /home/dung/Manipulator_amr_90_dergee/install/dynamixel_interfaces/local/lib/python3.10/dist-packages/dynamixel_interfaces/dynamixel_interfaces_s__rosidl_typesupport_fastrtps_c.cpython-310-x86_64-linux-gnu.so
[1.481s] -- Up-to-date symlink: /home/dung/Manipulator_amr_90_dergee/install/dynamixel_interfaces/local/lib/python3.10/dist-packages/dynamixel_interfaces/dynamixel_interfaces_s__rosidl_typesupport_introspection_c.cpython-310-x86_64-linux-gnu.so
[1.481s] -- Up-to-date symlink: /home/dung/Manipulator_amr_90_dergee/install/dynamixel_interfaces/local/lib/python3.10/dist-packages/dynamixel_interfaces/dynamixel_interfaces_s__rosidl_typesupport_c.cpython-310-x86_64-linux-gnu.so
[1.481s] -- Up-to-date symlink: /home/dung/Manipulator_amr_90_dergee/install/dynamixel_interfaces/share/dynamixel_interfaces/msg/DynamixelState.idl
[1.481s] -- Up-to-date symlink: /home/dung/Manipulator_amr_90_dergee/install/dynamixel_interfaces/share/dynamixel_interfaces/srv/GetDataFromDxl.idl
[1.481s] -- Up-to-date symlink: /home/dung/Manipulator_amr_90_dergee/install/dynamixel_interfaces/share/dynamixel_interfaces/srv/SetDataToDxl.idl
[1.481s] -- Up-to-date symlink: /home/dung/Manipulator_amr_90_dergee/install/dynamixel_interfaces/share/dynamixel_interfaces/srv/RebootDxl.idl
[1.481s] -- Up-to-date symlink: /home/dung/Manipulator_amr_90_dergee/install/dynamixel_interfaces/share/dynamixel_interfaces/msg/DynamixelState.msg
[1.481s] -- Up-to-date symlink: /home/dung/Manipulator_amr_90_dergee/install/dynamixel_interfaces/share/dynamixel_interfaces/srv/GetDataFromDxl.srv
[1.482s] -- Up-to-date symlink: /home/dung/Manipulator_amr_90_dergee/install/dynamixel_interfaces/share/dynamixel_interfaces/srv/GetDataFromDxl_Request.msg
[1.482s] -- Up-to-date symlink: /home/dung/Manipulator_amr_90_dergee/install/dynamixel_interfaces/share/dynamixel_interfaces/srv/GetDataFromDxl_Response.msg
[1.482s] -- Up-to-date symlink: /home/dung/Manipulator_amr_90_dergee/install/dynamixel_interfaces/share/dynamixel_interfaces/srv/SetDataToDxl.srv
[1.482s] -- Up-to-date symlink: /home/dung/Manipulator_amr_90_dergee/install/dynamixel_interfaces/share/dynamixel_interfaces/srv/SetDataToDxl_Request.msg
[1.482s] -- Up-to-date symlink: /home/dung/Manipulator_amr_90_dergee/install/dynamixel_interfaces/share/dynamixel_interfaces/srv/SetDataToDxl_Response.msg
[1.482s] -- Up-to-date symlink: /home/dung/Manipulator_amr_90_dergee/install/dynamixel_interfaces/share/dynamixel_interfaces/srv/RebootDxl.srv
[1.482s] -- Up-to-date symlink: /home/dung/Manipulator_amr_90_dergee/install/dynamixel_interfaces/share/dynamixel_interfaces/srv/RebootDxl_Request.msg
[1.482s] -- Up-to-date symlink: /home/dung/Manipulator_amr_90_dergee/install/dynamixel_interfaces/share/dynamixel_interfaces/srv/RebootDxl_Response.msg
[1.482s] -- Up-to-date symlink: /home/dung/Manipulator_amr_90_dergee/install/dynamixel_interfaces/share/ament_index/resource_index/package_run_dependencies/dynamixel_interfaces
[1.482s] -- Up-to-date symlink: /home/dung/Manipulator_amr_90_dergee/install/dynamixel_interfaces/share/ament_index/resource_index/parent_prefix_path/dynamixel_interfaces
[1.482s] -- Up-to-date symlink: /home/dung/Manipulator_amr_90_dergee/install/dynamixel_interfaces/share/dynamixel_interfaces/environment/ament_prefix_path.sh
[1.483s] -- Up-to-date symlink: /home/dung/Manipulator_amr_90_dergee/install/dynamixel_interfaces/share/dynamixel_interfaces/environment/ament_prefix_path.dsv
[1.483s] -- Up-to-date symlink: /home/dung/Manipulator_amr_90_dergee/install/dynamixel_interfaces/share/dynamixel_interfaces/environment/path.sh
[1.483s] -- Up-to-date symlink: /home/dung/Manipulator_amr_90_dergee/install/dynamixel_interfaces/share/dynamixel_interfaces/environment/path.dsv
[1.483s] -- Up-to-date symlink: /home/dung/Manipulator_amr_90_dergee/install/dynamixel_interfaces/share/dynamixel_interfaces/local_setup.bash
[1.483s] -- Up-to-date symlink: /home/dung/Manipulator_amr_90_dergee/install/dynamixel_interfaces/share/dynamixel_interfaces/local_setup.sh
[1.483s] -- Up-to-date symlink: /home/dung/Manipulator_amr_90_dergee/install/dynamixel_interfaces/share/dynamixel_interfaces/local_setup.zsh
[1.483s] -- Up-to-date symlink: /home/dung/Manipulator_amr_90_dergee/install/dynamixel_interfaces/share/dynamixel_interfaces/local_setup.dsv
[1.483s] -- Symlinking: /home/dung/Manipulator_amr_90_dergee/install/dynamixel_interfaces/share/dynamixel_interfaces/package.dsv
[1.496s] -- Up-to-date symlink: /home/dung/Manipulator_amr_90_dergee/install/dynamixel_interfaces/share/ament_index/resource_index/packages/dynamixel_interfaces
[1.496s] -- Up-to-date symlink: /home/dung/Manipulator_amr_90_dergee/install/dynamixel_interfaces/share/dynamixel_interfaces/cmake/rosidl_cmake-extras.cmake
[1.496s] -- Up-to-date symlink: /home/dung/Manipulator_amr_90_dergee/install/dynamixel_interfaces/share/dynamixel_interfaces/cmake/ament_cmake_export_dependencies-extras.cmake
[1.496s] -- Up-to-date symlink: /home/dung/Manipulator_amr_90_dergee/install/dynamixel_interfaces/share/dynamixel_interfaces/cmake/ament_cmake_export_include_directories-extras.cmake
[1.496s] -- Up-to-date symlink: /home/dung/Manipulator_amr_90_dergee/install/dynamixel_interfaces/share/dynamixel_interfaces/cmake/ament_cmake_export_libraries-extras.cmake
[1.496s] -- Up-to-date symlink: /home/dung/Manipulator_amr_90_dergee/install/dynamixel_interfaces/share/dynamixel_interfaces/cmake/ament_cmake_export_targets-extras.cmake
[1.497s] -- Up-to-date symlink: /home/dung/Manipulator_amr_90_dergee/install/dynamixel_interfaces/share/dynamixel_interfaces/cmake/rosidl_cmake_export_typesupport_targets-extras.cmake
[1.497s] -- Up-to-date symlink: /home/dung/Manipulator_amr_90_dergee/install/dynamixel_interfaces/share/dynamixel_interfaces/cmake/rosidl_cmake_export_typesupport_libraries-extras.cmake
[1.497s] -- Up-to-date symlink: /home/dung/Manipulator_amr_90_dergee/install/dynamixel_interfaces/share/dynamixel_interfaces/cmake/dynamixel_interfacesConfig.cmake
[1.497s] -- Up-to-date symlink: /home/dung/Manipulator_amr_90_dergee/install/dynamixel_interfaces/share/dynamixel_interfaces/cmake/dynamixel_interfacesConfig-version.cmake
[1.497s] -- Up-to-date symlink: /home/dung/Manipulator_amr_90_dergee/install/dynamixel_interfaces/share/dynamixel_interfaces/package.xml
[1.497s] -- Up-to-date: /home/dung/Manipulator_amr_90_dergee/install/dynamixel_interfaces/lib/libdynamixel_interfaces__rosidl_generator_c.so
[1.498s] -- Up-to-date: /home/dung/Manipulator_amr_90_dergee/install/dynamixel_interfaces/lib/libdynamixel_interfaces__rosidl_typesupport_fastrtps_c.so
[1.498s] -- Up-to-date: /home/dung/Manipulator_amr_90_dergee/install/dynamixel_interfaces/lib/libdynamixel_interfaces__rosidl_typesupport_fastrtps_cpp.so
[1.498s] -- Up-to-date: /home/dung/Manipulator_amr_90_dergee/install/dynamixel_interfaces/lib/libdynamixel_interfaces__rosidl_typesupport_introspection_c.so
[1.499s] -- Up-to-date: /home/dung/Manipulator_amr_90_dergee/install/dynamixel_interfaces/lib/libdynamixel_interfaces__rosidl_typesupport_c.so
[1.499s] -- Up-to-date: /home/dung/Manipulator_amr_90_dergee/install/dynamixel_interfaces/lib/libdynamixel_interfaces__rosidl_typesupport_introspection_cpp.so
[1.499s] -- Up-to-date: /home/dung/Manipulator_amr_90_dergee/install/dynamixel_interfaces/lib/libdynamixel_interfaces__rosidl_typesupport_cpp.so
[1.527s] Listing '/home/dung/Manipulator_amr_90_dergee/install/dynamixel_interfaces/local/lib/python3.10/dist-packages/dynamixel_interfaces'...
[1.527s] Compiling '/home/dung/Manipulator_amr_90_dergee/install/dynamixel_interfaces/local/lib/python3.10/dist-packages/dynamixel_interfaces/__init__.py'...
[1.527s] Listing '/home/dung/Manipulator_amr_90_dergee/install/dynamixel_interfaces/local/lib/python3.10/dist-packages/dynamixel_interfaces/msg'...
[1.527s] Listing '/home/dung/Manipulator_amr_90_dergee/install/dynamixel_interfaces/local/lib/python3.10/dist-packages/dynamixel_interfaces/srv'...
[1.533s] -- Up-to-date: /home/dung/Manipulator_amr_90_dergee/install/dynamixel_interfaces/lib/libdynamixel_interfaces__rosidl_generator_py.so
[1.533s] -- Up-to-date: /home/dung/Manipulator_amr_90_dergee/install/dynamixel_interfaces/share/dynamixel_interfaces/cmake/export_dynamixel_interfaces__rosidl_generator_cExport.cmake
[1.533s] -- Up-to-date: /home/dung/Manipulator_amr_90_dergee/install/dynamixel_interfaces/share/dynamixel_interfaces/cmake/export_dynamixel_interfaces__rosidl_generator_cExport-noconfig.cmake
[1.533s] -- Up-to-date: /home/dung/Manipulator_amr_90_dergee/install/dynamixel_interfaces/share/dynamixel_interfaces/cmake/export_dynamixel_interfaces__rosidl_typesupport_fastrtps_cExport.cmake
[1.533s] -- Up-to-date: /home/dung/Manipulator_amr_90_dergee/install/dynamixel_interfaces/share/dynamixel_interfaces/cmake/export_dynamixel_interfaces__rosidl_typesupport_fastrtps_cExport-noconfig.cmake
[1.533s] -- Up-to-date: /home/dung/Manipulator_amr_90_dergee/install/dynamixel_interfaces/share/dynamixel_interfaces/cmake/export_dynamixel_interfaces__rosidl_generator_cppExport.cmake
[1.533s] -- Up-to-date: /home/dung/Manipulator_amr_90_dergee/install/dynamixel_interfaces/share/dynamixel_interfaces/cmake/export_dynamixel_interfaces__rosidl_typesupport_fastrtps_cppExport.cmake
[1.533s] -- Up-to-date: /home/dung/Manipulator_amr_90_dergee/install/dynamixel_interfaces/share/dynamixel_interfaces/cmake/export_dynamixel_interfaces__rosidl_typesupport_fastrtps_cppExport-noconfig.cmake
[1.534s] -- Up-to-date: /home/dung/Manipulator_amr_90_dergee/install/dynamixel_interfaces/share/dynamixel_interfaces/cmake/dynamixel_interfaces__rosidl_typesupport_introspection_cExport.cmake
[1.534s] -- Up-to-date: /home/dung/Manipulator_amr_90_dergee/install/dynamixel_interfaces/share/dynamixel_interfaces/cmake/dynamixel_interfaces__rosidl_typesupport_introspection_cExport-noconfig.cmake
[1.534s] -- Up-to-date: /home/dung/Manipulator_amr_90_dergee/install/dynamixel_interfaces/share/dynamixel_interfaces/cmake/dynamixel_interfaces__rosidl_typesupport_cExport.cmake
[1.534s] -- Up-to-date: /home/dung/Manipulator_amr_90_dergee/install/dynamixel_interfaces/share/dynamixel_interfaces/cmake/dynamixel_interfaces__rosidl_typesupport_cExport-noconfig.cmake
[1.534s] -- Up-to-date: /home/dung/Manipulator_amr_90_dergee/install/dynamixel_interfaces/share/dynamixel_interfaces/cmake/dynamixel_interfaces__rosidl_typesupport_introspection_cppExport.cmake
[1.534s] -- Up-to-date: /home/dung/Manipulator_amr_90_dergee/install/dynamixel_interfaces/share/dynamixel_interfaces/cmake/dynamixel_interfaces__rosidl_typesupport_introspection_cppExport-noconfig.cmake
[1.534s] -- Up-to-date: /home/dung/Manipulator_amr_90_dergee/install/dynamixel_interfaces/share/dynamixel_interfaces/cmake/dynamixel_interfaces__rosidl_typesupport_cppExport.cmake
[1.534s] -- Up-to-date: /home/dung/Manipulator_amr_90_dergee/install/dynamixel_interfaces/share/dynamixel_interfaces/cmake/dynamixel_interfaces__rosidl_typesupport_cppExport-noconfig.cmake
[1.534s] -- Up-to-date: /home/dung/Manipulator_amr_90_dergee/install/dynamixel_interfaces/share/dynamixel_interfaces/cmake/export_dynamixel_interfaces__rosidl_generator_pyExport.cmake
[1.534s] -- Up-to-date: /home/dung/Manipulator_amr_90_dergee/install/dynamixel_interfaces/share/dynamixel_interfaces/cmake/export_dynamixel_interfaces__rosidl_generator_pyExport-noconfig.cmake
[1.537s] Invoked command in '/home/dung/Manipulator_amr_90_dergee/build/dynamixel_interfaces' returned '0': CMAKE_PREFIX_PATH=${CMAKE_PREFIX_PATH}:/opt/ros/humble /usr/bin/cmake --install /home/dung/Manipulator_amr_90_dergee/build/dynamixel_interfaces
