[0.012s] Invoking command in '/home/dung/Manipulator_amr_90_dergee/build/open_manipulator_x_playground': CMAKE_PREFIX_PATH=${CMAKE_PREFIX_PATH}:/home/dung/install/open_manipulator_x_description:/opt/ros/humble /usr/bin/cmake /home/dung/Manipulator_amr_90_dergee/src/open_manipulator/open_manipulator_x_playground -DAMENT_CMAKE_SYMLINK_INSTALL=1 -DCMAKE_INSTALL_PREFIX=/home/dung/Manipulator_amr_90_dergee/install/open_manipulator_x_playground
[0.023s] -- Found ament_cmake: 1.3.13 (/opt/ros/humble/share/ament_cmake/cmake)
[0.113s] -- Override CMake install command with custom implementation using symlinks instead of copying resources
[0.117s] -- Found rclcpp: 16.0.18 (/opt/ros/humble/share/rclcpp/cmake)
[0.136s] -- Found rosidl_generator_c: 3.1.8 (/opt/ros/humble/share/rosidl_generator_c/cmake)
[0.138s] -- Found rosidl_adapter: 3.1.8 (/opt/ros/humble/share/rosidl_adapter/cmake)
[0.142s] -- Found rosidl_generator_cpp: 3.1.8 (/opt/ros/humble/share/rosidl_generator_cpp/cmake)
[0.147s] -- Using all available rosidl_typesupport_c: rosidl_typesupport_fastrtps_c;rosidl_typesupport_introspection_c
[0.154s] -- Using all available rosidl_typesupport_cpp: rosidl_typesupport_fastrtps_cpp;rosidl_typesupport_introspection_cpp
[0.173s] -- Found rmw_implementation_cmake: 6.1.2 (/opt/ros/humble/share/rmw_implementation_cmake/cmake)
[0.174s] -- Found rmw_fastrtps_cpp: 6.2.10 (/opt/ros/humble/share/rmw_fastrtps_cpp/cmake)
[0.262s] -- Using RMW implementation 'rmw_fastrtps_cpp' as default
[0.292s] -- Found moveit_ros_planning_interface: 2.5.9 (/opt/ros/humble/share/moveit_ros_planning_interface/cmake)
[0.300s] -- Found Boost: /usr/lib/x86_64-linux-gnu/cmake/Boost-1.74.0/BoostConfig.cmake (found version "1.74.0") found components: date_time filesystem program_options system thread 
[0.394s] -- Found Boost: /usr/lib/x86_64-linux-gnu/cmake/Boost-1.74.0/BoostConfig.cmake (found version "1.74.0") found components: chrono date_time filesystem iostreams program_options regex serialization system thread 
[0.411s] -- Found parameter_traits: 0.6.0 (/opt/ros/humble/share/parameter_traits/cmake)
[0.415s] -- Found rclcpp_lifecycle: 16.0.18 (/opt/ros/humble/share/rclcpp_lifecycle/cmake)
[0.426s] -- Found Boost: /usr/lib/x86_64-linux-gnu/cmake/Boost-1.74.0/BoostConfig.cmake (found version "1.74.0") found components: filesystem 
[0.454s] -- library: /usr/lib/x86_64-linux-gnu/libcurl.so
[0.470s] -- Ensuring Eigen3 include directory is part of orocos-kdl CMake target
[0.540s] -- Found Boost: /usr/lib/x86_64-linux-gnu/cmake/Boost-1.74.0/BoostConfig.cmake (found version "1.74.0") found components: system filesystem date_time program_options thread chrono 
[0.558s] -- Found Boost: /usr/lib/x86_64-linux-gnu/cmake/Boost-1.74.0/BoostConfig.cmake (found version "1.74.0") found components: thread system filesystem regex date_time program_options 
[0.570s] -- Found Boost: /usr/lib/x86_64-linux-gnu/cmake/Boost-1.74.0/BoostConfig.cmake (found version "1.74.0") found components: system filesystem date_time program_options thread 
[0.640s] -- Configuring done
[0.669s] -- Generating done
[0.676s] -- Build files have been written to: /home/dung/Manipulator_amr_90_dergee/build/open_manipulator_x_playground
[0.689s] Invoked command in '/home/dung/Manipulator_amr_90_dergee/build/open_manipulator_x_playground' returned '0': CMAKE_PREFIX_PATH=${CMAKE_PREFIX_PATH}:/home/dung/install/open_manipulator_x_description:/opt/ros/humble /usr/bin/cmake /home/dung/Manipulator_amr_90_dergee/src/open_manipulator/open_manipulator_x_playground -DAMENT_CMAKE_SYMLINK_INSTALL=1 -DCMAKE_INSTALL_PREFIX=/home/dung/Manipulator_amr_90_dergee/install/open_manipulator_x_playground
[0.691s] Invoking command in '/home/dung/Manipulator_amr_90_dergee/build/open_manipulator_x_playground': CMAKE_PREFIX_PATH=${CMAKE_PREFIX_PATH}:/home/dung/install/open_manipulator_x_description:/opt/ros/humble /usr/bin/cmake --build /home/dung/Manipulator_amr_90_dergee/build/open_manipulator_x_playground -- -j32 -l32
[0.749s] [ 50%] [32mBuilding CXX object CMakeFiles/main.dir/src/main.cpp.o[0m
[0.749s] [ 50%] [32mBuilding CXX object CMakeFiles/hello_moveit.dir/src/hello_moveit.cpp.o[0m
[6.392s] [ 75%] [32m[1mLinking CXX executable hello_moveit[0m
[6.614s] [ 75%] Built target hello_moveit
[9.643s] [100%] [32m[1mLinking CXX executable main[0m
[10.086s] [100%] Built target main
[10.097s] Invoked command in '/home/dung/Manipulator_amr_90_dergee/build/open_manipulator_x_playground' returned '0': CMAKE_PREFIX_PATH=${CMAKE_PREFIX_PATH}:/home/dung/install/open_manipulator_x_description:/opt/ros/humble /usr/bin/cmake --build /home/dung/Manipulator_amr_90_dergee/build/open_manipulator_x_playground -- -j32 -l32
[10.107s] Invoking command in '/home/dung/Manipulator_amr_90_dergee/build/open_manipulator_x_playground': CMAKE_PREFIX_PATH=${CMAKE_PREFIX_PATH}:/home/dung/install/open_manipulator_x_description:/opt/ros/humble /usr/bin/cmake --install /home/dung/Manipulator_amr_90_dergee/build/open_manipulator_x_playground
[10.116s] -- Install configuration: ""
[10.116s] -- Execute custom install script
[10.116s] -- Up-to-date symlink: /home/dung/Manipulator_amr_90_dergee/install/open_manipulator_x_playground/lib/open_manipulator_x_playground/hello_moveit
[10.116s] -- Up-to-date symlink: /home/dung/Manipulator_amr_90_dergee/install/open_manipulator_x_playground/lib/open_manipulator_x_playground/main
[10.116s] -- Up-to-date symlink: /home/dung/Manipulator_amr_90_dergee/install/open_manipulator_x_playground/share/ament_index/resource_index/package_run_dependencies/open_manipulator_x_playground
[10.116s] -- Up-to-date symlink: /home/dung/Manipulator_amr_90_dergee/install/open_manipulator_x_playground/share/ament_index/resource_index/parent_prefix_path/open_manipulator_x_playground
[10.117s] -- Up-to-date symlink: /home/dung/Manipulator_amr_90_dergee/install/open_manipulator_x_playground/share/open_manipulator_x_playground/environment/ament_prefix_path.sh
[10.117s] -- Up-to-date symlink: /home/dung/Manipulator_amr_90_dergee/install/open_manipulator_x_playground/share/open_manipulator_x_playground/environment/ament_prefix_path.dsv
[10.117s] -- Up-to-date symlink: /home/dung/Manipulator_amr_90_dergee/install/open_manipulator_x_playground/share/open_manipulator_x_playground/environment/path.sh
[10.117s] -- Up-to-date symlink: /home/dung/Manipulator_amr_90_dergee/install/open_manipulator_x_playground/share/open_manipulator_x_playground/environment/path.dsv
[10.117s] -- Up-to-date symlink: /home/dung/Manipulator_amr_90_dergee/install/open_manipulator_x_playground/share/open_manipulator_x_playground/local_setup.bash
[10.117s] -- Up-to-date symlink: /home/dung/Manipulator_amr_90_dergee/install/open_manipulator_x_playground/share/open_manipulator_x_playground/local_setup.sh
[10.117s] -- Up-to-date symlink: /home/dung/Manipulator_amr_90_dergee/install/open_manipulator_x_playground/share/open_manipulator_x_playground/local_setup.zsh
[10.117s] -- Up-to-date symlink: /home/dung/Manipulator_amr_90_dergee/install/open_manipulator_x_playground/share/open_manipulator_x_playground/local_setup.dsv
[10.117s] -- Symlinking: /home/dung/Manipulator_amr_90_dergee/install/open_manipulator_x_playground/share/open_manipulator_x_playground/package.dsv
[10.129s] -- Up-to-date symlink: /home/dung/Manipulator_amr_90_dergee/install/open_manipulator_x_playground/share/ament_index/resource_index/packages/open_manipulator_x_playground
[10.129s] -- Up-to-date symlink: /home/dung/Manipulator_amr_90_dergee/install/open_manipulator_x_playground/share/open_manipulator_x_playground/cmake/open_manipulator_x_playgroundConfig.cmake
[10.129s] -- Up-to-date symlink: /home/dung/Manipulator_amr_90_dergee/install/open_manipulator_x_playground/share/open_manipulator_x_playground/cmake/open_manipulator_x_playgroundConfig-version.cmake
[10.129s] -- Up-to-date symlink: /home/dung/Manipulator_amr_90_dergee/install/open_manipulator_x_playground/share/open_manipulator_x_playground/package.xml
[10.129s] -- Up-to-date symlink: /home/dung/Manipulator_amr_90_dergee/install/open_manipulator_x_playground/share/open_manipulator_x_playground/launch/main_with_moveit.launch.py
[10.131s] Invoked command in '/home/dung/Manipulator_amr_90_dergee/build/open_manipulator_x_playground' returned '0': CMAKE_PREFIX_PATH=${CMAKE_PREFIX_PATH}:/home/dung/install/open_manipulator_x_description:/opt/ros/humble /usr/bin/cmake --install /home/dung/Manipulator_amr_90_dergee/build/open_manipulator_x_playground
