[0.011s] Invoking command in '/home/dung/Manipulator_amr_90_dergee/build/open_manipulator_x_teleop': CMAKE_PREFIX_PATH=/home/dung/Manipulator_amr_90_dergee/install/open_manipulator_x_moveit_config:/home/dung/Manipulator_amr_90_dergee/install/open_manipulator_x_bringup:/home/dung/Manipulator_amr_90_dergee/install/open_manipulator_x_description:/home/dung/Manipulator_amr_90_dergee/install/open_manipulator:/home/dung/Manipulator_amr_90_dergee/install/open_manipulator_x_teleop:/home/dung/Manipulator_amr_90_dergee/install/open_manipulator_x_playground:/home/dung/Manipulator_amr_90_dergee/install/open_manipulator_x_gui:/home/dung/Manipulator_amr_90_dergee/install/dynamixel_sdk_examples:/home/dung/Manipulator_amr_90_dergee/install/dynamixel_sdk_custom_interfaces:/home/dung/Manipulator_amr_90_dergee/install/dynamixel_hardware_interface:/home/dung/Manipulator_amr_90_dergee/install/dynamixel_sdk:/home/dung/Manipulator_amr_90_dergee/install/dynamixel_interfaces:/home/dung/install/open_manipulator:/home/dung/install/open_manipulator_x_teleop:/home/dung/install/open_manipulator_x_playground:/home/dung/install/open_manipulator_x_moveit_config:/home/dung/install/open_manipulator_x_gui:/home/dung/install/open_manipulator_x_bringup:/home/dung/install/open_manipulator_x_description:/home/dung/install/libuvc:/home/dung/install/dynamixel_sdk_examples:/home/dung/install/dynamixel_sdk_custom_interfaces:/home/dung/install/dynamixel_hardware_interface:/home/dung/install/dynamixel_sdk:/home/dung/install/dynamixel_interfaces:/home/dung/install/astra_camera:/home/dung/install/astra_camera_msgs:/home/dung/install/arm_controller:/opt/ros/humble /usr/bin/cmake /home/dung/Manipulator_amr_90_dergee/src/open_manipulator/open_manipulator_x_teleop -DAMENT_CMAKE_SYMLINK_INSTALL=1 -DCMAKE_INSTALL_PREFIX=/home/dung/Manipulator_amr_90_dergee/install/open_manipulator_x_teleop
[0.069s] -- The C compiler identification is GNU 11.4.0
[0.119s] -- The CXX compiler identification is GNU 11.4.0
[0.125s] -- Detecting C compiler ABI info
[0.207s] -- Detecting C compiler ABI info - done
[0.212s] -- Check for working C compiler: /usr/bin/cc - skipped
[0.212s] -- Detecting C compile features
[0.212s] -- Detecting C compile features - done
[0.215s] -- Detecting CXX compiler ABI info
[0.299s] -- Detecting CXX compiler ABI info - done
[0.306s] -- Check for working CXX compiler: /usr/bin/c++ - skipped
[0.306s] -- Detecting CXX compile features
[0.307s] -- Detecting CXX compile features - done
[0.312s] -- Found ament_cmake: 1.3.13 (/opt/ros/humble/share/ament_cmake/cmake)
[0.439s] -- Found Python3: /usr/bin/python3 (found version "3.10.12") found components: Interpreter 
[0.492s] -- Override CMake install command with custom implementation using symlinks instead of copying resources
[0.546s] -- Found rclcpp: 16.0.18 (/opt/ros/humble/share/rclcpp/cmake)
[0.605s] -- Found rosidl_generator_c: 3.1.8 (/opt/ros/humble/share/rosidl_generator_c/cmake)
[0.616s] -- Found rosidl_adapter: 3.1.8 (/opt/ros/humble/share/rosidl_adapter/cmake)
[0.631s] -- Found rosidl_generator_cpp: 3.1.8 (/opt/ros/humble/share/rosidl_generator_cpp/cmake)
[0.658s] -- Using all available rosidl_typesupport_c: rosidl_typesupport_fastrtps_c;rosidl_typesupport_introspection_c
[0.687s] -- Using all available rosidl_typesupport_cpp: rosidl_typesupport_fastrtps_cpp;rosidl_typesupport_introspection_cpp
[0.759s] -- Found rmw_implementation_cmake: 6.1.2 (/opt/ros/humble/share/rmw_implementation_cmake/cmake)
[0.763s] -- Found rmw_fastrtps_cpp: 6.2.10 (/opt/ros/humble/share/rmw_fastrtps_cpp/cmake)
[0.897s] -- Found OpenSSL: /usr/lib/x86_64-linux-gnu/libcrypto.so (found version "3.0.2")  
[0.939s] -- Found FastRTPS: /opt/ros/humble/include  
[0.992s] -- Using RMW implementation 'rmw_fastrtps_cpp' as default
[1.008s] -- Looking for pthread.h
[1.086s] -- Looking for pthread.h - found
[1.086s] -- Performing Test CMAKE_HAVE_LIBC_PTHREAD
[1.161s] -- Performing Test CMAKE_HAVE_LIBC_PTHREAD - Success
[1.162s] -- Found Threads: TRUE  
[1.203s] -- Found open_manipulator_x_bringup: 3.0.4 (/home/dung/Manipulator_amr_90_dergee/install/open_manipulator_x_bringup/share/open_manipulator_x_bringup/cmake)
[1.204s] -- Found open_manipulator_x_moveit_config: 3.0.4 (/home/dung/Manipulator_amr_90_dergee/install/open_manipulator_x_moveit_config/share/open_manipulator_x_moveit_config/cmake)
[1.204s] -- Found open_manipulator_x_description: 3.0.4 (/home/dung/Manipulator_amr_90_dergee/install/open_manipulator_x_description/share/open_manipulator_x_description/cmake)
[1.207s] -- Found geometry_msgs: 4.9.1 (/opt/ros/humble/share/geometry_msgs/cmake)
[1.219s] -- Found nav_msgs: 4.9.1 (/opt/ros/humble/share/nav_msgs/cmake)
[1.236s] -- Found control_msgs: 4.8.0 (/opt/ros/humble/share/control_msgs/cmake)
[1.301s] -- Found std_srvs: 4.9.1 (/opt/ros/humble/share/std_srvs/cmake)
[1.308s] -- Found rclcpp_action: 16.0.18 (/opt/ros/humble/share/rclcpp_action/cmake)
[1.362s] -- Configuring done
[1.372s] -- Generating done
[1.375s] -- Build files have been written to: /home/dung/Manipulator_amr_90_dergee/build/open_manipulator_x_teleop
[1.387s] Invoked command in '/home/dung/Manipulator_amr_90_dergee/build/open_manipulator_x_teleop' returned '0': CMAKE_PREFIX_PATH=/home/dung/Manipulator_amr_90_dergee/install/open_manipulator_x_moveit_config:/home/dung/Manipulator_amr_90_dergee/install/open_manipulator_x_bringup:/home/dung/Manipulator_amr_90_dergee/install/open_manipulator_x_description:/home/dung/Manipulator_amr_90_dergee/install/open_manipulator:/home/dung/Manipulator_amr_90_dergee/install/open_manipulator_x_teleop:/home/dung/Manipulator_amr_90_dergee/install/open_manipulator_x_playground:/home/dung/Manipulator_amr_90_dergee/install/open_manipulator_x_gui:/home/dung/Manipulator_amr_90_dergee/install/dynamixel_sdk_examples:/home/dung/Manipulator_amr_90_dergee/install/dynamixel_sdk_custom_interfaces:/home/dung/Manipulator_amr_90_dergee/install/dynamixel_hardware_interface:/home/dung/Manipulator_amr_90_dergee/install/dynamixel_sdk:/home/dung/Manipulator_amr_90_dergee/install/dynamixel_interfaces:/home/dung/install/open_manipulator:/home/dung/install/open_manipulator_x_teleop:/home/dung/install/open_manipulator_x_playground:/home/dung/install/open_manipulator_x_moveit_config:/home/dung/install/open_manipulator_x_gui:/home/dung/install/open_manipulator_x_bringup:/home/dung/install/open_manipulator_x_description:/home/dung/install/libuvc:/home/dung/install/dynamixel_sdk_examples:/home/dung/install/dynamixel_sdk_custom_interfaces:/home/dung/install/dynamixel_hardware_interface:/home/dung/install/dynamixel_sdk:/home/dung/install/dynamixel_interfaces:/home/dung/install/astra_camera:/home/dung/install/astra_camera_msgs:/home/dung/install/arm_controller:/opt/ros/humble /usr/bin/cmake /home/dung/Manipulator_amr_90_dergee/src/open_manipulator/open_manipulator_x_teleop -DAMENT_CMAKE_SYMLINK_INSTALL=1 -DCMAKE_INSTALL_PREFIX=/home/dung/Manipulator_amr_90_dergee/install/open_manipulator_x_teleop
[1.388s] Invoking command in '/home/dung/Manipulator_amr_90_dergee/build/open_manipulator_x_teleop': CMAKE_PREFIX_PATH=/home/dung/Manipulator_amr_90_dergee/install/open_manipulator_x_moveit_config:/home/dung/Manipulator_amr_90_dergee/install/open_manipulator_x_bringup:/home/dung/Manipulator_amr_90_dergee/install/open_manipulator_x_description:/home/dung/Manipulator_amr_90_dergee/install/open_manipulator:/home/dung/Manipulator_amr_90_dergee/install/open_manipulator_x_teleop:/home/dung/Manipulator_amr_90_dergee/install/open_manipulator_x_playground:/home/dung/Manipulator_amr_90_dergee/install/open_manipulator_x_gui:/home/dung/Manipulator_amr_90_dergee/install/dynamixel_sdk_examples:/home/dung/Manipulator_amr_90_dergee/install/dynamixel_sdk_custom_interfaces:/home/dung/Manipulator_amr_90_dergee/install/dynamixel_hardware_interface:/home/dung/Manipulator_amr_90_dergee/install/dynamixel_sdk:/home/dung/Manipulator_amr_90_dergee/install/dynamixel_interfaces:/home/dung/install/open_manipulator:/home/dung/install/open_manipulator_x_teleop:/home/dung/install/open_manipulator_x_playground:/home/dung/install/open_manipulator_x_moveit_config:/home/dung/install/open_manipulator_x_gui:/home/dung/install/open_manipulator_x_bringup:/home/dung/install/open_manipulator_x_description:/home/dung/install/libuvc:/home/dung/install/dynamixel_sdk_examples:/home/dung/install/dynamixel_sdk_custom_interfaces:/home/dung/install/dynamixel_hardware_interface:/home/dung/install/dynamixel_sdk:/home/dung/install/dynamixel_interfaces:/home/dung/install/astra_camera:/home/dung/install/astra_camera_msgs:/home/dung/install/arm_controller:/opt/ros/humble /usr/bin/cmake --build /home/dung/Manipulator_amr_90_dergee/build/open_manipulator_x_teleop -- -j32 -l32
[1.432s] [ 50%] [32mBuilding CXX object CMakeFiles/open_manipulator_x_teleop.dir/src/open_manipulator_x_teleop.cpp.o[0m
[5.839s] [100%] [32m[1mLinking CXX executable open_manipulator_x_teleop[0m
[6.049s] [100%] Built target open_manipulator_x_teleop
[6.060s] Invoked command in '/home/dung/Manipulator_amr_90_dergee/build/open_manipulator_x_teleop' returned '0': CMAKE_PREFIX_PATH=/home/dung/Manipulator_amr_90_dergee/install/open_manipulator_x_moveit_config:/home/dung/Manipulator_amr_90_dergee/install/open_manipulator_x_bringup:/home/dung/Manipulator_amr_90_dergee/install/open_manipulator_x_description:/home/dung/Manipulator_amr_90_dergee/install/open_manipulator:/home/dung/Manipulator_amr_90_dergee/install/open_manipulator_x_teleop:/home/dung/Manipulator_amr_90_dergee/install/open_manipulator_x_playground:/home/dung/Manipulator_amr_90_dergee/install/open_manipulator_x_gui:/home/dung/Manipulator_amr_90_dergee/install/dynamixel_sdk_examples:/home/dung/Manipulator_amr_90_dergee/install/dynamixel_sdk_custom_interfaces:/home/dung/Manipulator_amr_90_dergee/install/dynamixel_hardware_interface:/home/dung/Manipulator_amr_90_dergee/install/dynamixel_sdk:/home/dung/Manipulator_amr_90_dergee/install/dynamixel_interfaces:/home/dung/install/open_manipulator:/home/dung/install/open_manipulator_x_teleop:/home/dung/install/open_manipulator_x_playground:/home/dung/install/open_manipulator_x_moveit_config:/home/dung/install/open_manipulator_x_gui:/home/dung/install/open_manipulator_x_bringup:/home/dung/install/open_manipulator_x_description:/home/dung/install/libuvc:/home/dung/install/dynamixel_sdk_examples:/home/dung/install/dynamixel_sdk_custom_interfaces:/home/dung/install/dynamixel_hardware_interface:/home/dung/install/dynamixel_sdk:/home/dung/install/dynamixel_interfaces:/home/dung/install/astra_camera:/home/dung/install/astra_camera_msgs:/home/dung/install/arm_controller:/opt/ros/humble /usr/bin/cmake --build /home/dung/Manipulator_amr_90_dergee/build/open_manipulator_x_teleop -- -j32 -l32
[6.062s] Invoking command in '/home/dung/Manipulator_amr_90_dergee/build/open_manipulator_x_teleop': CMAKE_PREFIX_PATH=/home/dung/Manipulator_amr_90_dergee/install/open_manipulator_x_moveit_config:/home/dung/Manipulator_amr_90_dergee/install/open_manipulator_x_bringup:/home/dung/Manipulator_amr_90_dergee/install/open_manipulator_x_description:/home/dung/Manipulator_amr_90_dergee/install/open_manipulator:/home/dung/Manipulator_amr_90_dergee/install/open_manipulator_x_teleop:/home/dung/Manipulator_amr_90_dergee/install/open_manipulator_x_playground:/home/dung/Manipulator_amr_90_dergee/install/open_manipulator_x_gui:/home/dung/Manipulator_amr_90_dergee/install/dynamixel_sdk_examples:/home/dung/Manipulator_amr_90_dergee/install/dynamixel_sdk_custom_interfaces:/home/dung/Manipulator_amr_90_dergee/install/dynamixel_hardware_interface:/home/dung/Manipulator_amr_90_dergee/install/dynamixel_sdk:/home/dung/Manipulator_amr_90_dergee/install/dynamixel_interfaces:/home/dung/install/open_manipulator:/home/dung/install/open_manipulator_x_teleop:/home/dung/install/open_manipulator_x_playground:/home/dung/install/open_manipulator_x_moveit_config:/home/dung/install/open_manipulator_x_gui:/home/dung/install/open_manipulator_x_bringup:/home/dung/install/open_manipulator_x_description:/home/dung/install/libuvc:/home/dung/install/dynamixel_sdk_examples:/home/dung/install/dynamixel_sdk_custom_interfaces:/home/dung/install/dynamixel_hardware_interface:/home/dung/install/dynamixel_sdk:/home/dung/install/dynamixel_interfaces:/home/dung/install/astra_camera:/home/dung/install/astra_camera_msgs:/home/dung/install/arm_controller:/opt/ros/humble /usr/bin/cmake --install /home/dung/Manipulator_amr_90_dergee/build/open_manipulator_x_teleop
[6.069s] -- Install configuration: ""
[6.069s] -- Execute custom install script
[6.070s] -- Symlinking: /home/dung/Manipulator_amr_90_dergee/install/open_manipulator_x_teleop/lib/open_manipulator_x_teleop/open_manipulator_x_teleop
[6.079s] -- Symlinking: /home/dung/Manipulator_amr_90_dergee/install/open_manipulator_x_teleop/share/ament_index/resource_index/package_run_dependencies/open_manipulator_x_teleop
[6.088s] -- Symlinking: /home/dung/Manipulator_amr_90_dergee/install/open_manipulator_x_teleop/share/ament_index/resource_index/parent_prefix_path/open_manipulator_x_teleop
[6.096s] -- Symlinking: /home/dung/Manipulator_amr_90_dergee/install/open_manipulator_x_teleop/share/open_manipulator_x_teleop/environment/ament_prefix_path.sh
[6.104s] -- Symlinking: /home/dung/Manipulator_amr_90_dergee/install/open_manipulator_x_teleop/share/open_manipulator_x_teleop/environment/ament_prefix_path.dsv
[6.112s] -- Symlinking: /home/dung/Manipulator_amr_90_dergee/install/open_manipulator_x_teleop/share/open_manipulator_x_teleop/environment/path.sh
[6.120s] -- Symlinking: /home/dung/Manipulator_amr_90_dergee/install/open_manipulator_x_teleop/share/open_manipulator_x_teleop/environment/path.dsv
[6.128s] -- Symlinking: /home/dung/Manipulator_amr_90_dergee/install/open_manipulator_x_teleop/share/open_manipulator_x_teleop/local_setup.bash
[6.137s] -- Symlinking: /home/dung/Manipulator_amr_90_dergee/install/open_manipulator_x_teleop/share/open_manipulator_x_teleop/local_setup.sh
[6.145s] -- Symlinking: /home/dung/Manipulator_amr_90_dergee/install/open_manipulator_x_teleop/share/open_manipulator_x_teleop/local_setup.zsh
[6.154s] -- Symlinking: /home/dung/Manipulator_amr_90_dergee/install/open_manipulator_x_teleop/share/open_manipulator_x_teleop/local_setup.dsv
[6.163s] -- Symlinking: /home/dung/Manipulator_amr_90_dergee/install/open_manipulator_x_teleop/share/open_manipulator_x_teleop/package.dsv
[6.172s] -- Symlinking: /home/dung/Manipulator_amr_90_dergee/install/open_manipulator_x_teleop/share/ament_index/resource_index/packages/open_manipulator_x_teleop
[6.182s] -- Symlinking: /home/dung/Manipulator_amr_90_dergee/install/open_manipulator_x_teleop/share/open_manipulator_x_teleop/cmake/open_manipulator_x_teleopConfig.cmake
[6.191s] -- Symlinking: /home/dung/Manipulator_amr_90_dergee/install/open_manipulator_x_teleop/share/open_manipulator_x_teleop/cmake/open_manipulator_x_teleopConfig-version.cmake
[6.199s] -- Symlinking: /home/dung/Manipulator_amr_90_dergee/install/open_manipulator_x_teleop/share/open_manipulator_x_teleop/package.xml
[6.210s] Invoked command in '/home/dung/Manipulator_amr_90_dergee/build/open_manipulator_x_teleop' returned '0': CMAKE_PREFIX_PATH=/home/dung/Manipulator_amr_90_dergee/install/open_manipulator_x_moveit_config:/home/dung/Manipulator_amr_90_dergee/install/open_manipulator_x_bringup:/home/dung/Manipulator_amr_90_dergee/install/open_manipulator_x_description:/home/dung/Manipulator_amr_90_dergee/install/open_manipulator:/home/dung/Manipulator_amr_90_dergee/install/open_manipulator_x_teleop:/home/dung/Manipulator_amr_90_dergee/install/open_manipulator_x_playground:/home/dung/Manipulator_amr_90_dergee/install/open_manipulator_x_gui:/home/dung/Manipulator_amr_90_dergee/install/dynamixel_sdk_examples:/home/dung/Manipulator_amr_90_dergee/install/dynamixel_sdk_custom_interfaces:/home/dung/Manipulator_amr_90_dergee/install/dynamixel_hardware_interface:/home/dung/Manipulator_amr_90_dergee/install/dynamixel_sdk:/home/dung/Manipulator_amr_90_dergee/install/dynamixel_interfaces:/home/dung/install/open_manipulator:/home/dung/install/open_manipulator_x_teleop:/home/dung/install/open_manipulator_x_playground:/home/dung/install/open_manipulator_x_moveit_config:/home/dung/install/open_manipulator_x_gui:/home/dung/install/open_manipulator_x_bringup:/home/dung/install/open_manipulator_x_description:/home/dung/install/libuvc:/home/dung/install/dynamixel_sdk_examples:/home/dung/install/dynamixel_sdk_custom_interfaces:/home/dung/install/dynamixel_hardware_interface:/home/dung/install/dynamixel_sdk:/home/dung/install/dynamixel_interfaces:/home/dung/install/astra_camera:/home/dung/install/astra_camera_msgs:/home/dung/install/arm_controller:/opt/ros/humble /usr/bin/cmake --install /home/dung/Manipulator_amr_90_dergee/build/open_manipulator_x_teleop
