[0.023s] Invoking command in '/home/dung/Manipulator_amr_90_dergee/build/dynamixel_sdk_custom_interfaces': CMAKE_PREFIX_PATH=${CMAKE_PREFIX_PATH}:/home/dung/install/open_manipulator_x_description:/opt/ros/humble /usr/bin/cmake --build /home/dung/Manipulator_amr_90_dergee/build/dynamixel_sdk_custom_interfaces -- -j32 -l32
[0.074s] [ 10%] Built target dynamixel_sdk_custom_interfaces__rosidl_generator_c
[0.075s] [ 12%] Built target dynamixel_sdk_custom_interfaces__cpp
[0.088s] [ 12%] Built target ament_cmake_python_symlink_dynamixel_sdk_custom_interfaces
[0.103s] [ 23%] Built target dynamixel_sdk_custom_interfaces__rosidl_typesupport_c
[0.103s] [ 33%] Built target dynamixel_sdk_custom_interfaces__rosidl_typesupport_fastrtps_c
[0.107s] [ 43%] Built target dynamixel_sdk_custom_interfaces__rosidl_typesupport_introspection_c
[0.112s] [ 53%] Built target dynamixel_sdk_custom_interfaces__rosidl_typesupport_introspection_cpp
[0.115s] [ 64%] Built target dynamixel_sdk_custom_interfaces__rosidl_typesupport_cpp
[0.115s] [ 74%] Built target dynamixel_sdk_custom_interfaces__rosidl_typesupport_fastrtps_cpp
[0.141s] [ 74%] Built target dynamixel_sdk_custom_interfaces
[0.168s] [ 76%] Built target dynamixel_sdk_custom_interfaces__py
[0.195s] [ 84%] Built target dynamixel_sdk_custom_interfaces__rosidl_generator_py
[0.229s] [ 97%] Built target dynamixel_sdk_custom_interfaces__rosidl_typesupport_introspection_c__pyext
[0.230s] [100%] Built target dynamixel_sdk_custom_interfaces__rosidl_typesupport_fastrtps_c__pyext
[0.231s] [100%] Built target dynamixel_sdk_custom_interfaces__rosidl_typesupport_c__pyext
[0.280s] running egg_info
[0.281s] writing dynamixel_sdk_custom_interfaces.egg-info/PKG-INFO
[0.281s] writing dependency_links to dynamixel_sdk_custom_interfaces.egg-info/dependency_links.txt
[0.281s] writing top-level names to dynamixel_sdk_custom_interfaces.egg-info/top_level.txt
[0.284s] reading manifest file 'dynamixel_sdk_custom_interfaces.egg-info/SOURCES.txt'
[0.284s] writing manifest file 'dynamixel_sdk_custom_interfaces.egg-info/SOURCES.txt'
[0.322s] [100%] Built target ament_cmake_python_build_dynamixel_sdk_custom_interfaces_egg
[0.341s] Invoked command in '/home/dung/Manipulator_amr_90_dergee/build/dynamixel_sdk_custom_interfaces' returned '0': CMAKE_PREFIX_PATH=${CMAKE_PREFIX_PATH}:/home/dung/install/open_manipulator_x_description:/opt/ros/humble /usr/bin/cmake --build /home/dung/Manipulator_amr_90_dergee/build/dynamixel_sdk_custom_interfaces -- -j32 -l32
[0.342s] Invoking command in '/home/dung/Manipulator_amr_90_dergee/build/dynamixel_sdk_custom_interfaces': CMAKE_PREFIX_PATH=${CMAKE_PREFIX_PATH}:/home/dung/install/open_manipulator_x_description:/opt/ros/humble /usr/bin/cmake --install /home/dung/Manipulator_amr_90_dergee/build/dynamixel_sdk_custom_interfaces
[0.351s] -- Install configuration: ""
[0.352s] -- Execute custom install script
[0.352s] -- Up-to-date symlink: /home/dung/Manipulator_amr_90_dergee/install/dynamixel_sdk_custom_interfaces/share/ament_index/resource_index/rosidl_interfaces/dynamixel_sdk_custom_interfaces
[0.353s] -- Up-to-date symlink: /home/dung/Manipulator_amr_90_dergee/install/dynamixel_sdk_custom_interfaces/include/dynamixel_sdk_custom_interfaces/dynamixel_sdk_custom_interfaces/msg/detail/set_position__functions.h
[0.353s] -- Up-to-date symlink: /home/dung/Manipulator_amr_90_dergee/install/dynamixel_sdk_custom_interfaces/include/dynamixel_sdk_custom_interfaces/dynamixel_sdk_custom_interfaces/msg/detail/set_position__struct.h
[0.353s] -- Up-to-date symlink: /home/dung/Manipulator_amr_90_dergee/install/dynamixel_sdk_custom_interfaces/include/dynamixel_sdk_custom_interfaces/dynamixel_sdk_custom_interfaces/msg/detail/set_position__type_support.h
[0.353s] -- Up-to-date symlink: /home/dung/Manipulator_amr_90_dergee/install/dynamixel_sdk_custom_interfaces/include/dynamixel_sdk_custom_interfaces/dynamixel_sdk_custom_interfaces/msg/rosidl_generator_c__visibility_control.h
[0.353s] -- Up-to-date symlink: /home/dung/Manipulator_amr_90_dergee/install/dynamixel_sdk_custom_interfaces/include/dynamixel_sdk_custom_interfaces/dynamixel_sdk_custom_interfaces/msg/set_position.h
[0.354s] -- Up-to-date symlink: /home/dung/Manipulator_amr_90_dergee/install/dynamixel_sdk_custom_interfaces/include/dynamixel_sdk_custom_interfaces/dynamixel_sdk_custom_interfaces/srv/detail/get_position__functions.h
[0.354s] -- Up-to-date symlink: /home/dung/Manipulator_amr_90_dergee/install/dynamixel_sdk_custom_interfaces/include/dynamixel_sdk_custom_interfaces/dynamixel_sdk_custom_interfaces/srv/detail/get_position__struct.h
[0.354s] -- Up-to-date symlink: /home/dung/Manipulator_amr_90_dergee/install/dynamixel_sdk_custom_interfaces/include/dynamixel_sdk_custom_interfaces/dynamixel_sdk_custom_interfaces/srv/detail/get_position__type_support.h
[0.354s] -- Up-to-date symlink: /home/dung/Manipulator_amr_90_dergee/install/dynamixel_sdk_custom_interfaces/include/dynamixel_sdk_custom_interfaces/dynamixel_sdk_custom_interfaces/srv/get_position.h
[0.355s] -- Up-to-date symlink: /home/dung/Manipulator_amr_90_dergee/install/dynamixel_sdk_custom_interfaces/share/dynamixel_sdk_custom_interfaces/environment/library_path.sh
[0.355s] -- Up-to-date symlink: /home/dung/Manipulator_amr_90_dergee/install/dynamixel_sdk_custom_interfaces/share/dynamixel_sdk_custom_interfaces/environment/library_path.dsv
[0.356s] -- Up-to-date symlink: /home/dung/Manipulator_amr_90_dergee/install/dynamixel_sdk_custom_interfaces/include/dynamixel_sdk_custom_interfaces/dynamixel_sdk_custom_interfaces/msg/detail/set_position__rosidl_typesupport_fastrtps_c.h
[0.356s] -- Up-to-date symlink: /home/dung/Manipulator_amr_90_dergee/install/dynamixel_sdk_custom_interfaces/include/dynamixel_sdk_custom_interfaces/dynamixel_sdk_custom_interfaces/msg/rosidl_typesupport_fastrtps_c__visibility_control.h
[0.356s] -- Up-to-date symlink: /home/dung/Manipulator_amr_90_dergee/install/dynamixel_sdk_custom_interfaces/include/dynamixel_sdk_custom_interfaces/dynamixel_sdk_custom_interfaces/srv/detail/get_position__rosidl_typesupport_fastrtps_c.h
[0.357s] -- Up-to-date symlink: /home/dung/Manipulator_amr_90_dergee/install/dynamixel_sdk_custom_interfaces/include/dynamixel_sdk_custom_interfaces/dynamixel_sdk_custom_interfaces/msg/detail/set_position__builder.hpp
[0.357s] -- Up-to-date symlink: /home/dung/Manipulator_amr_90_dergee/install/dynamixel_sdk_custom_interfaces/include/dynamixel_sdk_custom_interfaces/dynamixel_sdk_custom_interfaces/msg/detail/set_position__struct.hpp
[0.357s] -- Up-to-date symlink: /home/dung/Manipulator_amr_90_dergee/install/dynamixel_sdk_custom_interfaces/include/dynamixel_sdk_custom_interfaces/dynamixel_sdk_custom_interfaces/msg/detail/set_position__traits.hpp
[0.357s] -- Up-to-date symlink: /home/dung/Manipulator_amr_90_dergee/install/dynamixel_sdk_custom_interfaces/include/dynamixel_sdk_custom_interfaces/dynamixel_sdk_custom_interfaces/msg/detail/set_position__type_support.hpp
[0.357s] -- Up-to-date symlink: /home/dung/Manipulator_amr_90_dergee/install/dynamixel_sdk_custom_interfaces/include/dynamixel_sdk_custom_interfaces/dynamixel_sdk_custom_interfaces/msg/rosidl_generator_cpp__visibility_control.hpp
[0.357s] -- Up-to-date symlink: /home/dung/Manipulator_amr_90_dergee/install/dynamixel_sdk_custom_interfaces/include/dynamixel_sdk_custom_interfaces/dynamixel_sdk_custom_interfaces/msg/set_position.hpp
[0.357s] -- Up-to-date symlink: /home/dung/Manipulator_amr_90_dergee/install/dynamixel_sdk_custom_interfaces/include/dynamixel_sdk_custom_interfaces/dynamixel_sdk_custom_interfaces/srv/detail/get_position__builder.hpp
[0.358s] -- Up-to-date symlink: /home/dung/Manipulator_amr_90_dergee/install/dynamixel_sdk_custom_interfaces/include/dynamixel_sdk_custom_interfaces/dynamixel_sdk_custom_interfaces/srv/detail/get_position__struct.hpp
[0.358s] -- Up-to-date symlink: /home/dung/Manipulator_amr_90_dergee/install/dynamixel_sdk_custom_interfaces/include/dynamixel_sdk_custom_interfaces/dynamixel_sdk_custom_interfaces/srv/detail/get_position__traits.hpp
[0.358s] -- Up-to-date symlink: /home/dung/Manipulator_amr_90_dergee/install/dynamixel_sdk_custom_interfaces/include/dynamixel_sdk_custom_interfaces/dynamixel_sdk_custom_interfaces/srv/detail/get_position__type_support.hpp
[0.358s] -- Up-to-date symlink: /home/dung/Manipulator_amr_90_dergee/install/dynamixel_sdk_custom_interfaces/include/dynamixel_sdk_custom_interfaces/dynamixel_sdk_custom_interfaces/srv/get_position.hpp
[0.359s] -- Up-to-date symlink: /home/dung/Manipulator_amr_90_dergee/install/dynamixel_sdk_custom_interfaces/include/dynamixel_sdk_custom_interfaces/dynamixel_sdk_custom_interfaces/msg/detail/set_position__rosidl_typesupport_fastrtps_cpp.hpp
[0.359s] -- Up-to-date symlink: /home/dung/Manipulator_amr_90_dergee/install/dynamixel_sdk_custom_interfaces/include/dynamixel_sdk_custom_interfaces/dynamixel_sdk_custom_interfaces/msg/rosidl_typesupport_fastrtps_cpp__visibility_control.h
[0.359s] -- Up-to-date symlink: /home/dung/Manipulator_amr_90_dergee/install/dynamixel_sdk_custom_interfaces/include/dynamixel_sdk_custom_interfaces/dynamixel_sdk_custom_interfaces/srv/detail/get_position__rosidl_typesupport_fastrtps_cpp.hpp
[0.360s] -- Up-to-date symlink: /home/dung/Manipulator_amr_90_dergee/install/dynamixel_sdk_custom_interfaces/include/dynamixel_sdk_custom_interfaces/dynamixel_sdk_custom_interfaces/msg/detail/set_position__rosidl_typesupport_introspection_c.h
[0.360s] -- Up-to-date symlink: /home/dung/Manipulator_amr_90_dergee/install/dynamixel_sdk_custom_interfaces/include/dynamixel_sdk_custom_interfaces/dynamixel_sdk_custom_interfaces/msg/rosidl_typesupport_introspection_c__visibility_control.h
[0.360s] -- Up-to-date symlink: /home/dung/Manipulator_amr_90_dergee/install/dynamixel_sdk_custom_interfaces/include/dynamixel_sdk_custom_interfaces/dynamixel_sdk_custom_interfaces/srv/detail/get_position__rosidl_typesupport_introspection_c.h
[0.360s] -- Up-to-date symlink: /home/dung/Manipulator_amr_90_dergee/install/dynamixel_sdk_custom_interfaces/include/dynamixel_sdk_custom_interfaces/dynamixel_sdk_custom_interfaces/msg/detail/set_position__rosidl_typesupport_introspection_cpp.hpp
[0.360s] -- Up-to-date symlink: /home/dung/Manipulator_amr_90_dergee/install/dynamixel_sdk_custom_interfaces/include/dynamixel_sdk_custom_interfaces/dynamixel_sdk_custom_interfaces/srv/detail/get_position__rosidl_typesupport_introspection_cpp.hpp
[0.360s] -- Up-to-date symlink: /home/dung/Manipulator_amr_90_dergee/install/dynamixel_sdk_custom_interfaces/share/dynamixel_sdk_custom_interfaces/environment/pythonpath.sh
[0.361s] -- Up-to-date symlink: /home/dung/Manipulator_amr_90_dergee/install/dynamixel_sdk_custom_interfaces/share/dynamixel_sdk_custom_interfaces/environment/pythonpath.dsv
[0.361s] -- Up-to-date symlink: /home/dung/Manipulator_amr_90_dergee/install/dynamixel_sdk_custom_interfaces/local/lib/python3.10/dist-packages/dynamixel_sdk_custom_interfaces-4.0.3-py3.10.egg-info/PKG-INFO
[0.361s] -- Up-to-date symlink: /home/dung/Manipulator_amr_90_dergee/install/dynamixel_sdk_custom_interfaces/local/lib/python3.10/dist-packages/dynamixel_sdk_custom_interfaces-4.0.3-py3.10.egg-info/SOURCES.txt
[0.361s] -- Up-to-date symlink: /home/dung/Manipulator_amr_90_dergee/install/dynamixel_sdk_custom_interfaces/local/lib/python3.10/dist-packages/dynamixel_sdk_custom_interfaces-4.0.3-py3.10.egg-info/dependency_links.txt
[0.362s] -- Up-to-date symlink: /home/dung/Manipulator_amr_90_dergee/install/dynamixel_sdk_custom_interfaces/local/lib/python3.10/dist-packages/dynamixel_sdk_custom_interfaces-4.0.3-py3.10.egg-info/top_level.txt
[0.362s] -- Up-to-date symlink: /home/dung/Manipulator_amr_90_dergee/install/dynamixel_sdk_custom_interfaces/local/lib/python3.10/dist-packages/dynamixel_sdk_custom_interfaces/__init__.py
[0.362s] -- Up-to-date symlink: /home/dung/Manipulator_amr_90_dergee/install/dynamixel_sdk_custom_interfaces/local/lib/python3.10/dist-packages/dynamixel_sdk_custom_interfaces/_dynamixel_sdk_custom_interfaces_s.ep.rosidl_typesupport_c.c
[0.362s] -- Up-to-date symlink: /home/dung/Manipulator_amr_90_dergee/install/dynamixel_sdk_custom_interfaces/local/lib/python3.10/dist-packages/dynamixel_sdk_custom_interfaces/_dynamixel_sdk_custom_interfaces_s.ep.rosidl_typesupport_fastrtps_c.c
[0.362s] -- Up-to-date symlink: /home/dung/Manipulator_amr_90_dergee/install/dynamixel_sdk_custom_interfaces/local/lib/python3.10/dist-packages/dynamixel_sdk_custom_interfaces/_dynamixel_sdk_custom_interfaces_s.ep.rosidl_typesupport_introspection_c.c
[0.362s] -- Up-to-date symlink: /home/dung/Manipulator_amr_90_dergee/install/dynamixel_sdk_custom_interfaces/local/lib/python3.10/dist-packages/dynamixel_sdk_custom_interfaces/dynamixel_sdk_custom_interfaces_s__rosidl_typesupport_c.cpython-310-x86_64-linux-gnu.so
[0.363s] -- Up-to-date symlink: /home/dung/Manipulator_amr_90_dergee/install/dynamixel_sdk_custom_interfaces/local/lib/python3.10/dist-packages/dynamixel_sdk_custom_interfaces/dynamixel_sdk_custom_interfaces_s__rosidl_typesupport_fastrtps_c.cpython-310-x86_64-linux-gnu.so
[0.363s] -- Up-to-date symlink: /home/dung/Manipulator_amr_90_dergee/install/dynamixel_sdk_custom_interfaces/local/lib/python3.10/dist-packages/dynamixel_sdk_custom_interfaces/dynamixel_sdk_custom_interfaces_s__rosidl_typesupport_introspection_c.cpython-310-x86_64-linux-gnu.so
[0.363s] -- Up-to-date symlink: /home/dung/Manipulator_amr_90_dergee/install/dynamixel_sdk_custom_interfaces/local/lib/python3.10/dist-packages/dynamixel_sdk_custom_interfaces/libdynamixel_sdk_custom_interfaces__rosidl_generator_py.so
[0.364s] -- Up-to-date symlink: /home/dung/Manipulator_amr_90_dergee/install/dynamixel_sdk_custom_interfaces/local/lib/python3.10/dist-packages/dynamixel_sdk_custom_interfaces/msg/__init__.py
[0.364s] -- Up-to-date symlink: /home/dung/Manipulator_amr_90_dergee/install/dynamixel_sdk_custom_interfaces/local/lib/python3.10/dist-packages/dynamixel_sdk_custom_interfaces/msg/_set_position.py
[0.364s] -- Up-to-date symlink: /home/dung/Manipulator_amr_90_dergee/install/dynamixel_sdk_custom_interfaces/local/lib/python3.10/dist-packages/dynamixel_sdk_custom_interfaces/msg/_set_position_s.c
[0.364s] -- Up-to-date symlink: /home/dung/Manipulator_amr_90_dergee/install/dynamixel_sdk_custom_interfaces/local/lib/python3.10/dist-packages/dynamixel_sdk_custom_interfaces/srv/__init__.py
[0.364s] -- Up-to-date symlink: /home/dung/Manipulator_amr_90_dergee/install/dynamixel_sdk_custom_interfaces/local/lib/python3.10/dist-packages/dynamixel_sdk_custom_interfaces/srv/_get_position.py
[0.364s] -- Up-to-date symlink: /home/dung/Manipulator_amr_90_dergee/install/dynamixel_sdk_custom_interfaces/local/lib/python3.10/dist-packages/dynamixel_sdk_custom_interfaces/srv/_get_position_s.c
[0.365s] -- Up-to-date symlink: /home/dung/Manipulator_amr_90_dergee/install/dynamixel_sdk_custom_interfaces/local/lib/python3.10/dist-packages/dynamixel_sdk_custom_interfaces/dynamixel_sdk_custom_interfaces_s__rosidl_typesupport_fastrtps_c.cpython-310-x86_64-linux-gnu.so
[0.366s] -- Up-to-date symlink: /home/dung/Manipulator_amr_90_dergee/install/dynamixel_sdk_custom_interfaces/local/lib/python3.10/dist-packages/dynamixel_sdk_custom_interfaces/dynamixel_sdk_custom_interfaces_s__rosidl_typesupport_introspection_c.cpython-310-x86_64-linux-gnu.so
[0.366s] -- Up-to-date symlink: /home/dung/Manipulator_amr_90_dergee/install/dynamixel_sdk_custom_interfaces/local/lib/python3.10/dist-packages/dynamixel_sdk_custom_interfaces/dynamixel_sdk_custom_interfaces_s__rosidl_typesupport_c.cpython-310-x86_64-linux-gnu.so
[0.366s] -- Up-to-date symlink: /home/dung/Manipulator_amr_90_dergee/install/dynamixel_sdk_custom_interfaces/share/dynamixel_sdk_custom_interfaces/msg/SetPosition.idl
[0.366s] -- Up-to-date symlink: /home/dung/Manipulator_amr_90_dergee/install/dynamixel_sdk_custom_interfaces/share/dynamixel_sdk_custom_interfaces/srv/GetPosition.idl
[0.366s] -- Up-to-date symlink: /home/dung/Manipulator_amr_90_dergee/install/dynamixel_sdk_custom_interfaces/share/dynamixel_sdk_custom_interfaces/msg/SetPosition.msg
[0.366s] -- Up-to-date symlink: /home/dung/Manipulator_amr_90_dergee/install/dynamixel_sdk_custom_interfaces/share/dynamixel_sdk_custom_interfaces/srv/GetPosition.srv
[0.367s] -- Up-to-date symlink: /home/dung/Manipulator_amr_90_dergee/install/dynamixel_sdk_custom_interfaces/share/dynamixel_sdk_custom_interfaces/srv/GetPosition_Request.msg
[0.367s] -- Up-to-date symlink: /home/dung/Manipulator_amr_90_dergee/install/dynamixel_sdk_custom_interfaces/share/dynamixel_sdk_custom_interfaces/srv/GetPosition_Response.msg
[0.367s] -- Up-to-date symlink: /home/dung/Manipulator_amr_90_dergee/install/dynamixel_sdk_custom_interfaces/share/ament_index/resource_index/package_run_dependencies/dynamixel_sdk_custom_interfaces
[0.367s] -- Up-to-date symlink: /home/dung/Manipulator_amr_90_dergee/install/dynamixel_sdk_custom_interfaces/share/ament_index/resource_index/parent_prefix_path/dynamixel_sdk_custom_interfaces
[0.368s] -- Up-to-date symlink: /home/dung/Manipulator_amr_90_dergee/install/dynamixel_sdk_custom_interfaces/share/dynamixel_sdk_custom_interfaces/environment/ament_prefix_path.sh
[0.368s] -- Up-to-date symlink: /home/dung/Manipulator_amr_90_dergee/install/dynamixel_sdk_custom_interfaces/share/dynamixel_sdk_custom_interfaces/environment/ament_prefix_path.dsv
[0.368s] -- Up-to-date symlink: /home/dung/Manipulator_amr_90_dergee/install/dynamixel_sdk_custom_interfaces/share/dynamixel_sdk_custom_interfaces/environment/path.sh
[0.368s] -- Up-to-date symlink: /home/dung/Manipulator_amr_90_dergee/install/dynamixel_sdk_custom_interfaces/share/dynamixel_sdk_custom_interfaces/environment/path.dsv
[0.368s] -- Up-to-date symlink: /home/dung/Manipulator_amr_90_dergee/install/dynamixel_sdk_custom_interfaces/share/dynamixel_sdk_custom_interfaces/local_setup.bash
[0.368s] -- Up-to-date symlink: /home/dung/Manipulator_amr_90_dergee/install/dynamixel_sdk_custom_interfaces/share/dynamixel_sdk_custom_interfaces/local_setup.sh
[0.368s] -- Up-to-date symlink: /home/dung/Manipulator_amr_90_dergee/install/dynamixel_sdk_custom_interfaces/share/dynamixel_sdk_custom_interfaces/local_setup.zsh
[0.368s] -- Up-to-date symlink: /home/dung/Manipulator_amr_90_dergee/install/dynamixel_sdk_custom_interfaces/share/dynamixel_sdk_custom_interfaces/local_setup.dsv
[0.368s] -- Symlinking: /home/dung/Manipulator_amr_90_dergee/install/dynamixel_sdk_custom_interfaces/share/dynamixel_sdk_custom_interfaces/package.dsv
[0.371s] -- Up-to-date symlink: /home/dung/Manipulator_amr_90_dergee/install/dynamixel_sdk_custom_interfaces/share/ament_index/resource_index/packages/dynamixel_sdk_custom_interfaces
[0.372s] -- Up-to-date symlink: /home/dung/Manipulator_amr_90_dergee/install/dynamixel_sdk_custom_interfaces/share/dynamixel_sdk_custom_interfaces/cmake/rosidl_cmake-extras.cmake
[0.372s] -- Up-to-date symlink: /home/dung/Manipulator_amr_90_dergee/install/dynamixel_sdk_custom_interfaces/share/dynamixel_sdk_custom_interfaces/cmake/ament_cmake_export_dependencies-extras.cmake
[0.372s] -- Up-to-date symlink: /home/dung/Manipulator_amr_90_dergee/install/dynamixel_sdk_custom_interfaces/share/dynamixel_sdk_custom_interfaces/cmake/ament_cmake_export_include_directories-extras.cmake
[0.372s] -- Up-to-date symlink: /home/dung/Manipulator_amr_90_dergee/install/dynamixel_sdk_custom_interfaces/share/dynamixel_sdk_custom_interfaces/cmake/ament_cmake_export_libraries-extras.cmake
[0.372s] -- Up-to-date symlink: /home/dung/Manipulator_amr_90_dergee/install/dynamixel_sdk_custom_interfaces/share/dynamixel_sdk_custom_interfaces/cmake/ament_cmake_export_targets-extras.cmake
[0.372s] -- Up-to-date symlink: /home/dung/Manipulator_amr_90_dergee/install/dynamixel_sdk_custom_interfaces/share/dynamixel_sdk_custom_interfaces/cmake/rosidl_cmake_export_typesupport_targets-extras.cmake
[0.372s] -- Up-to-date symlink: /home/dung/Manipulator_amr_90_dergee/install/dynamixel_sdk_custom_interfaces/share/dynamixel_sdk_custom_interfaces/cmake/rosidl_cmake_export_typesupport_libraries-extras.cmake
[0.373s] -- Up-to-date symlink: /home/dung/Manipulator_amr_90_dergee/install/dynamixel_sdk_custom_interfaces/share/dynamixel_sdk_custom_interfaces/cmake/dynamixel_sdk_custom_interfacesConfig.cmake
[0.373s] -- Up-to-date symlink: /home/dung/Manipulator_amr_90_dergee/install/dynamixel_sdk_custom_interfaces/share/dynamixel_sdk_custom_interfaces/cmake/dynamixel_sdk_custom_interfacesConfig-version.cmake
[0.373s] -- Up-to-date symlink: /home/dung/Manipulator_amr_90_dergee/install/dynamixel_sdk_custom_interfaces/share/dynamixel_sdk_custom_interfaces/package.xml
[0.373s] -- Up-to-date: /home/dung/Manipulator_amr_90_dergee/install/dynamixel_sdk_custom_interfaces/lib/libdynamixel_sdk_custom_interfaces__rosidl_generator_c.so
[0.374s] -- Up-to-date: /home/dung/Manipulator_amr_90_dergee/install/dynamixel_sdk_custom_interfaces/lib/libdynamixel_sdk_custom_interfaces__rosidl_typesupport_fastrtps_c.so
[0.374s] -- Up-to-date: /home/dung/Manipulator_amr_90_dergee/install/dynamixel_sdk_custom_interfaces/lib/libdynamixel_sdk_custom_interfaces__rosidl_typesupport_fastrtps_cpp.so
[0.374s] -- Up-to-date: /home/dung/Manipulator_amr_90_dergee/install/dynamixel_sdk_custom_interfaces/lib/libdynamixel_sdk_custom_interfaces__rosidl_typesupport_introspection_c.so
[0.374s] -- Up-to-date: /home/dung/Manipulator_amr_90_dergee/install/dynamixel_sdk_custom_interfaces/lib/libdynamixel_sdk_custom_interfaces__rosidl_typesupport_c.so
[0.374s] -- Up-to-date: /home/dung/Manipulator_amr_90_dergee/install/dynamixel_sdk_custom_interfaces/lib/libdynamixel_sdk_custom_interfaces__rosidl_typesupport_introspection_cpp.so
[0.374s] -- Up-to-date: /home/dung/Manipulator_amr_90_dergee/install/dynamixel_sdk_custom_interfaces/lib/libdynamixel_sdk_custom_interfaces__rosidl_typesupport_cpp.so
[0.397s] Listing '/home/dung/Manipulator_amr_90_dergee/install/dynamixel_sdk_custom_interfaces/local/lib/python3.10/dist-packages/dynamixel_sdk_custom_interfaces'...
[0.397s] Listing '/home/dung/Manipulator_amr_90_dergee/install/dynamixel_sdk_custom_interfaces/local/lib/python3.10/dist-packages/dynamixel_sdk_custom_interfaces/msg'...
[0.397s] Listing '/home/dung/Manipulator_amr_90_dergee/install/dynamixel_sdk_custom_interfaces/local/lib/python3.10/dist-packages/dynamixel_sdk_custom_interfaces/srv'...
[0.400s] -- Up-to-date: /home/dung/Manipulator_amr_90_dergee/install/dynamixel_sdk_custom_interfaces/lib/libdynamixel_sdk_custom_interfaces__rosidl_generator_py.so
[0.401s] -- Up-to-date: /home/dung/Manipulator_amr_90_dergee/install/dynamixel_sdk_custom_interfaces/share/dynamixel_sdk_custom_interfaces/cmake/export_dynamixel_sdk_custom_interfaces__rosidl_generator_cExport.cmake
[0.401s] -- Up-to-date: /home/dung/Manipulator_amr_90_dergee/install/dynamixel_sdk_custom_interfaces/share/dynamixel_sdk_custom_interfaces/cmake/export_dynamixel_sdk_custom_interfaces__rosidl_generator_cExport-noconfig.cmake
[0.401s] -- Up-to-date: /home/dung/Manipulator_amr_90_dergee/install/dynamixel_sdk_custom_interfaces/share/dynamixel_sdk_custom_interfaces/cmake/export_dynamixel_sdk_custom_interfaces__rosidl_typesupport_fastrtps_cExport.cmake
[0.401s] -- Up-to-date: /home/dung/Manipulator_amr_90_dergee/install/dynamixel_sdk_custom_interfaces/share/dynamixel_sdk_custom_interfaces/cmake/export_dynamixel_sdk_custom_interfaces__rosidl_typesupport_fastrtps_cExport-noconfig.cmake
[0.401s] -- Up-to-date: /home/dung/Manipulator_amr_90_dergee/install/dynamixel_sdk_custom_interfaces/share/dynamixel_sdk_custom_interfaces/cmake/export_dynamixel_sdk_custom_interfaces__rosidl_generator_cppExport.cmake
[0.401s] -- Up-to-date: /home/dung/Manipulator_amr_90_dergee/install/dynamixel_sdk_custom_interfaces/share/dynamixel_sdk_custom_interfaces/cmake/export_dynamixel_sdk_custom_interfaces__rosidl_typesupport_fastrtps_cppExport.cmake
[0.401s] -- Up-to-date: /home/dung/Manipulator_amr_90_dergee/install/dynamixel_sdk_custom_interfaces/share/dynamixel_sdk_custom_interfaces/cmake/export_dynamixel_sdk_custom_interfaces__rosidl_typesupport_fastrtps_cppExport-noconfig.cmake
[0.401s] -- Up-to-date: /home/dung/Manipulator_amr_90_dergee/install/dynamixel_sdk_custom_interfaces/share/dynamixel_sdk_custom_interfaces/cmake/dynamixel_sdk_custom_interfaces__rosidl_typesupport_introspection_cExport.cmake
[0.401s] -- Up-to-date: /home/dung/Manipulator_amr_90_dergee/install/dynamixel_sdk_custom_interfaces/share/dynamixel_sdk_custom_interfaces/cmake/dynamixel_sdk_custom_interfaces__rosidl_typesupport_introspection_cExport-noconfig.cmake
[0.401s] -- Up-to-date: /home/dung/Manipulator_amr_90_dergee/install/dynamixel_sdk_custom_interfaces/share/dynamixel_sdk_custom_interfaces/cmake/dynamixel_sdk_custom_interfaces__rosidl_typesupport_cExport.cmake
[0.401s] -- Up-to-date: /home/dung/Manipulator_amr_90_dergee/install/dynamixel_sdk_custom_interfaces/share/dynamixel_sdk_custom_interfaces/cmake/dynamixel_sdk_custom_interfaces__rosidl_typesupport_cExport-noconfig.cmake
[0.401s] -- Up-to-date: /home/dung/Manipulator_amr_90_dergee/install/dynamixel_sdk_custom_interfaces/share/dynamixel_sdk_custom_interfaces/cmake/dynamixel_sdk_custom_interfaces__rosidl_typesupport_introspection_cppExport.cmake
[0.401s] -- Up-to-date: /home/dung/Manipulator_amr_90_dergee/install/dynamixel_sdk_custom_interfaces/share/dynamixel_sdk_custom_interfaces/cmake/dynamixel_sdk_custom_interfaces__rosidl_typesupport_introspection_cppExport-noconfig.cmake
[0.401s] -- Up-to-date: /home/dung/Manipulator_amr_90_dergee/install/dynamixel_sdk_custom_interfaces/share/dynamixel_sdk_custom_interfaces/cmake/dynamixel_sdk_custom_interfaces__rosidl_typesupport_cppExport.cmake
[0.401s] -- Up-to-date: /home/dung/Manipulator_amr_90_dergee/install/dynamixel_sdk_custom_interfaces/share/dynamixel_sdk_custom_interfaces/cmake/dynamixel_sdk_custom_interfaces__rosidl_typesupport_cppExport-noconfig.cmake
[0.402s] -- Up-to-date: /home/dung/Manipulator_amr_90_dergee/install/dynamixel_sdk_custom_interfaces/share/dynamixel_sdk_custom_interfaces/cmake/export_dynamixel_sdk_custom_interfaces__rosidl_generator_pyExport.cmake
[0.402s] -- Up-to-date: /home/dung/Manipulator_amr_90_dergee/install/dynamixel_sdk_custom_interfaces/share/dynamixel_sdk_custom_interfaces/cmake/export_dynamixel_sdk_custom_interfaces__rosidl_generator_pyExport-noconfig.cmake
[0.404s] Invoked command in '/home/dung/Manipulator_amr_90_dergee/build/dynamixel_sdk_custom_interfaces' returned '0': CMAKE_PREFIX_PATH=${CMAKE_PREFIX_PATH}:/home/dung/install/open_manipulator_x_description:/opt/ros/humble /usr/bin/cmake --install /home/dung/Manipulator_amr_90_dergee/build/dynamixel_sdk_custom_interfaces
