-- The C compiler identification is GNU 11.4.0
-- The CXX compiler identification is GNU 11.4.0
-- Detecting C compiler ABI info
-- Detecting C compiler ABI info - done
-- Check for working C compiler: /usr/bin/cc - skipped
-- Detecting C compile features
-- Detecting C compile features - done
-- Detecting CXX compiler ABI info
-- Detecting CXX compiler ABI info - done
-- Check for working CXX compiler: /usr/bin/c++ - skipped
-- Detecting CXX compile features
-- Detecting CXX compile features - done
-- Found ament_cmake: 1.3.13 (/opt/ros/humble/share/ament_cmake/cmake)
-- Found Python3: /usr/bin/python3 (found version "3.10.12") found components: Interpreter 
-- Override CMake install command with custom implementation using symlinks instead of copying resources
-- Configuring done
-- Generating done
-- Build files have been written to: /home/dung/Manipulator_amr_90_dergee/build/open_manipulator_x_bringup
-- Install configuration: ""
-- Execute custom install script
-- Symlinking: /home/dung/Manipulator_amr_90_dergee/install/open_manipulator_x_bringup/share/open_manipulator_x_bringup/launch/base.launch.py
-- Symlinking: /home/dung/Manipulator_amr_90_dergee/install/open_manipulator_x_bringup/share/open_manipulator_x_bringup/launch/fake.launch.py
-- Symlinking: /home/dung/Manipulator_amr_90_dergee/install/open_manipulator_x_bringup/share/open_manipulator_x_bringup/launch/gazebo.launch.py
-- Symlinking: /home/dung/Manipulator_amr_90_dergee/install/open_manipulator_x_bringup/share/open_manipulator_x_bringup/launch/hardware.launch.py
-- Symlinking: /home/dung/Manipulator_amr_90_dergee/install/open_manipulator_x_bringup/share/open_manipulator_x_bringup/config/gazebo_controller_manager.yaml
-- Symlinking: /home/dung/Manipulator_amr_90_dergee/install/open_manipulator_x_bringup/share/open_manipulator_x_bringup/config/hardware_controller_manager.yaml
-- Symlinking: /home/dung/Manipulator_amr_90_dergee/install/open_manipulator_x_bringup/share/open_manipulator_x_bringup/rviz/open_manipulator_x.rviz
-- Symlinking: /home/dung/Manipulator_amr_90_dergee/install/open_manipulator_x_bringup/share/open_manipulator_x_bringup/99-open-manipulator-cdc.rules
-- Symlinking: /home/dung/Manipulator_amr_90_dergee/install/open_manipulator_x_bringup/lib/open_manipulator_x_bringup/create_udev_rules
-- Symlinking: /home/dung/Manipulator_amr_90_dergee/install/open_manipulator_x_bringup/share/ament_index/resource_index/package_run_dependencies/open_manipulator_x_bringup
-- Symlinking: /home/dung/Manipulator_amr_90_dergee/install/open_manipulator_x_bringup/share/ament_index/resource_index/parent_prefix_path/open_manipulator_x_bringup
-- Symlinking: /home/dung/Manipulator_amr_90_dergee/install/open_manipulator_x_bringup/share/open_manipulator_x_bringup/environment/ament_prefix_path.sh
-- Symlinking: /home/dung/Manipulator_amr_90_dergee/install/open_manipulator_x_bringup/share/open_manipulator_x_bringup/environment/ament_prefix_path.dsv
-- Symlinking: /home/dung/Manipulator_amr_90_dergee/install/open_manipulator_x_bringup/share/open_manipulator_x_bringup/environment/path.sh
-- Symlinking: /home/dung/Manipulator_amr_90_dergee/install/open_manipulator_x_bringup/share/open_manipulator_x_bringup/environment/path.dsv
-- Symlinking: /home/dung/Manipulator_amr_90_dergee/install/open_manipulator_x_bringup/share/open_manipulator_x_bringup/local_setup.bash
-- Symlinking: /home/dung/Manipulator_amr_90_dergee/install/open_manipulator_x_bringup/share/open_manipulator_x_bringup/local_setup.sh
-- Symlinking: /home/dung/Manipulator_amr_90_dergee/install/open_manipulator_x_bringup/share/open_manipulator_x_bringup/local_setup.zsh
-- Symlinking: /home/dung/Manipulator_amr_90_dergee/install/open_manipulator_x_bringup/share/open_manipulator_x_bringup/local_setup.dsv
-- Symlinking: /home/dung/Manipulator_amr_90_dergee/install/open_manipulator_x_bringup/share/open_manipulator_x_bringup/package.dsv
-- Symlinking: /home/dung/Manipulator_amr_90_dergee/install/open_manipulator_x_bringup/share/ament_index/resource_index/packages/open_manipulator_x_bringup
-- Symlinking: /home/dung/Manipulator_amr_90_dergee/install/open_manipulator_x_bringup/share/open_manipulator_x_bringup/cmake/open_manipulator_x_bringupConfig.cmake
-- Symlinking: /home/dung/Manipulator_amr_90_dergee/install/open_manipulator_x_bringup/share/open_manipulator_x_bringup/cmake/open_manipulator_x_bringupConfig-version.cmake
-- Symlinking: /home/dung/Manipulator_amr_90_dergee/install/open_manipulator_x_bringup/share/open_manipulator_x_bringup/package.xml
